{"C:\\Users\\Δημήτρης Κοκκινάκος\\Documents\\Emergenshit-backend\\app.js": {"path":"C:\\Users\\Δημήτρης Κοκκινάκος\\Documents\\Emergenshit-backend\\app.js","statementMap":{"0":{"start":{"line":1,"column":16},"end":{"line":1,"column":34}},"1":{"start":{"line":2,"column":15},"end":{"line":2,"column":32}},"2":{"start":{"line":3,"column":13},"end":{"line":3,"column":28}},"3":{"start":{"line":4,"column":21},"end":{"line":4,"column":57}},"4":{"start":{"line":12,"column":12},"end":{"line":12,"column":21}},"5":{"start":{"line":14,"column":0},"end":{"line":14,"column":16}},"6":{"start":{"line":15,"column":0},"end":{"line":15,"column":24}},"7":{"start":{"line":16,"column":0},"end":{"line":16,"column":23}},"8":{"start":{"line":18,"column":0},"end":{"line":18,"column":47}},"9":{"start":{"line":19,"column":0},"end":{"line":19,"column":53}},"10":{"start":{"line":20,"column":0},"end":{"line":20,"column":53}},"11":{"start":{"line":21,"column":0},"end":{"line":21,"column":51}},"12":{"start":{"line":22,"column":0},"end":{"line":22,"column":49}},"13":{"start":{"line":24,"column":0},"end":{"line":24,"column":22}},"14":{"start":{"line":26,"column":0},"end":{"line":26,"column":21}}},"fnMap":{},"branchMap":{},"s":{"0":5,"1":5,"2":5,"3":5,"4":5,"5":5,"6":5,"7":5,"8":5,"9":5,"10":5,"11":5,"12":5,"13":5,"14":5},"f":{},"b":{},"_coverageSchema":"1a1c01bbd47fc00a2c39e90264f33305004495a9","hash":"1a5db5936b8fd6e8b4938775187b2dfc539939f6"}
,"C:\\Users\\Δημήτρης Κοκκινάκος\\Documents\\Emergenshit-backend\\controllers\\authController.js": {"path":"C:\\Users\\Δημήτρης Κοκκινάκος\\Documents\\Emergenshit-backend\\controllers\\authController.js","statementMap":{"0":{"start":{"line":2,"column":15},"end":{"line":2,"column":34}},"1":{"start":{"line":3,"column":12},"end":{"line":3,"column":35}},"2":{"start":{"line":4,"column":21},"end":{"line":4,"column":36}},"3":{"start":{"line":5,"column":13},"end":{"line":5,"column":38}},"4":{"start":{"line":9,"column":18},"end":{"line":15,"column":1}},"5":{"start":{"line":10,"column":2},"end":{"line":14,"column":4}},"6":{"start":{"line":19,"column":2},"end":{"line":21,"column":3}},"7":{"start":{"line":20,"column":4},"end":{"line":20,"column":43}},"8":{"start":{"line":22,"column":2},"end":{"line":22,"column":18}},"9":{"start":{"line":25,"column":0},"end":{"line":77,"column":2}},"10":{"start":{"line":26,"column":2},"end":{"line":76,"column":3}},"11":{"start":{"line":27,"column":38},"end":{"line":27,"column":46}},"12":{"start":{"line":28,"column":4},"end":{"line":30,"column":5}},"13":{"start":{"line":29,"column":6},"end":{"line":29,"column":93}},"14":{"start":{"line":32,"column":27},"end":{"line":32,"column":53}},"15":{"start":{"line":34,"column":4},"end":{"line":49,"column":5}},"16":{"start":{"line":35,"column":21},"end":{"line":35,"column":50}},"17":{"start":{"line":36,"column":6},"end":{"line":36,"column":89}},"18":{"start":{"line":36,"column":18},"end":{"line":36,"column":89}},"19":{"start":{"line":38,"column":19},"end":{"line":44,"column":8}},"20":{"start":{"line":46,"column":20},"end":{"line":46,"column":35}},"21":{"start":{"line":48,"column":6},"end":{"line":48,"column":65}},"22":{"start":{"line":52,"column":17},"end":{"line":52,"column":28}},"23":{"start":{"line":53,"column":4},"end":{"line":53,"column":110}},"24":{"start":{"line":53,"column":30},"end":{"line":53,"column":110}},"25":{"start":{"line":55,"column":18},"end":{"line":55,"column":57}},"26":{"start":{"line":55,"column":39},"end":{"line":55,"column":56}},"27":{"start":{"line":56,"column":4},"end":{"line":56,"column":86}},"28":{"start":{"line":56,"column":15},"end":{"line":56,"column":86}},"29":{"start":{"line":58,"column":17},"end":{"line":67,"column":5}},"30":{"start":{"line":69,"column":4},"end":{"line":69,"column":26}},"31":{"start":{"line":70,"column":18},"end":{"line":70,"column":33}},"32":{"start":{"line":72,"column":4},"end":{"line":72,"column":63}},"33":{"start":{"line":75,"column":4},"end":{"line":75,"column":14}},"34":{"start":{"line":79,"column":0},"end":{"line":114,"column":2}},"35":{"start":{"line":80,"column":2},"end":{"line":113,"column":3}},"36":{"start":{"line":81,"column":32},"end":{"line":81,"column":40}},"37":{"start":{"line":82,"column":4},"end":{"line":83,"column":88}},"38":{"start":{"line":83,"column":6},"end":{"line":83,"column":88}},"39":{"start":{"line":85,"column":4},"end":{"line":95,"column":5}},"40":{"start":{"line":86,"column":19},"end":{"line":86,"column":48}},"41":{"start":{"line":87,"column":6},"end":{"line":87,"column":95}},"42":{"start":{"line":87,"column":17},"end":{"line":87,"column":95}},"43":{"start":{"line":89,"column":17},"end":{"line":89,"column":66}},"44":{"start":{"line":90,"column":6},"end":{"line":90,"column":93}},"45":{"start":{"line":90,"column":15},"end":{"line":90,"column":93}},"46":{"start":{"line":92,"column":20},"end":{"line":92,"column":35}},"47":{"start":{"line":94,"column":6},"end":{"line":94,"column":65}},"48":{"start":{"line":98,"column":17},"end":{"line":98,"column":28}},"49":{"start":{"line":99,"column":4},"end":{"line":99,"column":110}},"50":{"start":{"line":99,"column":30},"end":{"line":99,"column":110}},"51":{"start":{"line":101,"column":17},"end":{"line":101,"column":56}},"52":{"start":{"line":101,"column":38},"end":{"line":101,"column":55}},"53":{"start":{"line":102,"column":4},"end":{"line":102,"column":93}},"54":{"start":{"line":102,"column":15},"end":{"line":102,"column":93}},"55":{"start":{"line":104,"column":15},"end":{"line":104,"column":64}},"56":{"start":{"line":105,"column":4},"end":{"line":105,"column":91}},"57":{"start":{"line":105,"column":13},"end":{"line":105,"column":91}},"58":{"start":{"line":107,"column":18},"end":{"line":107,"column":33}},"59":{"start":{"line":109,"column":4},"end":{"line":109,"column":63}},"60":{"start":{"line":112,"column":4},"end":{"line":112,"column":14}}},"fnMap":{"0":{"name":"(anonymous_0)","decl":{"start":{"line":9,"column":18},"end":{"line":9,"column":19}},"loc":{"start":{"line":9,"column":28},"end":{"line":15,"column":1}},"line":9},"1":{"name":"ensureHash","decl":{"start":{"line":18,"column":15},"end":{"line":18,"column":25}},"loc":{"start":{"line":18,"column":36},"end":{"line":23,"column":1}},"line":18},"2":{"name":"(anonymous_2)","decl":{"start":{"line":25,"column":19},"end":{"line":25,"column":20}},"loc":{"start":{"line":25,"column":45},"end":{"line":77,"column":1}},"line":25},"3":{"name":"(anonymous_3)","decl":{"start":{"line":55,"column":34},"end":{"line":55,"column":35}},"loc":{"start":{"line":55,"column":39},"end":{"line":55,"column":56}},"line":55},"4":{"name":"(anonymous_4)","decl":{"start":{"line":79,"column":16},"end":{"line":79,"column":17}},"loc":{"start":{"line":79,"column":42},"end":{"line":114,"column":1}},"line":79},"5":{"name":"(anonymous_5)","decl":{"start":{"line":101,"column":33},"end":{"line":101,"column":34}},"loc":{"start":{"line":101,"column":38},"end":{"line":101,"column":55}},"line":101}},"branchMap":{"0":{"loc":{"start":{"line":12,"column":4},"end":{"line":12,"column":42}},"type":"binary-expr","locations":[{"start":{"line":12,"column":4},"end":{"line":12,"column":26}},{"start":{"line":12,"column":30},"end":{"line":12,"column":42}}],"line":12},"1":{"loc":{"start":{"line":13,"column":17},"end":{"line":13,"column":51}},"type":"binary-expr","locations":[{"start":{"line":13,"column":17},"end":{"line":13,"column":43}},{"start":{"line":13,"column":47},"end":{"line":13,"column":51}}],"line":13},"2":{"loc":{"start":{"line":19,"column":2},"end":{"line":21,"column":3}},"type":"if","locations":[{"start":{"line":19,"column":2},"end":{"line":21,"column":3}},{"start":{},"end":{}}],"line":19},"3":{"loc":{"start":{"line":28,"column":4},"end":{"line":30,"column":5}},"type":"if","locations":[{"start":{"line":28,"column":4},"end":{"line":30,"column":5}},{"start":{},"end":{}}],"line":28},"4":{"loc":{"start":{"line":28,"column":8},"end":{"line":28,"column":36}},"type":"binary-expr","locations":[{"start":{"line":28,"column":8},"end":{"line":28,"column":13}},{"start":{"line":28,"column":17},"end":{"line":28,"column":23}},{"start":{"line":28,"column":27},"end":{"line":28,"column":36}}],"line":28},"5":{"loc":{"start":{"line":34,"column":4},"end":{"line":49,"column":5}},"type":"if","locations":[{"start":{"line":34,"column":4},"end":{"line":49,"column":5}},{"start":{},"end":{}}],"line":34},"6":{"loc":{"start":{"line":36,"column":6},"end":{"line":36,"column":89}},"type":"if","locations":[{"start":{"line":36,"column":6},"end":{"line":36,"column":89}},{"start":{},"end":{}}],"line":36},"7":{"loc":{"start":{"line":53,"column":4},"end":{"line":53,"column":110}},"type":"if","locations":[{"start":{"line":53,"column":4},"end":{"line":53,"column":110}},{"start":{},"end":{}}],"line":53},"8":{"loc":{"start":{"line":53,"column":8},"end":{"line":53,"column":28}},"type":"binary-expr","locations":[{"start":{"line":53,"column":8},"end":{"line":53,"column":13}},{"start":{"line":53,"column":17},"end":{"line":53,"column":28}}],"line":53},"9":{"loc":{"start":{"line":56,"column":4},"end":{"line":56,"column":86}},"type":"if","locations":[{"start":{"line":56,"column":4},"end":{"line":56,"column":86}},{"start":{},"end":{}}],"line":56},"10":{"loc":{"start":{"line":82,"column":4},"end":{"line":83,"column":88}},"type":"if","locations":[{"start":{"line":82,"column":4},"end":{"line":83,"column":88}},{"start":{},"end":{}}],"line":82},"11":{"loc":{"start":{"line":82,"column":8},"end":{"line":82,"column":27}},"type":"binary-expr","locations":[{"start":{"line":82,"column":8},"end":{"line":82,"column":14}},{"start":{"line":82,"column":18},"end":{"line":82,"column":27}}],"line":82},"12":{"loc":{"start":{"line":85,"column":4},"end":{"line":95,"column":5}},"type":"if","locations":[{"start":{"line":85,"column":4},"end":{"line":95,"column":5}},{"start":{},"end":{}}],"line":85},"13":{"loc":{"start":{"line":87,"column":6},"end":{"line":87,"column":95}},"type":"if","locations":[{"start":{"line":87,"column":6},"end":{"line":87,"column":95}},{"start":{},"end":{}}],"line":87},"14":{"loc":{"start":{"line":90,"column":6},"end":{"line":90,"column":93}},"type":"if","locations":[{"start":{"line":90,"column":6},"end":{"line":90,"column":93}},{"start":{},"end":{}}],"line":90},"15":{"loc":{"start":{"line":99,"column":4},"end":{"line":99,"column":110}},"type":"if","locations":[{"start":{"line":99,"column":4},"end":{"line":99,"column":110}},{"start":{},"end":{}}],"line":99},"16":{"loc":{"start":{"line":99,"column":8},"end":{"line":99,"column":28}},"type":"binary-expr","locations":[{"start":{"line":99,"column":8},"end":{"line":99,"column":13}},{"start":{"line":99,"column":17},"end":{"line":99,"column":28}}],"line":99},"17":{"loc":{"start":{"line":102,"column":4},"end":{"line":102,"column":93}},"type":"if","locations":[{"start":{"line":102,"column":4},"end":{"line":102,"column":93}},{"start":{},"end":{}}],"line":102},"18":{"loc":{"start":{"line":105,"column":4},"end":{"line":105,"column":91}},"type":"if","locations":[{"start":{"line":105,"column":4},"end":{"line":105,"column":91}},{"start":{},"end":{}}],"line":105}},"s":{"0":5,"1":5,"2":5,"3":5,"4":5,"5":19,"6":11,"7":11,"8":0,"9":5,"10":12,"11":12,"12":12,"13":1,"14":11,"15":11,"16":9,"17":9,"18":1,"19":8,"20":7,"21":7,"22":2,"23":2,"24":0,"25":2,"26":2,"27":2,"28":1,"29":1,"30":1,"31":1,"32":1,"33":1,"34":5,"35":17,"36":17,"37":17,"38":1,"39":16,"40":12,"41":11,"42":0,"43":11,"44":11,"45":1,"46":10,"47":10,"48":4,"49":4,"50":1,"51":3,"52":4,"53":3,"54":1,"55":2,"56":2,"57":1,"58":1,"59":1,"60":1},"f":{"0":19,"1":11,"2":12,"3":2,"4":17,"5":4},"b":{"0":[19,19],"1":[19,19],"2":[11,0],"3":[1,11],"4":[12,11,11],"5":[9,2],"6":[1,8],"7":[0,2],"8":[2,2],"9":[1,1],"10":[1,16],"11":[17,17],"12":[12,4],"13":[0,11],"14":[1,10],"15":[1,3],"16":[4,4],"17":[1,2],"18":[1,1]},"_coverageSchema":"1a1c01bbd47fc00a2c39e90264f33305004495a9","hash":"7190059eb869a0718239f90d56099321bb1887ef"}
,"C:\\Users\\Δημήτρης Κοκκινάκος\\Documents\\Emergenshit-backend\\controllers\\reviewsController.js": {"path":"C:\\Users\\Δημήτρης Κοκκινάκος\\Documents\\Emergenshit-backend\\controllers\\reviewsController.js","statementMap":{"0":{"start":{"line":2,"column":21},"end":{"line":2,"column":36}},"1":{"start":{"line":3,"column":15},"end":{"line":3,"column":42}},"2":{"start":{"line":4,"column":15},"end":{"line":4,"column":42}},"3":{"start":{"line":13,"column":33},"end":{"line":56,"column":1}},"4":{"start":{"line":14,"column":4},"end":{"line":55,"column":5}},"5":{"start":{"line":15,"column":22},"end":{"line":26,"column":10}},"6":{"start":{"line":28,"column":8},"end":{"line":52,"column":9}},"7":{"start":{"line":29,"column":22},"end":{"line":29,"column":30}},"8":{"start":{"line":31,"column":12},"end":{"line":42,"column":14}},"9":{"start":{"line":45,"column":12},"end":{"line":51,"column":14}},"10":{"start":{"line":54,"column":8},"end":{"line":54,"column":68}},"11":{"start":{"line":64,"column":34},"end":{"line":96,"column":1}},"12":{"start":{"line":66,"column":15},"end":{"line":66,"column":26}},"13":{"start":{"line":67,"column":2},"end":{"line":67,"column":54}},"14":{"start":{"line":67,"column":47},"end":{"line":67,"column":54}},"15":{"start":{"line":69,"column":17},"end":{"line":69,"column":64}},"16":{"start":{"line":69,"column":40},"end":{"line":69,"column":63}},"17":{"start":{"line":70,"column":2},"end":{"line":70,"column":22}},"18":{"start":{"line":70,"column":15},"end":{"line":70,"column":22}},"19":{"start":{"line":71,"column":18},"end":{"line":71,"column":83}},"20":{"start":{"line":71,"column":43},"end":{"line":71,"column":82}},"21":{"start":{"line":72,"column":2},"end":{"line":80,"column":3}},"22":{"start":{"line":73,"column":4},"end":{"line":73,"column":29}},"23":{"start":{"line":74,"column":4},"end":{"line":74,"column":33}},"24":{"start":{"line":75,"column":4},"end":{"line":75,"column":28}},"25":{"start":{"line":76,"column":4},"end":{"line":76,"column":34}},"26":{"start":{"line":77,"column":4},"end":{"line":77,"column":31}},"27":{"start":{"line":78,"column":4},"end":{"line":78,"column":27}},"28":{"start":{"line":79,"column":4},"end":{"line":79,"column":11}},"29":{"start":{"line":81,"column":14},"end":{"line":81,"column":81}},"30":{"start":{"line":82,"column":2},"end":{"line":88,"column":5}},"31":{"start":{"line":83,"column":4},"end":{"line":83,"column":50}},"32":{"start":{"line":84,"column":4},"end":{"line":84,"column":40}},"33":{"start":{"line":85,"column":4},"end":{"line":85,"column":52}},"34":{"start":{"line":86,"column":4},"end":{"line":86,"column":46}},"35":{"start":{"line":87,"column":4},"end":{"line":87,"column":42}},"36":{"start":{"line":89,"column":2},"end":{"line":89,"column":76}},"37":{"start":{"line":90,"column":2},"end":{"line":90,"column":66}},"38":{"start":{"line":91,"column":2},"end":{"line":91,"column":78}},"39":{"start":{"line":92,"column":2},"end":{"line":92,"column":72}},"40":{"start":{"line":93,"column":2},"end":{"line":93,"column":68}},"41":{"start":{"line":94,"column":2},"end":{"line":94,"column":38}},"42":{"start":{"line":95,"column":2},"end":{"line":95,"column":46}},"43":{"start":{"line":101,"column":0},"end":{"line":149,"column":2}},"44":{"start":{"line":102,"column":2},"end":{"line":148,"column":30}},"45":{"start":{"line":103,"column":127},"end":{"line":103,"column":135}},"46":{"start":{"line":104,"column":4},"end":{"line":104,"column":138}},"47":{"start":{"line":104,"column":44},"end":{"line":104,"column":138}},"48":{"start":{"line":107,"column":4},"end":{"line":118,"column":5}},"49":{"start":{"line":108,"column":23},"end":{"line":108,"column":100}},"50":{"start":{"line":109,"column":6},"end":{"line":109,"column":113}},"51":{"start":{"line":109,"column":20},"end":{"line":109,"column":113}},"52":{"start":{"line":112,"column":21},"end":{"line":112,"column":199}},"53":{"start":{"line":115,"column":6},"end":{"line":115,"column":47}},"54":{"start":{"line":117,"column":6},"end":{"line":117,"column":66}},"55":{"start":{"line":121,"column":17},"end":{"line":121,"column":28}},"56":{"start":{"line":122,"column":4},"end":{"line":122,"column":112}},"57":{"start":{"line":122,"column":32},"end":{"line":122,"column":112}},"58":{"start":{"line":124,"column":21},"end":{"line":124,"column":116}},"59":{"start":{"line":124,"column":44},"end":{"line":124,"column":115}},"60":{"start":{"line":125,"column":4},"end":{"line":125,"column":111}},"61":{"start":{"line":125,"column":18},"end":{"line":125,"column":111}},"62":{"start":{"line":127,"column":19},"end":{"line":144,"column":5}},"63":{"start":{"line":145,"column":4},"end":{"line":145,"column":30}},"64":{"start":{"line":146,"column":4},"end":{"line":146,"column":40}},"65":{"start":{"line":147,"column":4},"end":{"line":147,"column":57}},"66":{"start":{"line":148,"column":18},"end":{"line":148,"column":28}},"67":{"start":{"line":151,"column":0},"end":{"line":167,"column":2}},"68":{"start":{"line":152,"column":2},"end":{"line":166,"column":30}},"69":{"start":{"line":153,"column":21},"end":{"line":153,"column":40}},"70":{"start":{"line":154,"column":4},"end":{"line":158,"column":5}},"71":{"start":{"line":156,"column":22},"end":{"line":156,"column":82}},"72":{"start":{"line":157,"column":6},"end":{"line":157,"column":55}},"73":{"start":{"line":161,"column":17},"end":{"line":161,"column":28}},"74":{"start":{"line":162,"column":4},"end":{"line":162,"column":112}},"75":{"start":{"line":162,"column":32},"end":{"line":162,"column":112}},"76":{"start":{"line":164,"column":17},"end":{"line":164,"column":82}},"77":{"start":{"line":164,"column":42},"end":{"line":164,"column":81}},"78":{"start":{"line":165,"column":4},"end":{"line":165,"column":43}},"79":{"start":{"line":166,"column":18},"end":{"line":166,"column":28}},"80":{"start":{"line":169,"column":0},"end":{"line":200,"column":2}},"81":{"start":{"line":170,"column":2},"end":{"line":199,"column":30}},"82":{"start":{"line":171,"column":15},"end":{"line":171,"column":28}},"83":{"start":{"line":172,"column":20},"end":{"line":172,"column":28}},"84":{"start":{"line":173,"column":4},"end":{"line":186,"column":5}},"85":{"start":{"line":174,"column":21},"end":{"line":174,"column":59}},"86":{"start":{"line":175,"column":6},"end":{"line":175,"column":87}},"87":{"start":{"line":175,"column":19},"end":{"line":175,"column":87}},"88":{"start":{"line":176,"column":6},"end":{"line":176,"column":142}},"89":{"start":{"line":176,"column":74},"end":{"line":176,"column":142}},"90":{"start":{"line":179,"column":6},"end":{"line":179,"column":64}},"91":{"start":{"line":180,"column":6},"end":{"line":180,"column":26}},"92":{"start":{"line":183,"column":6},"end":{"line":183,"column":54}},"93":{"start":{"line":185,"column":6},"end":{"line":185,"column":54}},"94":{"start":{"line":189,"column":17},"end":{"line":189,"column":28}},"95":{"start":{"line":190,"column":4},"end":{"line":190,"column":112}},"96":{"start":{"line":190,"column":32},"end":{"line":190,"column":112}},"97":{"start":{"line":192,"column":16},"end":{"line":192,"column":62}},"98":{"start":{"line":192,"column":44},"end":{"line":192,"column":61}},"99":{"start":{"line":193,"column":4},"end":{"line":193,"column":88}},"100":{"start":{"line":193,"column":20},"end":{"line":193,"column":88}},"101":{"start":{"line":194,"column":19},"end":{"line":194,"column":36}},"102":{"start":{"line":195,"column":4},"end":{"line":195,"column":140}},"103":{"start":{"line":195,"column":72},"end":{"line":195,"column":140}},"104":{"start":{"line":196,"column":4},"end":{"line":196,"column":87}},"105":{"start":{"line":197,"column":4},"end":{"line":197,"column":58}},"106":{"start":{"line":198,"column":4},"end":{"line":198,"column":56}},"107":{"start":{"line":199,"column":18},"end":{"line":199,"column":28}},"108":{"start":{"line":202,"column":0},"end":{"line":232,"column":2}},"109":{"start":{"line":203,"column":2},"end":{"line":231,"column":30}},"110":{"start":{"line":204,"column":15},"end":{"line":204,"column":28}},"111":{"start":{"line":205,"column":4},"end":{"line":218,"column":5}},"112":{"start":{"line":206,"column":21},"end":{"line":206,"column":59}},"113":{"start":{"line":207,"column":6},"end":{"line":207,"column":87}},"114":{"start":{"line":207,"column":19},"end":{"line":207,"column":87}},"115":{"start":{"line":208,"column":6},"end":{"line":208,"column":142}},"116":{"start":{"line":208,"column":74},"end":{"line":208,"column":142}},"117":{"start":{"line":211,"column":6},"end":{"line":211,"column":30}},"118":{"start":{"line":212,"column":6},"end":{"line":212,"column":26}},"119":{"start":{"line":215,"column":6},"end":{"line":215,"column":54}},"120":{"start":{"line":217,"column":6},"end":{"line":217,"column":59}},"121":{"start":{"line":221,"column":17},"end":{"line":221,"column":28}},"122":{"start":{"line":222,"column":4},"end":{"line":222,"column":112}},"123":{"start":{"line":222,"column":32},"end":{"line":222,"column":112}},"124":{"start":{"line":224,"column":16},"end":{"line":224,"column":62}},"125":{"start":{"line":224,"column":44},"end":{"line":224,"column":61}},"126":{"start":{"line":225,"column":4},"end":{"line":225,"column":88}},"127":{"start":{"line":225,"column":20},"end":{"line":225,"column":88}},"128":{"start":{"line":226,"column":19},"end":{"line":226,"column":36}},"129":{"start":{"line":227,"column":4},"end":{"line":227,"column":140}},"130":{"start":{"line":227,"column":72},"end":{"line":227,"column":140}},"131":{"start":{"line":228,"column":4},"end":{"line":228,"column":39}},"132":{"start":{"line":229,"column":4},"end":{"line":229,"column":58}},"133":{"start":{"line":230,"column":4},"end":{"line":230,"column":50}},"134":{"start":{"line":231,"column":18},"end":{"line":231,"column":28}},"135":{"start":{"line":236,"column":0},"end":{"line":287,"column":2}},"136":{"start":{"line":237,"column":2},"end":{"line":286,"column":30}},"137":{"start":{"line":238,"column":21},"end":{"line":238,"column":34}},"138":{"start":{"line":239,"column":19},"end":{"line":239,"column":34}},"139":{"start":{"line":241,"column":4},"end":{"line":262,"column":5}},"140":{"start":{"line":242,"column":18},"end":{"line":242,"column":70}},"141":{"start":{"line":243,"column":6},"end":{"line":243,"column":86}},"142":{"start":{"line":243,"column":16},"end":{"line":243,"column":86}},"143":{"start":{"line":246,"column":6},"end":{"line":246,"column":38}},"144":{"start":{"line":247,"column":6},"end":{"line":247,"column":44}},"145":{"start":{"line":250,"column":6},"end":{"line":250,"column":64}},"146":{"start":{"line":250,"column":50},"end":{"line":250,"column":62}},"147":{"start":{"line":253,"column":6},"end":{"line":255,"column":7}},"148":{"start":{"line":254,"column":8},"end":{"line":254,"column":33}},"149":{"start":{"line":257,"column":6},"end":{"line":257,"column":37}},"150":{"start":{"line":258,"column":6},"end":{"line":258,"column":43}},"151":{"start":{"line":260,"column":6},"end":{"line":260,"column":23}},"152":{"start":{"line":261,"column":6},"end":{"line":261,"column":52}},"153":{"start":{"line":265,"column":17},"end":{"line":265,"column":28}},"154":{"start":{"line":266,"column":4},"end":{"line":266,"column":112}},"155":{"start":{"line":266,"column":32},"end":{"line":266,"column":112}},"156":{"start":{"line":268,"column":16},"end":{"line":268,"column":79}},"157":{"start":{"line":268,"column":39},"end":{"line":268,"column":78}},"158":{"start":{"line":269,"column":4},"end":{"line":269,"column":82}},"159":{"start":{"line":269,"column":14},"end":{"line":269,"column":82}},"160":{"start":{"line":271,"column":4},"end":{"line":271,"column":36}},"161":{"start":{"line":272,"column":4},"end":{"line":272,"column":42}},"162":{"start":{"line":274,"column":4},"end":{"line":274,"column":62}},"163":{"start":{"line":274,"column":48},"end":{"line":274,"column":60}},"164":{"start":{"line":276,"column":4},"end":{"line":278,"column":5}},"165":{"start":{"line":277,"column":6},"end":{"line":277,"column":31}},"166":{"start":{"line":280,"column":4},"end":{"line":280,"column":35}},"167":{"start":{"line":281,"column":4},"end":{"line":281,"column":41}},"168":{"start":{"line":282,"column":4},"end":{"line":282,"column":45}},"169":{"start":{"line":284,"column":4},"end":{"line":284,"column":49}},"170":{"start":{"line":286,"column":18},"end":{"line":286,"column":28}},"171":{"start":{"line":290,"column":0},"end":{"line":340,"column":2}},"172":{"start":{"line":291,"column":2},"end":{"line":339,"column":30}},"173":{"start":{"line":292,"column":21},"end":{"line":292,"column":34}},"174":{"start":{"line":293,"column":19},"end":{"line":293,"column":34}},"175":{"start":{"line":295,"column":4},"end":{"line":315,"column":5}},"176":{"start":{"line":296,"column":18},"end":{"line":296,"column":70}},"177":{"start":{"line":297,"column":6},"end":{"line":297,"column":86}},"178":{"start":{"line":297,"column":16},"end":{"line":297,"column":86}},"179":{"start":{"line":299,"column":6},"end":{"line":299,"column":38}},"180":{"start":{"line":300,"column":6},"end":{"line":300,"column":44}},"181":{"start":{"line":303,"column":6},"end":{"line":303,"column":58}},"182":{"start":{"line":303,"column":44},"end":{"line":303,"column":56}},"183":{"start":{"line":306,"column":6},"end":{"line":308,"column":7}},"184":{"start":{"line":307,"column":8},"end":{"line":307,"column":36}},"185":{"start":{"line":310,"column":6},"end":{"line":310,"column":37}},"186":{"start":{"line":311,"column":6},"end":{"line":311,"column":43}},"187":{"start":{"line":313,"column":6},"end":{"line":313,"column":23}},"188":{"start":{"line":314,"column":6},"end":{"line":314,"column":52}},"189":{"start":{"line":318,"column":17},"end":{"line":318,"column":28}},"190":{"start":{"line":319,"column":4},"end":{"line":319,"column":112}},"191":{"start":{"line":319,"column":32},"end":{"line":319,"column":112}},"192":{"start":{"line":321,"column":16},"end":{"line":321,"column":79}},"193":{"start":{"line":321,"column":39},"end":{"line":321,"column":78}},"194":{"start":{"line":322,"column":4},"end":{"line":322,"column":82}},"195":{"start":{"line":322,"column":14},"end":{"line":322,"column":82}},"196":{"start":{"line":324,"column":4},"end":{"line":324,"column":36}},"197":{"start":{"line":325,"column":4},"end":{"line":325,"column":42}},"198":{"start":{"line":327,"column":4},"end":{"line":327,"column":56}},"199":{"start":{"line":327,"column":42},"end":{"line":327,"column":54}},"200":{"start":{"line":329,"column":4},"end":{"line":331,"column":5}},"201":{"start":{"line":330,"column":6},"end":{"line":330,"column":34}},"202":{"start":{"line":333,"column":4},"end":{"line":333,"column":35}},"203":{"start":{"line":334,"column":4},"end":{"line":334,"column":41}},"204":{"start":{"line":335,"column":4},"end":{"line":335,"column":45}},"205":{"start":{"line":337,"column":4},"end":{"line":337,"column":49}},"206":{"start":{"line":339,"column":18},"end":{"line":339,"column":28}}},"fnMap":{"0":{"name":"(anonymous_0)","decl":{"start":{"line":13,"column":33},"end":{"line":13,"column":34}},"loc":{"start":{"line":13,"column":53},"end":{"line":56,"column":1}},"line":13},"1":{"name":"(anonymous_1)","decl":{"start":{"line":64,"column":34},"end":{"line":64,"column":35}},"loc":{"start":{"line":64,"column":48},"end":{"line":96,"column":1}},"line":64},"2":{"name":"(anonymous_2)","decl":{"start":{"line":69,"column":35},"end":{"line":69,"column":36}},"loc":{"start":{"line":69,"column":40},"end":{"line":69,"column":63}},"line":69},"3":{"name":"(anonymous_3)","decl":{"start":{"line":71,"column":38},"end":{"line":71,"column":39}},"loc":{"start":{"line":71,"column":43},"end":{"line":71,"column":82}},"line":71},"4":{"name":"(anonymous_4)","decl":{"start":{"line":82,"column":18},"end":{"line":82,"column":19}},"loc":{"start":{"line":82,"column":23},"end":{"line":88,"column":3}},"line":82},"5":{"name":"(anonymous_5)","decl":{"start":{"line":101,"column":17},"end":{"line":101,"column":18}},"loc":{"start":{"line":101,"column":43},"end":{"line":149,"column":1}},"line":101},"6":{"name":"(anonymous_6)","decl":{"start":{"line":124,"column":39},"end":{"line":124,"column":40}},"loc":{"start":{"line":124,"column":44},"end":{"line":124,"column":115}},"line":124},"7":{"name":"(anonymous_7)","decl":{"start":{"line":151,"column":23},"end":{"line":151,"column":24}},"loc":{"start":{"line":151,"column":49},"end":{"line":167,"column":1}},"line":151},"8":{"name":"(anonymous_8)","decl":{"start":{"line":164,"column":37},"end":{"line":164,"column":38}},"loc":{"start":{"line":164,"column":42},"end":{"line":164,"column":81}},"line":164},"9":{"name":"(anonymous_9)","decl":{"start":{"line":169,"column":17},"end":{"line":169,"column":18}},"loc":{"start":{"line":169,"column":43},"end":{"line":200,"column":1}},"line":169},"10":{"name":"(anonymous_10)","decl":{"start":{"line":192,"column":39},"end":{"line":192,"column":40}},"loc":{"start":{"line":192,"column":44},"end":{"line":192,"column":61}},"line":192},"11":{"name":"(anonymous_11)","decl":{"start":{"line":202,"column":17},"end":{"line":202,"column":18}},"loc":{"start":{"line":202,"column":43},"end":{"line":232,"column":1}},"line":202},"12":{"name":"(anonymous_12)","decl":{"start":{"line":224,"column":39},"end":{"line":224,"column":40}},"loc":{"start":{"line":224,"column":44},"end":{"line":224,"column":61}},"line":224},"13":{"name":"(anonymous_13)","decl":{"start":{"line":236,"column":15},"end":{"line":236,"column":16}},"loc":{"start":{"line":236,"column":41},"end":{"line":287,"column":1}},"line":236},"14":{"name":"(anonymous_14)","decl":{"start":{"line":250,"column":45},"end":{"line":250,"column":46}},"loc":{"start":{"line":250,"column":50},"end":{"line":250,"column":62}},"line":250},"15":{"name":"(anonymous_15)","decl":{"start":{"line":268,"column":34},"end":{"line":268,"column":35}},"loc":{"start":{"line":268,"column":39},"end":{"line":268,"column":78}},"line":268},"16":{"name":"(anonymous_16)","decl":{"start":{"line":274,"column":43},"end":{"line":274,"column":44}},"loc":{"start":{"line":274,"column":48},"end":{"line":274,"column":60}},"line":274},"17":{"name":"(anonymous_17)","decl":{"start":{"line":290,"column":18},"end":{"line":290,"column":19}},"loc":{"start":{"line":290,"column":44},"end":{"line":340,"column":1}},"line":290},"18":{"name":"(anonymous_18)","decl":{"start":{"line":303,"column":39},"end":{"line":303,"column":40}},"loc":{"start":{"line":303,"column":44},"end":{"line":303,"column":56}},"line":303},"19":{"name":"(anonymous_19)","decl":{"start":{"line":321,"column":34},"end":{"line":321,"column":35}},"loc":{"start":{"line":321,"column":39},"end":{"line":321,"column":78}},"line":321},"20":{"name":"(anonymous_20)","decl":{"start":{"line":327,"column":37},"end":{"line":327,"column":38}},"loc":{"start":{"line":327,"column":42},"end":{"line":327,"column":54}},"line":327}},"branchMap":{"0":{"loc":{"start":{"line":28,"column":8},"end":{"line":52,"column":9}},"type":"if","locations":[{"start":{"line":28,"column":8},"end":{"line":52,"column":9}},{"start":{"line":43,"column":15},"end":{"line":52,"column":9}}],"line":28},"1":{"loc":{"start":{"line":67,"column":2},"end":{"line":67,"column":54}},"type":"if","locations":[{"start":{"line":67,"column":2},"end":{"line":67,"column":54}},{"start":{},"end":{}}],"line":67},"2":{"loc":{"start":{"line":67,"column":6},"end":{"line":67,"column":45}},"type":"binary-expr","locations":[{"start":{"line":67,"column":6},"end":{"line":67,"column":11}},{"start":{"line":67,"column":15},"end":{"line":67,"column":28}},{"start":{"line":67,"column":32},"end":{"line":67,"column":45}}],"line":67},"3":{"loc":{"start":{"line":70,"column":2},"end":{"line":70,"column":22}},"type":"if","locations":[{"start":{"line":70,"column":2},"end":{"line":70,"column":22}},{"start":{},"end":{}}],"line":70},"4":{"loc":{"start":{"line":71,"column":43},"end":{"line":71,"column":82}},"type":"binary-expr","locations":[{"start":{"line":71,"column":43},"end":{"line":71,"column":66}},{"start":{"line":71,"column":70},"end":{"line":71,"column":82}}],"line":71},"5":{"loc":{"start":{"line":72,"column":2},"end":{"line":80,"column":3}},"type":"if","locations":[{"start":{"line":72,"column":2},"end":{"line":80,"column":3}},{"start":{},"end":{}}],"line":72},"6":{"loc":{"start":{"line":83,"column":24},"end":{"line":83,"column":48}},"type":"binary-expr","locations":[{"start":{"line":83,"column":24},"end":{"line":83,"column":43}},{"start":{"line":83,"column":47},"end":{"line":83,"column":48}}],"line":83},"7":{"loc":{"start":{"line":84,"column":19},"end":{"line":84,"column":38}},"type":"binary-expr","locations":[{"start":{"line":84,"column":19},"end":{"line":84,"column":33}},{"start":{"line":84,"column":37},"end":{"line":84,"column":38}}],"line":84},"8":{"loc":{"start":{"line":85,"column":25},"end":{"line":85,"column":50}},"type":"binary-expr","locations":[{"start":{"line":85,"column":25},"end":{"line":85,"column":45}},{"start":{"line":85,"column":49},"end":{"line":85,"column":50}}],"line":85},"9":{"loc":{"start":{"line":86,"column":22},"end":{"line":86,"column":44}},"type":"binary-expr","locations":[{"start":{"line":86,"column":22},"end":{"line":86,"column":39}},{"start":{"line":86,"column":43},"end":{"line":86,"column":44}}],"line":86},"10":{"loc":{"start":{"line":87,"column":20},"end":{"line":87,"column":40}},"type":"binary-expr","locations":[{"start":{"line":87,"column":20},"end":{"line":87,"column":35}},{"start":{"line":87,"column":39},"end":{"line":87,"column":40}}],"line":87},"11":{"loc":{"start":{"line":104,"column":4},"end":{"line":104,"column":138}},"type":"if","locations":[{"start":{"line":104,"column":4},"end":{"line":104,"column":138}},{"start":{},"end":{}}],"line":104},"12":{"loc":{"start":{"line":104,"column":8},"end":{"line":104,"column":42}},"type":"binary-expr","locations":[{"start":{"line":104,"column":8},"end":{"line":104,"column":17}},{"start":{"line":104,"column":21},"end":{"line":104,"column":42}}],"line":104},"13":{"loc":{"start":{"line":107,"column":4},"end":{"line":118,"column":5}},"type":"if","locations":[{"start":{"line":107,"column":4},"end":{"line":118,"column":5}},{"start":{},"end":{}}],"line":107},"14":{"loc":{"start":{"line":109,"column":6},"end":{"line":109,"column":113}},"type":"if","locations":[{"start":{"line":109,"column":6},"end":{"line":109,"column":113}},{"start":{},"end":{}}],"line":109},"15":{"loc":{"start":{"line":122,"column":4},"end":{"line":122,"column":112}},"type":"if","locations":[{"start":{"line":122,"column":4},"end":{"line":122,"column":112}},{"start":{},"end":{}}],"line":122},"16":{"loc":{"start":{"line":122,"column":8},"end":{"line":122,"column":30}},"type":"binary-expr","locations":[{"start":{"line":122,"column":8},"end":{"line":122,"column":13}},{"start":{"line":122,"column":17},"end":{"line":122,"column":30}}],"line":122},"17":{"loc":{"start":{"line":124,"column":44},"end":{"line":124,"column":115}},"type":"binary-expr","locations":[{"start":{"line":124,"column":44},"end":{"line":124,"column":67}},{"start":{"line":124,"column":71},"end":{"line":124,"column":99}},{"start":{"line":124,"column":103},"end":{"line":124,"column":115}}],"line":124},"18":{"loc":{"start":{"line":125,"column":4},"end":{"line":125,"column":111}},"type":"if","locations":[{"start":{"line":125,"column":4},"end":{"line":125,"column":111}},{"start":{},"end":{}}],"line":125},"19":{"loc":{"start":{"line":136,"column":15},"end":{"line":136,"column":28}},"type":"binary-expr","locations":[{"start":{"line":136,"column":15},"end":{"line":136,"column":22}},{"start":{"line":136,"column":26},"end":{"line":136,"column":28}}],"line":136},"20":{"loc":{"start":{"line":137,"column":14},"end":{"line":137,"column":26}},"type":"binary-expr","locations":[{"start":{"line":137,"column":14},"end":{"line":137,"column":20}},{"start":{"line":137,"column":24},"end":{"line":137,"column":26}}],"line":137},"21":{"loc":{"start":{"line":154,"column":4},"end":{"line":158,"column":5}},"type":"if","locations":[{"start":{"line":154,"column":4},"end":{"line":158,"column":5}},{"start":{},"end":{}}],"line":154},"22":{"loc":{"start":{"line":162,"column":4},"end":{"line":162,"column":112}},"type":"if","locations":[{"start":{"line":162,"column":4},"end":{"line":162,"column":112}},{"start":{},"end":{}}],"line":162},"23":{"loc":{"start":{"line":162,"column":8},"end":{"line":162,"column":30}},"type":"binary-expr","locations":[{"start":{"line":162,"column":8},"end":{"line":162,"column":13}},{"start":{"line":162,"column":17},"end":{"line":162,"column":30}}],"line":162},"24":{"loc":{"start":{"line":164,"column":42},"end":{"line":164,"column":81}},"type":"binary-expr","locations":[{"start":{"line":164,"column":42},"end":{"line":164,"column":65}},{"start":{"line":164,"column":69},"end":{"line":164,"column":81}}],"line":164},"25":{"loc":{"start":{"line":173,"column":4},"end":{"line":186,"column":5}},"type":"if","locations":[{"start":{"line":173,"column":4},"end":{"line":186,"column":5}},{"start":{},"end":{}}],"line":173},"26":{"loc":{"start":{"line":175,"column":6},"end":{"line":175,"column":87}},"type":"if","locations":[{"start":{"line":175,"column":6},"end":{"line":175,"column":87}},{"start":{},"end":{}}],"line":175},"27":{"loc":{"start":{"line":176,"column":6},"end":{"line":176,"column":142}},"type":"if","locations":[{"start":{"line":176,"column":6},"end":{"line":176,"column":142}},{"start":{},"end":{}}],"line":176},"28":{"loc":{"start":{"line":176,"column":10},"end":{"line":176,"column":72}},"type":"binary-expr","locations":[{"start":{"line":176,"column":10},"end":{"line":176,"column":43}},{"start":{"line":176,"column":47},"end":{"line":176,"column":72}}],"line":176},"29":{"loc":{"start":{"line":190,"column":4},"end":{"line":190,"column":112}},"type":"if","locations":[{"start":{"line":190,"column":4},"end":{"line":190,"column":112}},{"start":{},"end":{}}],"line":190},"30":{"loc":{"start":{"line":190,"column":8},"end":{"line":190,"column":30}},"type":"binary-expr","locations":[{"start":{"line":190,"column":8},"end":{"line":190,"column":13}},{"start":{"line":190,"column":17},"end":{"line":190,"column":30}}],"line":190},"31":{"loc":{"start":{"line":193,"column":4},"end":{"line":193,"column":88}},"type":"if","locations":[{"start":{"line":193,"column":4},"end":{"line":193,"column":88}},{"start":{},"end":{}}],"line":193},"32":{"loc":{"start":{"line":195,"column":4},"end":{"line":195,"column":140}},"type":"if","locations":[{"start":{"line":195,"column":4},"end":{"line":195,"column":140}},{"start":{},"end":{}}],"line":195},"33":{"loc":{"start":{"line":195,"column":8},"end":{"line":195,"column":70}},"type":"binary-expr","locations":[{"start":{"line":195,"column":8},"end":{"line":195,"column":41}},{"start":{"line":195,"column":45},"end":{"line":195,"column":70}}],"line":195},"34":{"loc":{"start":{"line":205,"column":4},"end":{"line":218,"column":5}},"type":"if","locations":[{"start":{"line":205,"column":4},"end":{"line":218,"column":5}},{"start":{},"end":{}}],"line":205},"35":{"loc":{"start":{"line":207,"column":6},"end":{"line":207,"column":87}},"type":"if","locations":[{"start":{"line":207,"column":6},"end":{"line":207,"column":87}},{"start":{},"end":{}}],"line":207},"36":{"loc":{"start":{"line":208,"column":6},"end":{"line":208,"column":142}},"type":"if","locations":[{"start":{"line":208,"column":6},"end":{"line":208,"column":142}},{"start":{},"end":{}}],"line":208},"37":{"loc":{"start":{"line":208,"column":10},"end":{"line":208,"column":72}},"type":"binary-expr","locations":[{"start":{"line":208,"column":10},"end":{"line":208,"column":43}},{"start":{"line":208,"column":47},"end":{"line":208,"column":72}}],"line":208},"38":{"loc":{"start":{"line":222,"column":4},"end":{"line":222,"column":112}},"type":"if","locations":[{"start":{"line":222,"column":4},"end":{"line":222,"column":112}},{"start":{},"end":{}}],"line":222},"39":{"loc":{"start":{"line":222,"column":8},"end":{"line":222,"column":30}},"type":"binary-expr","locations":[{"start":{"line":222,"column":8},"end":{"line":222,"column":13}},{"start":{"line":222,"column":17},"end":{"line":222,"column":30}}],"line":222},"40":{"loc":{"start":{"line":225,"column":4},"end":{"line":225,"column":88}},"type":"if","locations":[{"start":{"line":225,"column":4},"end":{"line":225,"column":88}},{"start":{},"end":{}}],"line":225},"41":{"loc":{"start":{"line":227,"column":4},"end":{"line":227,"column":140}},"type":"if","locations":[{"start":{"line":227,"column":4},"end":{"line":227,"column":140}},{"start":{},"end":{}}],"line":227},"42":{"loc":{"start":{"line":227,"column":8},"end":{"line":227,"column":70}},"type":"binary-expr","locations":[{"start":{"line":227,"column":8},"end":{"line":227,"column":41}},{"start":{"line":227,"column":45},"end":{"line":227,"column":70}}],"line":227},"43":{"loc":{"start":{"line":241,"column":4},"end":{"line":262,"column":5}},"type":"if","locations":[{"start":{"line":241,"column":4},"end":{"line":262,"column":5}},{"start":{},"end":{}}],"line":241},"44":{"loc":{"start":{"line":243,"column":6},"end":{"line":243,"column":86}},"type":"if","locations":[{"start":{"line":243,"column":6},"end":{"line":243,"column":86}},{"start":{},"end":{}}],"line":243},"45":{"loc":{"start":{"line":246,"column":20},"end":{"line":246,"column":37}},"type":"binary-expr","locations":[{"start":{"line":246,"column":20},"end":{"line":246,"column":31}},{"start":{"line":246,"column":35},"end":{"line":246,"column":37}}],"line":246},"46":{"loc":{"start":{"line":247,"column":23},"end":{"line":247,"column":43}},"type":"binary-expr","locations":[{"start":{"line":247,"column":23},"end":{"line":247,"column":37}},{"start":{"line":247,"column":41},"end":{"line":247,"column":43}}],"line":247},"47":{"loc":{"start":{"line":253,"column":6},"end":{"line":255,"column":7}},"type":"if","locations":[{"start":{"line":253,"column":6},"end":{"line":255,"column":7}},{"start":{},"end":{}}],"line":253},"48":{"loc":{"start":{"line":266,"column":4},"end":{"line":266,"column":112}},"type":"if","locations":[{"start":{"line":266,"column":4},"end":{"line":266,"column":112}},{"start":{},"end":{}}],"line":266},"49":{"loc":{"start":{"line":266,"column":8},"end":{"line":266,"column":30}},"type":"binary-expr","locations":[{"start":{"line":266,"column":8},"end":{"line":266,"column":13}},{"start":{"line":266,"column":17},"end":{"line":266,"column":30}}],"line":266},"50":{"loc":{"start":{"line":268,"column":39},"end":{"line":268,"column":78}},"type":"binary-expr","locations":[{"start":{"line":268,"column":39},"end":{"line":268,"column":62}},{"start":{"line":268,"column":66},"end":{"line":268,"column":78}}],"line":268},"51":{"loc":{"start":{"line":269,"column":4},"end":{"line":269,"column":82}},"type":"if","locations":[{"start":{"line":269,"column":4},"end":{"line":269,"column":82}},{"start":{},"end":{}}],"line":269},"52":{"loc":{"start":{"line":271,"column":18},"end":{"line":271,"column":35}},"type":"binary-expr","locations":[{"start":{"line":271,"column":18},"end":{"line":271,"column":29}},{"start":{"line":271,"column":33},"end":{"line":271,"column":35}}],"line":271},"53":{"loc":{"start":{"line":272,"column":21},"end":{"line":272,"column":41}},"type":"binary-expr","locations":[{"start":{"line":272,"column":21},"end":{"line":272,"column":35}},{"start":{"line":272,"column":39},"end":{"line":272,"column":41}}],"line":272},"54":{"loc":{"start":{"line":276,"column":4},"end":{"line":278,"column":5}},"type":"if","locations":[{"start":{"line":276,"column":4},"end":{"line":278,"column":5}},{"start":{},"end":{}}],"line":276},"55":{"loc":{"start":{"line":295,"column":4},"end":{"line":315,"column":5}},"type":"if","locations":[{"start":{"line":295,"column":4},"end":{"line":315,"column":5}},{"start":{},"end":{}}],"line":295},"56":{"loc":{"start":{"line":297,"column":6},"end":{"line":297,"column":86}},"type":"if","locations":[{"start":{"line":297,"column":6},"end":{"line":297,"column":86}},{"start":{},"end":{}}],"line":297},"57":{"loc":{"start":{"line":299,"column":20},"end":{"line":299,"column":37}},"type":"binary-expr","locations":[{"start":{"line":299,"column":20},"end":{"line":299,"column":31}},{"start":{"line":299,"column":35},"end":{"line":299,"column":37}}],"line":299},"58":{"loc":{"start":{"line":300,"column":23},"end":{"line":300,"column":43}},"type":"binary-expr","locations":[{"start":{"line":300,"column":23},"end":{"line":300,"column":37}},{"start":{"line":300,"column":41},"end":{"line":300,"column":43}}],"line":300},"59":{"loc":{"start":{"line":306,"column":6},"end":{"line":308,"column":7}},"type":"if","locations":[{"start":{"line":306,"column":6},"end":{"line":308,"column":7}},{"start":{},"end":{}}],"line":306},"60":{"loc":{"start":{"line":319,"column":4},"end":{"line":319,"column":112}},"type":"if","locations":[{"start":{"line":319,"column":4},"end":{"line":319,"column":112}},{"start":{},"end":{}}],"line":319},"61":{"loc":{"start":{"line":319,"column":8},"end":{"line":319,"column":30}},"type":"binary-expr","locations":[{"start":{"line":319,"column":8},"end":{"line":319,"column":13}},{"start":{"line":319,"column":17},"end":{"line":319,"column":30}}],"line":319},"62":{"loc":{"start":{"line":321,"column":39},"end":{"line":321,"column":78}},"type":"binary-expr","locations":[{"start":{"line":321,"column":39},"end":{"line":321,"column":62}},{"start":{"line":321,"column":66},"end":{"line":321,"column":78}}],"line":321},"63":{"loc":{"start":{"line":322,"column":4},"end":{"line":322,"column":82}},"type":"if","locations":[{"start":{"line":322,"column":4},"end":{"line":322,"column":82}},{"start":{},"end":{}}],"line":322},"64":{"loc":{"start":{"line":324,"column":18},"end":{"line":324,"column":35}},"type":"binary-expr","locations":[{"start":{"line":324,"column":18},"end":{"line":324,"column":29}},{"start":{"line":324,"column":33},"end":{"line":324,"column":35}}],"line":324},"65":{"loc":{"start":{"line":325,"column":21},"end":{"line":325,"column":41}},"type":"binary-expr","locations":[{"start":{"line":325,"column":21},"end":{"line":325,"column":35}},{"start":{"line":325,"column":39},"end":{"line":325,"column":41}}],"line":325},"66":{"loc":{"start":{"line":329,"column":4},"end":{"line":331,"column":5}},"type":"if","locations":[{"start":{"line":329,"column":4},"end":{"line":331,"column":5}},{"start":{},"end":{}}],"line":329}},"s":{"0":5,"1":5,"2":5,"3":5,"4":17,"5":17,"6":17,"7":16,"8":16,"9":1,"10":0,"11":5,"12":7,"13":7,"14":0,"15":7,"16":7,"17":7,"18":0,"19":7,"20":16,"21":7,"22":1,"23":1,"24":1,"25":1,"26":1,"27":1,"28":1,"29":6,"30":6,"31":9,"32":9,"33":9,"34":9,"35":9,"36":6,"37":6,"38":6,"39":6,"40":6,"41":6,"42":6,"43":5,"44":22,"45":22,"46":22,"47":1,"48":21,"49":17,"50":17,"51":1,"52":16,"53":15,"54":15,"55":4,"56":4,"57":0,"58":4,"59":6,"60":4,"61":0,"62":4,"63":4,"64":4,"65":4,"66":1,"67":5,"68":2,"69":2,"70":2,"71":2,"72":1,"73":0,"74":0,"75":0,"76":0,"77":0,"78":0,"79":1,"80":5,"81":6,"82":6,"83":6,"84":6,"85":3,"86":3,"87":0,"88":3,"89":1,"90":2,"91":2,"92":1,"93":1,"94":3,"95":3,"96":0,"97":3,"98":7,"99":3,"100":1,"101":2,"102":2,"103":1,"104":1,"105":1,"106":1,"107":1,"108":5,"109":6,"110":6,"111":6,"112":2,"113":2,"114":1,"115":1,"116":0,"117":1,"118":1,"119":1,"120":1,"121":4,"122":4,"123":0,"124":4,"125":9,"126":4,"127":1,"128":3,"129":3,"130":1,"131":2,"132":2,"133":2,"134":0,"135":5,"136":10,"137":10,"138":10,"139":10,"140":7,"141":7,"142":1,"143":6,"144":6,"145":6,"146":0,"147":6,"148":6,"149":6,"150":6,"151":6,"152":5,"153":3,"154":3,"155":0,"156":3,"157":12,"158":3,"159":1,"160":2,"161":2,"162":2,"163":1,"164":2,"165":2,"166":2,"167":2,"168":2,"169":2,"170":1,"171":5,"172":5,"173":5,"174":5,"175":5,"176":4,"177":4,"178":1,"179":3,"180":3,"181":3,"182":0,"183":3,"184":3,"185":3,"186":3,"187":3,"188":2,"189":1,"190":1,"191":0,"192":1,"193":4,"194":1,"195":0,"196":1,"197":1,"198":1,"199":1,"200":1,"201":1,"202":1,"203":1,"204":1,"205":1,"206":1},"f":{"0":17,"1":7,"2":7,"3":16,"4":9,"5":22,"6":6,"7":2,"8":0,"9":6,"10":7,"11":6,"12":9,"13":10,"14":0,"15":12,"16":1,"17":5,"18":0,"19":4,"20":1},"b":{"0":[16,1],"1":[0,7],"2":[7,7,7],"3":[0,7],"4":[16,16],"5":[1,6],"6":[9,0],"7":[9,0],"8":[9,0],"9":[9,0],"10":[9,0],"11":[1,21],"12":[22,22],"13":[17,4],"14":[1,16],"15":[0,4],"16":[4,4],"17":[6,6,2],"18":[0,4],"19":[4,4],"20":[4,4],"21":[2,0],"22":[0,0],"23":[0,0],"24":[0,0],"25":[3,3],"26":[0,3],"27":[1,2],"28":[3,1],"29":[0,3],"30":[3,3],"31":[1,2],"32":[1,1],"33":[2,1],"34":[2,4],"35":[1,1],"36":[0,1],"37":[1,0],"38":[0,4],"39":[4,4],"40":[1,3],"41":[1,2],"42":[3,1],"43":[7,3],"44":[1,6],"45":[6,5],"46":[6,5],"47":[6,0],"48":[0,3],"49":[3,3],"50":[12,2],"51":[1,2],"52":[2,1],"53":[2,1],"54":[2,0],"55":[4,1],"56":[1,3],"57":[3,2],"58":[3,2],"59":[3,0],"60":[0,1],"61":[1,1],"62":[4,1],"63":[0,1],"64":[1,0],"65":[1,0],"66":[1,0]},"_coverageSchema":"1a1c01bbd47fc00a2c39e90264f33305004495a9","hash":"1edd75e4e20ab019507ace74fb4cfaa00562cf33"}
,"C:\\Users\\Δημήτρης Κοκκινάκος\\Documents\\Emergenshit-backend\\controllers\\searchController.js": {"path":"C:\\Users\\Δημήτρης Κοκκινάκος\\Documents\\Emergenshit-backend\\controllers\\searchController.js","statementMap":{"0":{"start":{"line":2,"column":22},"end":{"line":10,"column":1}},"1":{"start":{"line":3,"column":21},"end":{"line":3,"column":44}},"2":{"start":{"line":4,"column":12},"end":{"line":4,"column":19}},"3":{"start":{"line":5,"column":15},"end":{"line":5,"column":31}},"4":{"start":{"line":6,"column":15},"end":{"line":6,"column":31}},"5":{"start":{"line":7,"column":12},"end":{"line":7,"column":127}},"6":{"start":{"line":8,"column":12},"end":{"line":8,"column":54}},"7":{"start":{"line":9,"column":2},"end":{"line":9,"column":15}},"8":{"start":{"line":12,"column":0},"end":{"line":43,"column":2}},"9":{"start":{"line":13,"column":2},"end":{"line":42,"column":30}},"10":{"start":{"line":14,"column":39},"end":{"line":14,"column":48}},"11":{"start":{"line":15,"column":4},"end":{"line":15,"column":99}},"12":{"start":{"line":15,"column":22},"end":{"line":15,"column":99}},"13":{"start":{"line":18,"column":4},"end":{"line":22,"column":5}},"14":{"start":{"line":20,"column":22},"end":{"line":20,"column":91}},"15":{"start":{"line":21,"column":6},"end":{"line":21,"column":55}},"16":{"start":{"line":25,"column":17},"end":{"line":25,"column":28}},"17":{"start":{"line":27,"column":4},"end":{"line":32,"column":5}},"18":{"start":{"line":29,"column":6},"end":{"line":29,"column":69}},"19":{"start":{"line":31,"column":6},"end":{"line":31,"column":50}},"20":{"start":{"line":34,"column":17},"end":{"line":39,"column":25}},"21":{"start":{"line":35,"column":19},"end":{"line":35,"column":29}},"22":{"start":{"line":36,"column":17},"end":{"line":36,"column":113}},"23":{"start":{"line":37,"column":19},"end":{"line":37,"column":47}},"24":{"start":{"line":38,"column":21},"end":{"line":38,"column":44}},"25":{"start":{"line":39,"column":16},"end":{"line":39,"column":24}},"26":{"start":{"line":41,"column":4},"end":{"line":41,"column":43}},"27":{"start":{"line":42,"column":18},"end":{"line":42,"column":28}}},"fnMap":{"0":{"name":"(anonymous_0)","decl":{"start":{"line":2,"column":22},"end":{"line":2,"column":23}},"loc":{"start":{"line":2,"column":50},"end":{"line":10,"column":1}},"line":2},"1":{"name":"toRad","decl":{"start":{"line":3,"column":11},"end":{"line":3,"column":16}},"loc":{"start":{"line":3,"column":19},"end":{"line":3,"column":46}},"line":3},"2":{"name":"(anonymous_2)","decl":{"start":{"line":12,"column":17},"end":{"line":12,"column":18}},"loc":{"start":{"line":12,"column":43},"end":{"line":43,"column":1}},"line":12},"3":{"name":"(anonymous_3)","decl":{"start":{"line":35,"column":14},"end":{"line":35,"column":15}},"loc":{"start":{"line":35,"column":19},"end":{"line":35,"column":29}},"line":35},"4":{"name":"(anonymous_4)","decl":{"start":{"line":36,"column":11},"end":{"line":36,"column":12}},"loc":{"start":{"line":36,"column":17},"end":{"line":36,"column":113}},"line":36},"5":{"name":"(anonymous_5)","decl":{"start":{"line":37,"column":14},"end":{"line":37,"column":15}},"loc":{"start":{"line":37,"column":19},"end":{"line":37,"column":47}},"line":37},"6":{"name":"(anonymous_6)","decl":{"start":{"line":38,"column":12},"end":{"line":38,"column":13}},"loc":{"start":{"line":38,"column":21},"end":{"line":38,"column":44}},"line":38},"7":{"name":"(anonymous_7)","decl":{"start":{"line":39,"column":11},"end":{"line":39,"column":12}},"loc":{"start":{"line":39,"column":16},"end":{"line":39,"column":24}},"line":39}},"branchMap":{"0":{"loc":{"start":{"line":14,"column":22},"end":{"line":14,"column":34}},"type":"default-arg","locations":[{"start":{"line":14,"column":31},"end":{"line":14,"column":34}}],"line":14},"1":{"loc":{"start":{"line":15,"column":4},"end":{"line":15,"column":99}},"type":"if","locations":[{"start":{"line":15,"column":4},"end":{"line":15,"column":99}},{"start":{},"end":{}}],"line":15},"2":{"loc":{"start":{"line":15,"column":8},"end":{"line":15,"column":20}},"type":"binary-expr","locations":[{"start":{"line":15,"column":8},"end":{"line":15,"column":12}},{"start":{"line":15,"column":16},"end":{"line":15,"column":20}}],"line":15},"3":{"loc":{"start":{"line":18,"column":4},"end":{"line":22,"column":5}},"type":"if","locations":[{"start":{"line":18,"column":4},"end":{"line":22,"column":5}},{"start":{},"end":{}}],"line":18},"4":{"loc":{"start":{"line":27,"column":4},"end":{"line":32,"column":5}},"type":"if","locations":[{"start":{"line":27,"column":4},"end":{"line":32,"column":5}},{"start":{},"end":{}}],"line":27},"5":{"loc":{"start":{"line":27,"column":8},"end":{"line":27,"column":30}},"type":"binary-expr","locations":[{"start":{"line":27,"column":8},"end":{"line":27,"column":13}},{"start":{"line":27,"column":17},"end":{"line":27,"column":30}}],"line":27}},"s":{"0":5,"1":48,"2":12,"3":12,"4":12,"5":12,"6":12,"7":12,"8":5,"9":10,"10":10,"11":10,"12":2,"13":8,"14":2,"15":2,"16":6,"17":6,"18":1,"19":1,"20":5,"21":18,"22":13,"23":10,"24":3,"25":6,"26":4,"27":1},"f":{"0":12,"1":48,"2":10,"3":18,"4":13,"5":10,"6":3,"7":6},"b":{"0":[4],"1":[2,8],"2":[10,10],"3":[2,6],"4":[1,5],"5":[6,6]},"_coverageSchema":"1a1c01bbd47fc00a2c39e90264f33305004495a9","hash":"3a8edb16c627af49157c746e23945a7c643925cd"}
,"C:\\Users\\Δημήτρης Κοκκινάκος\\Documents\\Emergenshit-backend\\controllers\\toiletsController.js": {"path":"C:\\Users\\Δημήτρης Κοκκινάκος\\Documents\\Emergenshit-backend\\controllers\\toiletsController.js","statementMap":{"0":{"start":{"line":2,"column":21},"end":{"line":2,"column":36}},"1":{"start":{"line":3,"column":15},"end":{"line":3,"column":42}},"2":{"start":{"line":4,"column":15},"end":{"line":4,"column":42}},"3":{"start":{"line":14,"column":33},"end":{"line":58,"column":1}},"4":{"start":{"line":15,"column":4},"end":{"line":57,"column":5}},"5":{"start":{"line":16,"column":22},"end":{"line":27,"column":10}},"6":{"start":{"line":29,"column":8},"end":{"line":53,"column":9}},"7":{"start":{"line":30,"column":22},"end":{"line":30,"column":30}},"8":{"start":{"line":32,"column":12},"end":{"line":43,"column":14}},"9":{"start":{"line":46,"column":12},"end":{"line":52,"column":14}},"10":{"start":{"line":55,"column":8},"end":{"line":55,"column":68}},"11":{"start":{"line":67,"column":28},"end":{"line":90,"column":1}},"12":{"start":{"line":69,"column":15},"end":{"line":69,"column":26}},"13":{"start":{"line":70,"column":2},"end":{"line":70,"column":42}},"14":{"start":{"line":70,"column":30},"end":{"line":70,"column":42}},"15":{"start":{"line":72,"column":18},"end":{"line":72,"column":83}},"16":{"start":{"line":72,"column":43},"end":{"line":72,"column":82}},"17":{"start":{"line":74,"column":2},"end":{"line":74,"column":40}},"18":{"start":{"line":74,"column":28},"end":{"line":74,"column":40}},"19":{"start":{"line":76,"column":14},"end":{"line":76,"column":140}},"20":{"start":{"line":77,"column":2},"end":{"line":83,"column":5}},"21":{"start":{"line":78,"column":4},"end":{"line":78,"column":56}},"22":{"start":{"line":79,"column":4},"end":{"line":79,"column":46}},"23":{"start":{"line":80,"column":4},"end":{"line":80,"column":58}},"24":{"start":{"line":81,"column":4},"end":{"line":81,"column":52}},"25":{"start":{"line":82,"column":4},"end":{"line":82,"column":48}},"26":{"start":{"line":84,"column":2},"end":{"line":84,"column":42}},"27":{"start":{"line":85,"column":2},"end":{"line":85,"column":37}},"28":{"start":{"line":86,"column":2},"end":{"line":86,"column":43}},"29":{"start":{"line":87,"column":2},"end":{"line":87,"column":40}},"30":{"start":{"line":88,"column":2},"end":{"line":88,"column":38}},"31":{"start":{"line":89,"column":2},"end":{"line":89,"column":13}},"32":{"start":{"line":95,"column":0},"end":{"line":145,"column":2}},"33":{"start":{"line":96,"column":2},"end":{"line":144,"column":30}},"34":{"start":{"line":98,"column":61},"end":{"line":98,"column":70}},"35":{"start":{"line":100,"column":4},"end":{"line":128,"column":5}},"36":{"start":{"line":102,"column":14},"end":{"line":102,"column":32}},"37":{"start":{"line":103,"column":6},"end":{"line":103,"column":67}},"38":{"start":{"line":103,"column":21},"end":{"line":103,"column":67}},"39":{"start":{"line":106,"column":6},"end":{"line":115,"column":7}},"40":{"start":{"line":107,"column":25},"end":{"line":107,"column":51}},"41":{"start":{"line":109,"column":30},"end":{"line":109,"column":51}},"42":{"start":{"line":110,"column":10},"end":{"line":114,"column":12}},"43":{"start":{"line":118,"column":17},"end":{"line":118,"column":31}},"44":{"start":{"line":120,"column":6},"end":{"line":124,"column":7}},"45":{"start":{"line":121,"column":8},"end":{"line":121,"column":43}},"46":{"start":{"line":122,"column":13},"end":{"line":124,"column":7}},"47":{"start":{"line":123,"column":8},"end":{"line":123,"column":42}},"48":{"start":{"line":126,"column":22},"end":{"line":126,"column":43}},"49":{"start":{"line":127,"column":6},"end":{"line":127,"column":55}},"50":{"start":{"line":131,"column":17},"end":{"line":131,"column":28}},"51":{"start":{"line":132,"column":4},"end":{"line":132,"column":112}},"52":{"start":{"line":132,"column":32},"end":{"line":132,"column":112}},"53":{"start":{"line":134,"column":15},"end":{"line":134,"column":51}},"54":{"start":{"line":134,"column":40},"end":{"line":134,"column":50}},"55":{"start":{"line":135,"column":4},"end":{"line":135,"column":88}},"56":{"start":{"line":135,"column":19},"end":{"line":135,"column":88}},"57":{"start":{"line":135,"column":43},"end":{"line":135,"column":86}},"58":{"start":{"line":136,"column":4},"end":{"line":139,"column":5}},"59":{"start":{"line":137,"column":21},"end":{"line":137,"column":80}},"60":{"start":{"line":138,"column":6},"end":{"line":138,"column":89}},"61":{"start":{"line":138,"column":30},"end":{"line":138,"column":87}},"62":{"start":{"line":138,"column":48},"end":{"line":138,"column":86}},"63":{"start":{"line":141,"column":4},"end":{"line":141,"column":103}},"64":{"start":{"line":141,"column":32},"end":{"line":141,"column":103}},"65":{"start":{"line":141,"column":58},"end":{"line":141,"column":101}},"66":{"start":{"line":142,"column":4},"end":{"line":142,"column":103}},"67":{"start":{"line":142,"column":32},"end":{"line":142,"column":103}},"68":{"start":{"line":142,"column":58},"end":{"line":142,"column":101}},"69":{"start":{"line":143,"column":4},"end":{"line":143,"column":43}},"70":{"start":{"line":144,"column":18},"end":{"line":144,"column":28}},"71":{"start":{"line":147,"column":0},"end":{"line":166,"column":2}},"72":{"start":{"line":148,"column":2},"end":{"line":165,"column":30}},"73":{"start":{"line":149,"column":15},"end":{"line":149,"column":28}},"74":{"start":{"line":150,"column":4},"end":{"line":155,"column":5}},"75":{"start":{"line":151,"column":16},"end":{"line":151,"column":54}},"76":{"start":{"line":152,"column":6},"end":{"line":152,"column":82}},"77":{"start":{"line":152,"column":14},"end":{"line":152,"column":82}},"78":{"start":{"line":153,"column":22},"end":{"line":153,"column":75}},"79":{"start":{"line":154,"column":6},"end":{"line":154,"column":70}},"80":{"start":{"line":158,"column":17},"end":{"line":158,"column":28}},"81":{"start":{"line":159,"column":4},"end":{"line":159,"column":129}},"82":{"start":{"line":159,"column":49},"end":{"line":159,"column":129}},"83":{"start":{"line":161,"column":19},"end":{"line":161,"column":60}},"84":{"start":{"line":161,"column":42},"end":{"line":161,"column":59}},"85":{"start":{"line":162,"column":4},"end":{"line":162,"column":85}},"86":{"start":{"line":162,"column":17},"end":{"line":162,"column":85}},"87":{"start":{"line":163,"column":20},"end":{"line":163,"column":79}},"88":{"start":{"line":163,"column":45},"end":{"line":163,"column":78}},"89":{"start":{"line":164,"column":4},"end":{"line":164,"column":58}},"90":{"start":{"line":165,"column":18},"end":{"line":165,"column":28}},"91":{"start":{"line":168,"column":0},"end":{"line":228,"column":2}},"92":{"start":{"line":169,"column":2},"end":{"line":227,"column":30}},"93":{"start":{"line":170,"column":20},"end":{"line":170,"column":28}},"94":{"start":{"line":171,"column":4},"end":{"line":173,"column":5}},"95":{"start":{"line":172,"column":6},"end":{"line":172,"column":91}},"96":{"start":{"line":176,"column":28},"end":{"line":176,"column":30}},"97":{"start":{"line":177,"column":26},"end":{"line":186,"column":5}},"98":{"start":{"line":179,"column":25},"end":{"line":179,"column":48}},"99":{"start":{"line":180,"column":16},"end":{"line":180,"column":23}},"100":{"start":{"line":181,"column":19},"end":{"line":181,"column":35}},"101":{"start":{"line":182,"column":19},"end":{"line":182,"column":35}},"102":{"start":{"line":183,"column":16},"end":{"line":183,"column":131}},"103":{"start":{"line":184,"column":16},"end":{"line":184,"column":58}},"104":{"start":{"line":185,"column":6},"end":{"line":185,"column":19}},"105":{"start":{"line":188,"column":4},"end":{"line":192,"column":5}},"106":{"start":{"line":190,"column":24},"end":{"line":190,"column":103}},"107":{"start":{"line":191,"column":6},"end":{"line":191,"column":69}},"108":{"start":{"line":195,"column":17},"end":{"line":195,"column":28}},"109":{"start":{"line":196,"column":4},"end":{"line":196,"column":112}},"110":{"start":{"line":196,"column":32},"end":{"line":196,"column":112}},"111":{"start":{"line":198,"column":19},"end":{"line":201,"column":6}},"112":{"start":{"line":199,"column":19},"end":{"line":199,"column":108}},"113":{"start":{"line":200,"column":6},"end":{"line":200,"column":37}},"114":{"start":{"line":202,"column":4},"end":{"line":204,"column":5}},"115":{"start":{"line":203,"column":6},"end":{"line":203,"column":155}},"116":{"start":{"line":206,"column":22},"end":{"line":224,"column":5}},"117":{"start":{"line":225,"column":4},"end":{"line":225,"column":33}},"118":{"start":{"line":226,"column":4},"end":{"line":226,"column":129}},"119":{"start":{"line":227,"column":18},"end":{"line":227,"column":28}},"120":{"start":{"line":230,"column":0},"end":{"line":273,"column":2}},"121":{"start":{"line":231,"column":2},"end":{"line":272,"column":30}},"122":{"start":{"line":232,"column":15},"end":{"line":232,"column":28}},"123":{"start":{"line":233,"column":20},"end":{"line":233,"column":28}},"124":{"start":{"line":234,"column":4},"end":{"line":257,"column":5}},"125":{"start":{"line":236,"column":16},"end":{"line":236,"column":54}},"126":{"start":{"line":237,"column":6},"end":{"line":237,"column":82}},"127":{"start":{"line":237,"column":14},"end":{"line":237,"column":82}},"128":{"start":{"line":240,"column":6},"end":{"line":242,"column":7}},"129":{"start":{"line":241,"column":8},"end":{"line":241,"column":76}},"130":{"start":{"line":246,"column":29},"end":{"line":248,"column":7}},"131":{"start":{"line":247,"column":10},"end":{"line":247,"column":91}},"132":{"start":{"line":250,"column":28},"end":{"line":253,"column":12}},"133":{"start":{"line":251,"column":10},"end":{"line":251,"column":34}},"134":{"start":{"line":252,"column":10},"end":{"line":252,"column":21}},"135":{"start":{"line":255,"column":22},"end":{"line":255,"column":99}},"136":{"start":{"line":256,"column":6},"end":{"line":256,"column":55}},"137":{"start":{"line":260,"column":17},"end":{"line":260,"column":28}},"138":{"start":{"line":261,"column":4},"end":{"line":261,"column":112}},"139":{"start":{"line":261,"column":32},"end":{"line":261,"column":112}},"140":{"start":{"line":263,"column":16},"end":{"line":263,"column":62}},"141":{"start":{"line":263,"column":44},"end":{"line":263,"column":61}},"142":{"start":{"line":264,"column":4},"end":{"line":264,"column":88}},"143":{"start":{"line":264,"column":20},"end":{"line":264,"column":88}},"144":{"start":{"line":265,"column":19},"end":{"line":265,"column":36}},"145":{"start":{"line":267,"column":4},"end":{"line":269,"column":5}},"146":{"start":{"line":268,"column":6},"end":{"line":268,"column":74}},"147":{"start":{"line":270,"column":4},"end":{"line":270,"column":87}},"148":{"start":{"line":271,"column":4},"end":{"line":271,"column":56}},"149":{"start":{"line":272,"column":18},"end":{"line":272,"column":28}},"150":{"start":{"line":275,"column":0},"end":{"line":312,"column":2}},"151":{"start":{"line":276,"column":2},"end":{"line":311,"column":30}},"152":{"start":{"line":277,"column":15},"end":{"line":277,"column":28}},"153":{"start":{"line":278,"column":4},"end":{"line":297,"column":5}},"154":{"start":{"line":280,"column":16},"end":{"line":280,"column":54}},"155":{"start":{"line":281,"column":6},"end":{"line":281,"column":82}},"156":{"start":{"line":281,"column":14},"end":{"line":281,"column":82}},"157":{"start":{"line":284,"column":6},"end":{"line":286,"column":7}},"158":{"start":{"line":285,"column":8},"end":{"line":285,"column":76}},"159":{"start":{"line":289,"column":6},"end":{"line":289,"column":68}},"160":{"start":{"line":292,"column":6},"end":{"line":292,"column":69}},"161":{"start":{"line":294,"column":6},"end":{"line":294,"column":41}},"162":{"start":{"line":296,"column":6},"end":{"line":296,"column":63}},"163":{"start":{"line":300,"column":17},"end":{"line":300,"column":28}},"164":{"start":{"line":301,"column":4},"end":{"line":301,"column":112}},"165":{"start":{"line":301,"column":32},"end":{"line":301,"column":112}},"166":{"start":{"line":303,"column":16},"end":{"line":303,"column":62}},"167":{"start":{"line":303,"column":44},"end":{"line":303,"column":61}},"168":{"start":{"line":304,"column":4},"end":{"line":304,"column":88}},"169":{"start":{"line":304,"column":20},"end":{"line":304,"column":88}},"170":{"start":{"line":306,"column":4},"end":{"line":308,"column":5}},"171":{"start":{"line":307,"column":6},"end":{"line":307,"column":74}},"172":{"start":{"line":309,"column":4},"end":{"line":309,"column":39}},"173":{"start":{"line":310,"column":4},"end":{"line":310,"column":54}},"174":{"start":{"line":311,"column":18},"end":{"line":311,"column":28}}},"fnMap":{"0":{"name":"(anonymous_0)","decl":{"start":{"line":14,"column":33},"end":{"line":14,"column":34}},"loc":{"start":{"line":14,"column":53},"end":{"line":58,"column":1}},"line":14},"1":{"name":"(anonymous_1)","decl":{"start":{"line":67,"column":28},"end":{"line":67,"column":29}},"loc":{"start":{"line":67,"column":42},"end":{"line":90,"column":1}},"line":67},"2":{"name":"(anonymous_2)","decl":{"start":{"line":72,"column":38},"end":{"line":72,"column":39}},"loc":{"start":{"line":72,"column":43},"end":{"line":72,"column":82}},"line":72},"3":{"name":"(anonymous_3)","decl":{"start":{"line":77,"column":18},"end":{"line":77,"column":19}},"loc":{"start":{"line":77,"column":23},"end":{"line":83,"column":3}},"line":77},"4":{"name":"(anonymous_4)","decl":{"start":{"line":95,"column":15},"end":{"line":95,"column":16}},"loc":{"start":{"line":95,"column":41},"end":{"line":145,"column":1}},"line":95},"5":{"name":"(anonymous_5)","decl":{"start":{"line":134,"column":35},"end":{"line":134,"column":36}},"loc":{"start":{"line":134,"column":40},"end":{"line":134,"column":50}},"line":134},"6":{"name":"(anonymous_6)","decl":{"start":{"line":135,"column":38},"end":{"line":135,"column":39}},"loc":{"start":{"line":135,"column":43},"end":{"line":135,"column":86}},"line":135},"7":{"name":"(anonymous_7)","decl":{"start":{"line":138,"column":25},"end":{"line":138,"column":26}},"loc":{"start":{"line":138,"column":30},"end":{"line":138,"column":87}},"line":138},"8":{"name":"(anonymous_8)","decl":{"start":{"line":138,"column":43},"end":{"line":138,"column":44}},"loc":{"start":{"line":138,"column":48},"end":{"line":138,"column":86}},"line":138},"9":{"name":"(anonymous_9)","decl":{"start":{"line":141,"column":49},"end":{"line":141,"column":50}},"loc":{"start":{"line":141,"column":58},"end":{"line":141,"column":101}},"line":141},"10":{"name":"(anonymous_10)","decl":{"start":{"line":142,"column":49},"end":{"line":142,"column":50}},"loc":{"start":{"line":142,"column":58},"end":{"line":142,"column":101}},"line":142},"11":{"name":"(anonymous_11)","decl":{"start":{"line":147,"column":18},"end":{"line":147,"column":19}},"loc":{"start":{"line":147,"column":44},"end":{"line":166,"column":1}},"line":147},"12":{"name":"(anonymous_12)","decl":{"start":{"line":161,"column":37},"end":{"line":161,"column":38}},"loc":{"start":{"line":161,"column":42},"end":{"line":161,"column":59}},"line":161},"13":{"name":"(anonymous_13)","decl":{"start":{"line":163,"column":40},"end":{"line":163,"column":41}},"loc":{"start":{"line":163,"column":45},"end":{"line":163,"column":78}},"line":163},"14":{"name":"(anonymous_14)","decl":{"start":{"line":168,"column":17},"end":{"line":168,"column":18}},"loc":{"start":{"line":168,"column":43},"end":{"line":228,"column":1}},"line":168},"15":{"name":"(anonymous_15)","decl":{"start":{"line":177,"column":26},"end":{"line":177,"column":27}},"loc":{"start":{"line":177,"column":54},"end":{"line":186,"column":5}},"line":177},"16":{"name":"toRad","decl":{"start":{"line":179,"column":15},"end":{"line":179,"column":20}},"loc":{"start":{"line":179,"column":23},"end":{"line":179,"column":50}},"line":179},"17":{"name":"(anonymous_17)","decl":{"start":{"line":198,"column":37},"end":{"line":198,"column":38}},"loc":{"start":{"line":198,"column":42},"end":{"line":201,"column":5}},"line":198},"18":{"name":"(anonymous_18)","decl":{"start":{"line":230,"column":17},"end":{"line":230,"column":18}},"loc":{"start":{"line":230,"column":43},"end":{"line":273,"column":1}},"line":230},"19":{"name":"(anonymous_19)","decl":{"start":{"line":246,"column":57},"end":{"line":246,"column":58}},"loc":{"start":{"line":247,"column":10},"end":{"line":247,"column":91}},"line":247},"20":{"name":"(anonymous_20)","decl":{"start":{"line":250,"column":50},"end":{"line":250,"column":51}},"loc":{"start":{"line":250,"column":64},"end":{"line":253,"column":7}},"line":250},"21":{"name":"(anonymous_21)","decl":{"start":{"line":263,"column":39},"end":{"line":263,"column":40}},"loc":{"start":{"line":263,"column":44},"end":{"line":263,"column":61}},"line":263},"22":{"name":"(anonymous_22)","decl":{"start":{"line":275,"column":17},"end":{"line":275,"column":18}},"loc":{"start":{"line":275,"column":43},"end":{"line":312,"column":1}},"line":275},"23":{"name":"(anonymous_23)","decl":{"start":{"line":303,"column":39},"end":{"line":303,"column":40}},"loc":{"start":{"line":303,"column":44},"end":{"line":303,"column":61}},"line":303}},"branchMap":{"0":{"loc":{"start":{"line":29,"column":8},"end":{"line":53,"column":9}},"type":"if","locations":[{"start":{"line":29,"column":8},"end":{"line":53,"column":9}},{"start":{"line":44,"column":15},"end":{"line":53,"column":9}}],"line":29},"1":{"loc":{"start":{"line":70,"column":2},"end":{"line":70,"column":42}},"type":"if","locations":[{"start":{"line":70,"column":2},"end":{"line":70,"column":42}},{"start":{},"end":{}}],"line":70},"2":{"loc":{"start":{"line":70,"column":6},"end":{"line":70,"column":28}},"type":"binary-expr","locations":[{"start":{"line":70,"column":6},"end":{"line":70,"column":11}},{"start":{"line":70,"column":15},"end":{"line":70,"column":28}}],"line":70},"3":{"loc":{"start":{"line":72,"column":43},"end":{"line":72,"column":82}},"type":"binary-expr","locations":[{"start":{"line":72,"column":43},"end":{"line":72,"column":66}},{"start":{"line":72,"column":70},"end":{"line":72,"column":82}}],"line":72},"4":{"loc":{"start":{"line":74,"column":2},"end":{"line":74,"column":40}},"type":"if","locations":[{"start":{"line":74,"column":2},"end":{"line":74,"column":40}},{"start":{},"end":{}}],"line":74},"5":{"loc":{"start":{"line":78,"column":30},"end":{"line":78,"column":54}},"type":"binary-expr","locations":[{"start":{"line":78,"column":30},"end":{"line":78,"column":49}},{"start":{"line":78,"column":53},"end":{"line":78,"column":54}}],"line":78},"6":{"loc":{"start":{"line":79,"column":25},"end":{"line":79,"column":44}},"type":"binary-expr","locations":[{"start":{"line":79,"column":25},"end":{"line":79,"column":39}},{"start":{"line":79,"column":43},"end":{"line":79,"column":44}}],"line":79},"7":{"loc":{"start":{"line":80,"column":31},"end":{"line":80,"column":56}},"type":"binary-expr","locations":[{"start":{"line":80,"column":31},"end":{"line":80,"column":51}},{"start":{"line":80,"column":55},"end":{"line":80,"column":56}}],"line":80},"8":{"loc":{"start":{"line":81,"column":28},"end":{"line":81,"column":50}},"type":"binary-expr","locations":[{"start":{"line":81,"column":28},"end":{"line":81,"column":45}},{"start":{"line":81,"column":49},"end":{"line":81,"column":50}}],"line":81},"9":{"loc":{"start":{"line":82,"column":26},"end":{"line":82,"column":46}},"type":"binary-expr","locations":[{"start":{"line":82,"column":26},"end":{"line":82,"column":41}},{"start":{"line":82,"column":45},"end":{"line":82,"column":46}}],"line":82},"10":{"loc":{"start":{"line":100,"column":4},"end":{"line":128,"column":5}},"type":"if","locations":[{"start":{"line":100,"column":4},"end":{"line":128,"column":5}},{"start":{},"end":{}}],"line":100},"11":{"loc":{"start":{"line":103,"column":6},"end":{"line":103,"column":67}},"type":"if","locations":[{"start":{"line":103,"column":6},"end":{"line":103,"column":67}},{"start":{},"end":{}}],"line":103},"12":{"loc":{"start":{"line":106,"column":6},"end":{"line":115,"column":7}},"type":"if","locations":[{"start":{"line":106,"column":6},"end":{"line":115,"column":7}},{"start":{},"end":{}}],"line":106},"13":{"loc":{"start":{"line":106,"column":10},"end":{"line":106,"column":30}},"type":"binary-expr","locations":[{"start":{"line":106,"column":10},"end":{"line":106,"column":13}},{"start":{"line":106,"column":17},"end":{"line":106,"column":20}},{"start":{"line":106,"column":24},"end":{"line":106,"column":30}}],"line":106},"14":{"loc":{"start":{"line":120,"column":6},"end":{"line":124,"column":7}},"type":"if","locations":[{"start":{"line":120,"column":6},"end":{"line":124,"column":7}},{"start":{"line":122,"column":13},"end":{"line":124,"column":7}}],"line":120},"15":{"loc":{"start":{"line":122,"column":13},"end":{"line":124,"column":7}},"type":"if","locations":[{"start":{"line":122,"column":13},"end":{"line":124,"column":7}},{"start":{},"end":{}}],"line":122},"16":{"loc":{"start":{"line":132,"column":4},"end":{"line":132,"column":112}},"type":"if","locations":[{"start":{"line":132,"column":4},"end":{"line":132,"column":112}},{"start":{},"end":{}}],"line":132},"17":{"loc":{"start":{"line":132,"column":8},"end":{"line":132,"column":30}},"type":"binary-expr","locations":[{"start":{"line":132,"column":8},"end":{"line":132,"column":13}},{"start":{"line":132,"column":17},"end":{"line":132,"column":30}}],"line":132},"18":{"loc":{"start":{"line":135,"column":4},"end":{"line":135,"column":88}},"type":"if","locations":[{"start":{"line":135,"column":4},"end":{"line":135,"column":88}},{"start":{},"end":{}}],"line":135},"19":{"loc":{"start":{"line":135,"column":44},"end":{"line":135,"column":64}},"type":"binary-expr","locations":[{"start":{"line":135,"column":44},"end":{"line":135,"column":59}},{"start":{"line":135,"column":63},"end":{"line":135,"column":64}}],"line":135},"20":{"loc":{"start":{"line":136,"column":4},"end":{"line":139,"column":5}},"type":"if","locations":[{"start":{"line":136,"column":4},"end":{"line":139,"column":5}},{"start":{},"end":{}}],"line":136},"21":{"loc":{"start":{"line":137,"column":21},"end":{"line":137,"column":80}},"type":"cond-expr","locations":[{"start":{"line":137,"column":48},"end":{"line":137,"column":57}},{"start":{"line":137,"column":60},"end":{"line":137,"column":80}}],"line":137},"22":{"loc":{"start":{"line":138,"column":48},"end":{"line":138,"column":86}},"type":"binary-expr","locations":[{"start":{"line":138,"column":48},"end":{"line":138,"column":59}},{"start":{"line":138,"column":63},"end":{"line":138,"column":86}}],"line":138},"23":{"loc":{"start":{"line":141,"column":4},"end":{"line":141,"column":103}},"type":"if","locations":[{"start":{"line":141,"column":4},"end":{"line":141,"column":103}},{"start":{},"end":{}}],"line":141},"24":{"loc":{"start":{"line":141,"column":59},"end":{"line":141,"column":77}},"type":"binary-expr","locations":[{"start":{"line":141,"column":59},"end":{"line":141,"column":74}},{"start":{"line":141,"column":76},"end":{"line":141,"column":77}}],"line":141},"25":{"loc":{"start":{"line":141,"column":82},"end":{"line":141,"column":100}},"type":"binary-expr","locations":[{"start":{"line":141,"column":82},"end":{"line":141,"column":97}},{"start":{"line":141,"column":99},"end":{"line":141,"column":100}}],"line":141},"26":{"loc":{"start":{"line":142,"column":4},"end":{"line":142,"column":103}},"type":"if","locations":[{"start":{"line":142,"column":4},"end":{"line":142,"column":103}},{"start":{},"end":{}}],"line":142},"27":{"loc":{"start":{"line":142,"column":59},"end":{"line":142,"column":77}},"type":"binary-expr","locations":[{"start":{"line":142,"column":59},"end":{"line":142,"column":74}},{"start":{"line":142,"column":76},"end":{"line":142,"column":77}}],"line":142},"28":{"loc":{"start":{"line":142,"column":82},"end":{"line":142,"column":100}},"type":"binary-expr","locations":[{"start":{"line":142,"column":82},"end":{"line":142,"column":97}},{"start":{"line":142,"column":99},"end":{"line":142,"column":100}}],"line":142},"29":{"loc":{"start":{"line":150,"column":4},"end":{"line":155,"column":5}},"type":"if","locations":[{"start":{"line":150,"column":4},"end":{"line":155,"column":5}},{"start":{},"end":{}}],"line":150},"30":{"loc":{"start":{"line":152,"column":6},"end":{"line":152,"column":82}},"type":"if","locations":[{"start":{"line":152,"column":6},"end":{"line":152,"column":82}},{"start":{},"end":{}}],"line":152},"31":{"loc":{"start":{"line":159,"column":4},"end":{"line":159,"column":129}},"type":"if","locations":[{"start":{"line":159,"column":4},"end":{"line":159,"column":129}},{"start":{},"end":{}}],"line":159},"32":{"loc":{"start":{"line":159,"column":8},"end":{"line":159,"column":47}},"type":"binary-expr","locations":[{"start":{"line":159,"column":8},"end":{"line":159,"column":13}},{"start":{"line":159,"column":17},"end":{"line":159,"column":30}},{"start":{"line":159,"column":34},"end":{"line":159,"column":47}}],"line":159},"33":{"loc":{"start":{"line":162,"column":4},"end":{"line":162,"column":85}},"type":"if","locations":[{"start":{"line":162,"column":4},"end":{"line":162,"column":85}},{"start":{},"end":{}}],"line":162},"34":{"loc":{"start":{"line":163,"column":45},"end":{"line":163,"column":78}},"type":"binary-expr","locations":[{"start":{"line":163,"column":45},"end":{"line":163,"column":62}},{"start":{"line":163,"column":66},"end":{"line":163,"column":78}}],"line":163},"35":{"loc":{"start":{"line":171,"column":4},"end":{"line":173,"column":5}},"type":"if","locations":[{"start":{"line":171,"column":4},"end":{"line":173,"column":5}},{"start":{},"end":{}}],"line":171},"36":{"loc":{"start":{"line":171,"column":8},"end":{"line":171,"column":104}},"type":"binary-expr","locations":[{"start":{"line":171,"column":8},"end":{"line":171,"column":16}},{"start":{"line":171,"column":20},"end":{"line":171,"column":33}},{"start":{"line":171,"column":37},"end":{"line":171,"column":54}},{"start":{"line":171,"column":58},"end":{"line":171,"column":79}},{"start":{"line":171,"column":83},"end":{"line":171,"column":104}}],"line":171},"37":{"loc":{"start":{"line":188,"column":4},"end":{"line":192,"column":5}},"type":"if","locations":[{"start":{"line":188,"column":4},"end":{"line":192,"column":5}},{"start":{},"end":{}}],"line":188},"38":{"loc":{"start":{"line":196,"column":4},"end":{"line":196,"column":112}},"type":"if","locations":[{"start":{"line":196,"column":4},"end":{"line":196,
[...]
"start":{"line":237,"column":6},"end":{"line":237,"column":82}},"type":"if","locations":[{"start":{"line":237,"column":6},"end":{"line":237,"column":82}},{"start":{},"end":{}}],"line":237},"46":{"loc":{"start":{"line":240,"column":6},"end":{"line":242,"column":7}},"type":"if","locations":[{"start":{"line":240,"column":6},"end":{"line":242,"column":7}},{"start":{},"end":{}}],"line":240},"47":{"loc":{"start":{"line":240,"column":10},"end":{"line":240,"column":70}},"type":"binary-expr","locations":[{"start":{"line":240,"column":10},"end":{"line":240,"column":41}},{"start":{"line":240,"column":45},"end":{"line":240,"column":70}}],"line":240},"48":{"loc":{"start":{"line":261,"column":4},"end":{"line":261,"column":112}},"type":"if","locations":[{"start":{"line":261,"column":4},"end":{"line":261,"column":112}},{"start":{},"end":{}}],"line":261},"49":{"loc":{"start":{"line":261,"column":8},"end":{"line":261,"column":30}},"type":"binary-expr","locations":[{"start":{"line":261,"column":8},"end":{"line":261,"column":13}},{"start":{"line":261,"column":17},"end":{"line":261,"column":30}}],"line":261},"50":{"loc":{"start":{"line":264,"column":4},"end":{"line":264,"column":88}},"type":"if","locations":[{"start":{"line":264,"column":4},"end":{"line":264,"column":88}},{"start":{},"end":{}}],"line":264},"51":{"loc":{"start":{"line":267,"column":4},"end":{"line":269,"column":5}},"type":"if","locations":[{"start":{"line":267,"column":4},"end":{"line":269,"column":5}},{"start":{},"end":{}}],"line":267},"52":{"loc":{"start":{"line":267,"column":8},"end":{"line":267,"column":73}},"type":"binary-expr","locations":[{"start":{"line":267,"column":8},"end":{"line":267,"column":44}},{"start":{"line":267,"column":48},"end":{"line":267,"column":73}}],"line":267},"53":{"loc":{"start":{"line":278,"column":4},"end":{"line":297,"column":5}},"type":"if","locations":[{"start":{"line":278,"column":4},"end":{"line":297,"column":5}},{"start":{},"end":{}}],"line":278},"54":{"loc":{"start":{"line":281,"column":6},"end":{"line":281,"column":82}},"type":"if","locations":[{"start":{"line":281,"column":6},"end":{"line":281,"column":82}},{"start":{},"end":{}}],"line":281},"55":{"loc":{"start":{"line":284,"column":6},"end":{"line":286,"column":7}},"type":"if","locations":[{"start":{"line":284,"column":6},"end":{"line":286,"column":7}},{"start":{},"end":{}}],"line":284},"56":{"loc":{"start":{"line":284,"column":10},"end":{"line":284,"column":70}},"type":"binary-expr","locations":[{"start":{"line":284,"column":10},"end":{"line":284,"column":41}},{"start":{"line":284,"column":45},"end":{"line":284,"column":70}}],"line":284},"57":{"loc":{"start":{"line":301,"column":4},"end":{"line":301,"column":112}},"type":"if","locations":[{"start":{"line":301,"column":4},"end":{"line":301,"column":112}},{"start":{},"end":{}}],"line":301},"58":{"loc":{"start":{"line":301,"column":8},"end":{"line":301,"column":30}},"type":"binary-expr","locations":[{"start":{"line":301,"column":8},"end":{"line":301,"column":13}},{"start":{"line":301,"column":17},"end":{"line":301,"column":30}}],"line":301},"59":{"loc":{"start":{"line":304,"column":4},"end":{"line":304,"column":88}},"type":"if","locations":[{"start":{"line":304,"column":4},"end":{"line":304,"column":88}},{"start":{},"end":{}}],"line":304},"60":{"loc":{"start":{"line":306,"column":4},"end":{"line":308,"column":5}},"type":"if","locations":[{"start":{"line":306,"column":4},"end":{"line":308,"column":5}},{"start":{},"end":{}}],"line":306},"61":{"loc":{"start":{"line":306,"column":8},"end":{"line":306,"column":84}},"type":"binary-expr","locations":[{"start":{"line":306,"column":8},"end":{"line":306,"column":55}},{"start":{"line":306,"column":59},"end":{"line":306,"column":84}}],"line":306}},"s":{"0":5,"1":5,"2":5,"3":5,"4":3,"5":3,"6":2,"7":0,"8":0,"9":2,"10":1,"11":5,"12":0,"13":0,"14":0,"15":0,"16":0,"17":0,"18":0,"19":0,"20":0,"21":0,"22":0,"23":0,"24":0,"25":0,"26":0,"27":0,"28":0,"29":0,"30":0,"31":0,"32":5,"33":12,"34":12,"35":12,"36":7,"37":7,"38":2,"39":7,"40":1,"41":1,"42":1,"43":7,"44":6,"45":1,"46":5,"47":1,"48":6,"49":6,"50":5,"51":5,"52":0,"53":5,"54":15,"55":5,"56":1,"57":2,"58":5,"59":2,"60":2,"61":4,"62":8,"63":5,"64":1,"65":1,"66":5,"67":1,"68":1,"69":5,"70":1,"71":5,"72":3,"73":3,"74":3,"75":2,"76":2,"77":1,"78":1,"79":1,"80":1,"81":1,"82":0,"83":1,"84":2,"85":1,"86":0,"87":1,"88":2,"89":1,"90":0,"91":5,"92":45,"93":45,"94":45,"95":1,"96":44,"97":44,"98":16,"99":4,"100":4,"101":4,"102":4,"103":4,"104":4,"105":44,"106":42,"107":42,"108":2,"109":2,"110":0,"111":2,"112":4,"113":4,"114":2,"115":1,"116":1,"117":1,"118":1,"119":0,"120":5,"121":7,"122":7,"123":7,"124":7,"125":5,"126":5,"127":1,"128":4,"129":1,"130":3,"131":5,"132":3,"133":3,"134":3,"135":3,"136":2,"137":2,"138":2,"139":0,"140":2,"141":3,"142":2,"143":0,"144":2,"145":2,"146":1,"147":1,"148":1,"149":1,"150":5,"151":8,"152":8,"153":8,"154":6,"155":6,"156":1,"157":5,"158":1,"159":4,"160":3,"161":3,"162":3,"163":2,"164":2,"165":0,"166":2,"167":2,"168":2,"169":0,"170":2,"171":1,"172":1,"173":1,"174":1},"f":{"0":3,"1":0,"2":0,"3":0,"4":12,"5":15,"6":2,"7":4,"8":8,"9":1,"10":1,"11":3,"12":2,"13":2,"14":45,"15":4,"16":16,"17":4,"18":7,"19":5,"20":3,"21":3,"22":8,"23":2},"b":{"0":[0,2],"1":[0,0],"2":[0,0],"3":[0,0],"4":[0,0],"5":[0,0],"6":[0,0],"7":[0,0],"8":[0,0],"9":[0,0],"10":[7,5],"11":[2,5],"12":[1,6],"13":[7,1,1],"14":[1,5],"15":[1,4],"16":[0,5],"17":[5,5],"18":[1,4],"19":[2,0],"20":[2,3],"21":[1,1],"22":[8,8],"23":[1,4],"24":[1,0],"25":[1,0],"26":[1,4],"27":[1,0],"28":[1,0],"29":[2,1],"30":[1,1],"31":[0,1],"32":[1,1,1],"33":[0,1],"34":[2,1],"35":[1,44],"36":[45,45,45,44,44],"37":[42,2],"38":[0,2],"39":[2,2],"40":[1,1],"41":[1,0],"42":[1,1],"43":[1,0],"44":[5,2],"45":[1,4],"46":[1,3],"47":[4,2],"48":[0,2],"49":[2,2],"50":[0,2],"51":[1,1],"52":[2,2],"53":[6,2],"54":[1,5],"55":[1,4],"56":[5,2],"57":[0,2],"58":[2,2],"59":[0,2],"60":[1,1],"61":[2,1]},"_coverageSchema":"1a1c01bbd47fc00a2c39e90264f33305004495a9","hash":"fbfb6f22de379a5e9b3da40fb838a29f98abb1b7"}
,"C:\\Users\\Δημήτρης Κοκκινάκος\\Documents\\Emergenshit-backend\\middleware\\auth.js": {"path":"C:\\Users\\Δημήτρης Κοκκινάκος\\Documents\\Emergenshit-backend\\middleware\\auth.js","statementMap":{"0":{"start":{"line":2,"column":12},"end":{"line":2,"column":35}},"1":{"start":{"line":4,"column":13},"end":{"line":15,"column":1}},"2":{"start":{"line":5,"column":17},"end":{"line":5,"column":42}},"3":{"start":{"line":6,"column":2},"end":{"line":6,"column":83}},"4":{"start":{"line":6,"column":15},"end":{"line":6,"column":83}},"5":{"start":{"line":7,"column":16},"end":{"line":7,"column":36}},"6":{"start":{"line":8,"column":2},"end":{"line":14,"column":3}},"7":{"start":{"line":9,"column":20},"end":{"line":9,"column":77}},"8":{"start":{"line":10,"column":4},"end":{"line":10,"column":23}},"9":{"start":{"line":11,"column":4},"end":{"line":11,"column":11}},"10":{"start":{"line":13,"column":4},"end":{"line":13,"column":76}},"11":{"start":{"line":17,"column":20},"end":{"line":21,"column":1}},"12":{"start":{"line":17,"column":30},"end":{"line":21,"column":1}},"13":{"start":{"line":18,"column":2},"end":{"line":18,"column":83}},"14":{"start":{"line":18,"column":17},"end":{"line":18,"column":83}},"15":{"start":{"line":19,"column":2},"end":{"line":19,"column":127}},"16":{"start":{"line":19,"column":59},"end":{"line":19,"column":127}},"17":{"start":{"line":20,"column":2},"end":{"line":20,"column":9}},"18":{"start":{"line":23,"column":0},"end":{"line":23,"column":39}}},"fnMap":{"0":{"name":"(anonymous_0)","decl":{"start":{"line":4,"column":13},"end":{"line":4,"column":14}},"loc":{"start":{"line":4,"column":33},"end":{"line":15,"column":1}},"line":4},"1":{"name":"(anonymous_1)","decl":{"start":{"line":17,"column":20},"end":{"line":17,"column":21}},"loc":{"start":{"line":17,"column":30},"end":{"line":21,"column":1}},"line":17},"2":{"name":"(anonymous_2)","decl":{"start":{"line":17,"column":30},"end":{"line":17,"column":31}},"loc":{"start":{"line":17,"column":50},"end":{"line":21,"column":1}},"line":17}},"branchMap":{"0":{"loc":{"start":{"line":6,"column":2},"end":{"line":6,"column":83}},"type":"if","locations":[{"start":{"line":6,"column":2},"end":{"line":6,"column":83}},{"start":{},"end":{}}],"line":6},"1":{"loc":{"start":{"line":9,"column":38},"end":{"line":9,"column":76}},"type":"binary-expr","locations":[{"start":{"line":9,"column":38},"end":{"line":9,"column":60}},{"start":{"line":9,"column":64},"end":{"line":9,"column":76}}],"line":9},"2":{"loc":{"start":{"line":18,"column":2},"end":{"line":18,"column":83}},"type":"if","locations":[{"start":{"line":18,"column":2},"end":{"line":18,"column":83}},{"start":{},"end":{}}],"line":18},"3":{"loc":{"start":{"line":19,"column":2},"end":{"line":19,"column":127}},"type":"if","locations":[{"start":{"line":19,"column":2},"end":{"line":19,"column":127}},{"start":{},"end":{}}],"line":19},"4":{"loc":{"start":{"line":19,"column":6},"end":{"line":19,"column":57}},"type":"binary-expr","locations":[{"start":{"line":19,"column":6},"end":{"line":19,"column":28}},{"start":{"line":19,"column":32},"end":{"line":19,"column":57}}],"line":19}},"s":{"0":6,"1":6,"2":123,"3":123,"4":4,"5":119,"6":119,"7":119,"8":116,"9":116,"10":3,"11":6,"12":4,"13":4,"14":1,"15":3,"16":1,"17":2,"18":6},"f":{"0":123,"1":4,"2":4},"b":{"0":[4,119],"1":[119,119],"2":[1,3],"3":[1,2],"4":[3,2]},"_coverageSchema":"1a1c01bbd47fc00a2c39e90264f33305004495a9","hash":"41b3e731f4a6ff793d7a2f950cdc5432962df2ca"}
,"C:\\Users\\Δημήτρης Κοκκινάκος\\Documents\\Emergenshit-backend\\middleware\\errorHandler.js": {"path":"C:\\Users\\Δημήτρης Κοκκινάκος\\Documents\\Emergenshit-backend\\middleware\\errorHandler.js","statementMap":{"0":{"start":{"line":2,"column":0},"end":{"line":5,"column":2}},"1":{"start":{"line":3,"column":2},"end":{"line":3,"column":21}},"2":{"start":{"line":4,"column":2},"end":{"line":4,"column":94}}},"fnMap":{"0":{"name":"(anonymous_0)","decl":{"start":{"line":2,"column":17},"end":{"line":2,"column":18}},"loc":{"start":{"line":2,"column":42},"end":{"line":5,"column":1}},"line":2}},"branchMap":{"0":{"loc":{"start":{"line":4,"column":13},"end":{"line":4,"column":30}},"type":"binary-expr","locations":[{"start":{"line":4,"column":13},"end":{"line":4,"column":23}},{"start":{"line":4,"column":27},"end":{"line":4,"column":30}}],"line":4},"1":{"loc":{"start":{"line":4,"column":61},"end":{"line":4,"column":90}},"type":"binary-expr","locations":[{"start":{"line":4,"column":61},"end":{"line":4,"column":72}},{"start":{"line":4,"column":76},"end":{"line":4,"column":90}}],"line":4}},"s":{"0":6,"1":14,"2":14},"f":{"0":14},"b":{"0":[14,13],"1":[14,1]},"_coverageSchema":"1a1c01bbd47fc00a2c39e90264f33305004495a9","hash":"cb9743738b6adb1c97f3e1684a51854a3905a56f"}
,"C:\\Users\\Δημήτρης Κοκκινάκος\\Documents\\Emergenshit-backend\\models\\Review.js": {"path":"C:\\Users\\Δημήτρης Κοκκινάκος\\Documents\\Emergenshit-backend\\models\\Review.js","statementMap":{"0":{"start":{"line":2,"column":17},"end":{"line":2,"column":36}},"1":{"start":{"line":4,"column":20},"end":{"line":8,"column":18}},"2":{"start":{"line":10,"column":20},"end":{"line":15,"column":18}},"3":{"start":{"line":17,"column":21},"end":{"line":34,"column":2}},"4":{"start":{"line":36,"column":0},"end":{"line":36,"column":82}}},"fnMap":{},"branchMap":{"0":{"loc":{"start":{"line":36,"column":17},"end":{"line":36,"column":81}},"type":"binary-expr","locations":[{"start":{"line":36,"column":17},"end":{"line":36,"column":39}},{"start":{"line":36,"column":43},"end":{"line":36,"column":81}}],"line":36}},"s":{"0":5,"1":5,"2":5,"3":5,"4":5},"f":{},"b":{"0":[5,5]},"_coverageSchema":"1a1c01bbd47fc00a2c39e90264f33305004495a9","hash":"a2916aeb1602a3604b2917b684d3b1031bef74f4"}
,"C:\\Users\\Δημήτρης Κοκκινάκος\\Documents\\Emergenshit-backend\\models\\Toilet.js": {"path":"C:\\Users\\Δημήτρης Κοκκινάκος\\Documents\\Emergenshit-backend\\models\\Toilet.js","statementMap":{"0":{"start":{"line":2,"column":17},"end":{"line":2,"column":36}},"1":{"start":{"line":4,"column":18},"end":{"line":7,"column":18}},"2":{"start":{"line":9,"column":20},"end":{"line":13,"column":18}},"3":{"start":{"line":15,"column":21},"end":{"line":33,"column":2}},"4":{"start":{"line":35,"column":0},"end":{"line":35,"column":82}}},"fnMap":{},"branchMap":{"0":{"loc":{"start":{"line":35,"column":17},"end":{"line":35,"column":81}},"type":"binary-expr","locations":[{"start":{"line":35,"column":17},"end":{"line":35,"column":39}},{"start":{"line":35,"column":43},"end":{"line":35,"column":81}}],"line":35}},"s":{"0":5,"1":5,"2":5,"3":5,"4":5},"f":{},"b":{"0":[5,5]},"_coverageSchema":"1a1c01bbd47fc00a2c39e90264f33305004495a9","hash":"753d75b85a1d97ceb640510860cb8fd846f96d73"}
,"C:\\Users\\Δημήτρης Κοκκινάκος\\Documents\\Emergenshit-backend\\models\\User.js": {"path":"C:\\Users\\Δημήτρης Κοκκινάκος\\Documents\\Emergenshit-backend\\models\\User.js","statementMap":{"0":{"start":{"line":2,"column":17},"end":{"line":2,"column":36}},"1":{"start":{"line":4,"column":19},"end":{"line":16,"column":2}},"2":{"start":{"line":18,"column":0},"end":{"line":18,"column":76}}},"fnMap":{},"branchMap":{"0":{"loc":{"start":{"line":18,"column":17},"end":{"line":18,"column":75}},"type":"binary-expr","locations":[{"start":{"line":18,"column":17},"end":{"line":18,"column":37}},{"start":{"line":18,"column":41},"end":{"line":18,"column":75}}],"line":18}},"s":{"0":5,"1":5,"2":5},"f":{},"b":{"0":[5,5]},"_coverageSchema":"1a1c01bbd47fc00a2c39e90264f33305004495a9","hash":"011e600e61ee8a4d730fe82bb71bdd6325dd6444"}
,"C:\\Users\\Δημήτρης Κοκκινάκος\\Documents\\Emergenshit-backend\\routes\\admin.js": {"path":"C:\\Users\\Δημήτρης Κοκκινάκος\\Documents\\Emergenshit-backend\\routes\\admin.js","statementMap":{"0":{"start":{"line":1,"column":16},"end":{"line":1,"column":34}},"1":{"start":{"line":2,"column":15},"end":{"line":2,"column":31}},"2":{"start":{"line":3,"column":17},"end":{"line":3,"column":46}},"3":{"start":{"line":4,"column":15},"end":{"line":4,"column":42}},"4":{"start":{"line":8,"column":2},"end":{"line":10,"column":3}},"5":{"start":{"line":9,"column":4},"end":{"line":9,"column":76}},"6":{"start":{"line":11,"column":2},"end":{"line":11,"column":9}},"7":{"start":{"line":15,"column":0},"end":{"line":18,"column":3}},"8":{"start":{"line":16,"column":15},"end":{"line":16,"column":53}},"9":{"start":{"line":17,"column":2},"end":{"line":17,"column":42}},"10":{"start":{"line":21,"column":0},"end":{"line":24,"column":3}},"11":{"start":{"line":22,"column":2},"end":{"line":22,"column":74}},"12":{"start":{"line":23,"column":2},"end":{"line":23,"column":51}},"13":{"start":{"line":27,"column":0},"end":{"line":30,"column":3}},"14":{"start":{"line":28,"column":2},"end":{"line":28,"column":75}},"15":{"start":{"line":29,"column":2},"end":{"line":29,"column":51}},"16":{"start":{"line":32,"column":0},"end":{"line":32,"column":24}}},"fnMap":{"0":{"name":"adminOnly","decl":{"start":{"line":7,"column":9},"end":{"line":7,"column":18}},"loc":{"start":{"line":7,"column":35},"end":{"line":12,"column":1}},"line":7},"1":{"name":"(anonymous_1)","decl":{"start":{"line":15,"column":40},"end":{"line":15,"column":41}},"loc":{"start":{"line":15,"column":60},"end":{"line":18,"column":1}},"line":15},"2":{"name":"(anonymous_2)","decl":{"start":{"line":21,"column":44},"end":{"line":21,"column":45}},"loc":{"start":{"line":21,"column":64},"end":{"line":24,"column":1}},"line":21},"3":{"name":"(anonymous_3)","decl":{"start":{"line":27,"column":43},"end":{"line":27,"column":44}},"loc":{"start":{"line":27,"column":63},"end":{"line":30,"column":1}},"line":27}},"branchMap":{"0":{"loc":{"start":{"line":8,"column":2},"end":{"line":10,"column":3}},"type":"if","locations":[{"start":{"line":8,"column":2},"end":{"line":10,"column":3}},{"start":{},"end":{}}],"line":8},"1":{"loc":{"start":{"line":8,"column":6},"end":{"line":8,"column":60}},"type":"binary-expr","locations":[{"start":{"line":8,"column":6},"end":{"line":8,"column":31}},{"start":{"line":8,"column":35},"end":{"line":8,"column":60}}],"line":8}},"s":{"0":5,"1":5,"2":5,"3":5,"4":6,"5":3,"6":3,"7":5,"8":1,"9":1,"10":5,"11":1,"12":1,"13":5,"14":1,"15":1,"16":5},"f":{"0":6,"1":1,"2":1,"3":1},"b":{"0":[3,3],"1":[6,6]},"_coverageSchema":"1a1c01bbd47fc00a2c39e90264f33305004495a9","hash":"6d1bf825191ba6aa3f17b1f55467da7303cf3e81"}
,"C:\\Users\\Δημήτρης Κοκκινάκος\\Documents\\Emergenshit-backend\\routes\\auth.js": {"path":"C:\\Users\\Δημήτρης Κοκκινάκος\\Documents\\Emergenshit-backend\\routes\\auth.js","statementMap":{"0":{"start":{"line":2,"column":16},"end":{"line":2,"column":34}},"1":{"start":{"line":3,"column":15},"end":{"line":3,"column":31}},"2":{"start":{"line":4,"column":23},"end":{"line":4,"column":63}},"3":{"start":{"line":6,"column":0},"end":{"line":6,"column":50}},"4":{"start":{"line":7,"column":0},"end":{"line":7,"column":44}},"5":{"start":{"line":9,"column":0},"end":{"line":9,"column":24}}},"fnMap":{},"branchMap":{},"s":{"0":5,"1":5,"2":5,"3":5,"4":5,"5":5},"f":{},"b":{},"_coverageSchema":"1a1c01bbd47fc00a2c39e90264f33305004495a9","hash":"559927f7536a6d13b75699fa55c317d80e9def5d"}
,"C:\\Users\\Δημήτρης Κοκκινάκος\\Documents\\Emergenshit-backend\\routes\\reviews.js": {"path":"C:\\Users\\Δημήτρης Κοκκινάκος\\Documents\\Emergenshit-backend\\routes\\reviews.js","statementMap":{"0":{"start":{"line":2,"column":16},"end":{"line":2,"column":34}},"1":{"start":{"line":3,"column":15},"end":{"line":3,"column":31}},"2":{"start":{"line":4,"column":26},"end":{"line":4,"column":69}},"3":{"start":{"line":5,"column":17},"end":{"line":5,"column":46}},"4":{"start":{"line":7,"column":0},"end":{"line":7,"column":49}},"5":{"start":{"line":8,"column":0},"end":{"line":8,"column":64}},"6":{"start":{"line":9,"column":0},"end":{"line":9,"column":51}},"7":{"start":{"line":10,"column":0},"end":{"line":10,"column":54}},"8":{"start":{"line":11,"column":0},"end":{"line":11,"column":55}},"9":{"start":{"line":12,"column":0},"end":{"line":12,"column":61}},"10":{"start":{"line":15,"column":0},"end":{"line":15,"column":24}}},"fnMap":{},"branchMap":{},"s":{"0":5,"1":5,"2":5,"3":5,"4":5,"5":5,"6":5,"7":5,"8":5,"9":5,"10":5},"f":{},"b":{},"_coverageSchema":"1a1c01bbd47fc00a2c39e90264f33305004495a9","hash":"bdbc1e1665478441354478dbaea6dd0084078e60"}
,"C:\\Users\\Δημήτρης Κοκκινάκος\\Documents\\Emergenshit-backend\\routes\\search.js": {"path":"C:\\Users\\Δημήτρης Κοκκινάκος\\Documents\\Emergenshit-backend\\routes\\search.js","statementMap":{"0":{"start":{"line":2,"column":16},"end":{"line":2,"column":34}},"1":{"start":{"line":3,"column":15},"end":{"line":3,"column":31}},"2":{"start":{"line":4,"column":25},"end":{"line":4,"column":67}},"3":{"start":{"line":6,"column":0},"end":{"line":6,"column":47}},"4":{"start":{"line":8,"column":0},"end":{"line":8,"column":24}}},"fnMap":{},"branchMap":{},"s":{"0":5,"1":5,"2":5,"3":5,"4":5},"f":{},"b":{},"_coverageSchema":"1a1c01bbd47fc00a2c39e90264f33305004495a9","hash":"f687599f0ef8d4629f82e584b1f79dda15703cac"}
,"C:\\Users\\Δημήτρης Κοκκινάκος\\Documents\\Emergenshit-backend\\routes\\toilets.js": {"path":"C:\\Users\\Δημήτρης Κοκκινάκος\\Documents\\Emergenshit-backend\\routes\\toilets.js","statementMap":{"0":{"start":{"line":2,"column":16},"end":{"line":2,"column":34}},"1":{"start":{"line":3,"column":15},"end":{"line":3,"column":31}},"2":{"start":{"line":4,"column":26},"end":{"line":4,"column":69}},"3":{"start":{"line":5,"column":17},"end":{"line":5,"column":46}},"4":{"start":{"line":7,"column":0},"end":{"line":7,"column":40}},"5":{"start":{"line":8,"column":0},"end":{"line":8,"column":46}},"6":{"start":{"line":9,"column":0},"end":{"line":9,"column":49}},"7":{"start":{"line":10,"column":0},"end":{"line":10,"column":51}},"8":{"start":{"line":11,"column":0},"end":{"line":11,"column":54}},"9":{"start":{"line":13,"column":0},"end":{"line":13,"column":24}}},"fnMap":{},"branchMap":{},"s":{"0":5,"1":5,"2":5,"3":5,"4":5,"5":5,"6":5,"7":5,"8":5,"9":5},"f":{},"b":{},"_coverageSchema":"1a1c01bbd47fc00a2c39e90264f33305004495a9","hash":"63dd2697ec7003ff5c09a0472d741053972e78fb"}
}
