{"C:\\Users\\Δημήτρης Κοκκινάκος\\Documents\\Emergenshit-backend\\app.js": {"path":"C:\\Users\\Δημήτρης Κοκκινάκος\\Documents\\Emergenshit-backend\\app.js","statementMap":{"0":{"start":{"line":3,"column":0},"end":{"line":3,"column":27}},"1":{"start":{"line":4,"column":16},"end":{"line":4,"column":34}},"2":{"start":{"line":5,"column":15},"end":{"line":5,"column":32}},"3":{"start":{"line":6,"column":13},"end":{"line":6,"column":28}},"4":{"start":{"line":7,"column":21},"end":{"line":7,"column":57}},"5":{"start":{"line":10,"column":18},"end":{"line":10,"column":40}},"6":{"start":{"line":14,"column":19},"end":{"line":14,"column":43}},"7":{"start":{"line":15,"column":22},"end":{"line":15,"column":49}},"8":{"start":{"line":16,"column":22},"end":{"line":16,"column":49}},"9":{"start":{"line":17,"column":21},"end":{"line":17,"column":47}},"10":{"start":{"line":18,"column":20},"end":{"line":18,"column":45}},"11":{"start":{"line":22,"column":0},"end":{"line":24,"column":1}},"12":{"start":{"line":23,"column":4},"end":{"line":23,"column":16}},"13":{"start":{"line":28,"column":17},"end":{"line":28,"column":43}},"14":{"start":{"line":31,"column":0},"end":{"line":33,"column":1}},"15":{"start":{"line":32,"column":4},"end":{"line":32,"column":27}},"16":{"start":{"line":36,"column":12},"end":{"line":36,"column":21}},"17":{"start":{"line":38,"column":0},"end":{"line":38,"column":16}},"18":{"start":{"line":39,"column":0},"end":{"line":39,"column":24}},"19":{"start":{"line":40,"column":0},"end":{"line":40,"column":23}},"20":{"start":{"line":42,"column":0},"end":{"line":44,"column":3}},"21":{"start":{"line":43,"column":2},"end":{"line":43,"column":41}},"22":{"start":{"line":47,"column":0},"end":{"line":47,"column":33}},"23":{"start":{"line":48,"column":0},"end":{"line":48,"column":39}},"24":{"start":{"line":49,"column":0},"end":{"line":49,"column":39}},"25":{"start":{"line":50,"column":0},"end":{"line":50,"column":37}},"26":{"start":{"line":51,"column":0},"end":{"line":51,"column":35}},"27":{"start":{"line":54,"column":0},"end":{"line":54,"column":22}},"28":{"start":{"line":56,"column":0},"end":{"line":56,"column":21}}},"fnMap":{"0":{"name":"(anonymous_0)","decl":{"start":{"line":42,"column":13},"end":{"line":42,"column":14}},"loc":{"start":{"line":42,"column":27},"end":{"line":44,"column":1}},"line":42}},"branchMap":{"0":{"loc":{"start":{"line":22,"column":0},"end":{"line":24,"column":1}},"type":"if","locations":[{"start":{"line":22,"column":0},"end":{"line":24,"column":1}},{"start":{},"end":{}}],"line":22},"1":{"loc":{"start":{"line":31,"column":0},"end":{"line":33,"column":1}},"type":"if","locations":[{"start":{"line":31,"column":0},"end":{"line":33,"column":1}},{"start":{},"end":{}}],"line":31},"2":{"loc":{"start":{"line":31,"column":4},"end":{"line":31,"column":63}},"type":"binary-expr","locations":[{"start":{"line":31,"column":4},"end":{"line":31,"column":28}},{"start":{"line":31,"column":32},"end":{"line":31,"column":63}}],"line":31}},"s":{"0":5,"1":5,"2":5,"3":5,"4":5,"5":5,"6":5,"7":5,"8":5,"9":5,"10":5,"11":5,"12":0,"13":5,"14":5,"15":5,"16":5,"17":5,"18":5,"19":5,"20":5,"21":0,"22":5,"23":5,"24":5,"25":5,"26":5,"27":5,"28":5},"f":{"0":0},"b":{"0":[0,5],"1":[5,0],"2":[5,5]},"_coverageSchema":"1a1c01bbd47fc00a2c39e90264f33305004495a9","hash":"24ad27d1352d2edb6c0659fb5c577d903213db61"}
,"C:\\Users\\Δημήτρης Κοκκινάκος\\Documents\\Emergenshit-backend\\config\\db.js": {"path":"C:\\Users\\Δημήτρης Κοκκινάκος\\Documents\\Emergenshit-backend\\config\\db.js","statementMap":{"0":{"start":{"line":2,"column":17},"end":{"line":2,"column":36}},"1":{"start":{"line":4,"column":18},"end":{"line":18,"column":1}},"2":{"start":{"line":6,"column":4},"end":{"line":9,"column":5}},"3":{"start":{"line":7,"column":8},"end":{"line":7,"column":52}},"4":{"start":{"line":8,"column":8},"end":{"line":8,"column":15}},"5":{"start":{"line":11,"column":4},"end":{"line":17,"column":5}},"6":{"start":{"line":12,"column":8},"end":{"line":12,"column":56}},"7":{"start":{"line":13,"column":8},"end":{"line":13,"column":43}},"8":{"start":{"line":15,"column":8},"end":{"line":15,"column":59}},"9":{"start":{"line":16,"column":8},"end":{"line":16,"column":24}},"10":{"start":{"line":20,"column":0},"end":{"line":20,"column":27}}},"fnMap":{"0":{"name":"(anonymous_0)","decl":{"start":{"line":4,"column":18},"end":{"line":4,"column":19}},"loc":{"start":{"line":4,"column":30},"end":{"line":18,"column":1}},"line":4}},"branchMap":{"0":{"loc":{"start":{"line":6,"column":4},"end":{"line":9,"column":5}},"type":"if","locations":[{"start":{"line":6,"column":4},"end":{"line":9,"column":5}},{"start":{},"end":{}}],"line":6}},"s":{"0":5,"1":5,"2":0,"3":0,"4":0,"5":0,"6":0,"7":0,"8":0,"9":0,"10":5},"f":{"0":0},"b":{"0":[0,0]},"_coverageSchema":"1a1c01bbd47fc00a2c39e90264f33305004495a9","hash":"8cf55215bfd4f2b2db04b7f85fbe0a71d1fcb8da"}
,"C:\\Users\\Δημήτρης Κοκκινάκος\\Documents\\Emergenshit-backend\\controllers\\authController.js": {"path":"C:\\Users\\Δημήτρης Κοκκινάκος\\Documents\\Emergenshit-backend\\controllers\\authController.js","statementMap":{"0":{"start":{"line":2,"column":15},"end":{"line":2,"column":34}},"1":{"start":{"line":3,"column":12},"end":{"line":3,"column":35}},"2":{"start":{"line":4,"column":21},"end":{"line":4,"column":36}},"3":{"start":{"line":5,"column":13},"end":{"line":5,"column":38}},"4":{"start":{"line":9,"column":18},"end":{"line":15,"column":1}},"5":{"start":{"line":10,"column":2},"end":{"line":14,"column":4}},"6":{"start":{"line":19,"column":2},"end":{"line":21,"column":3}},"7":{"start":{"line":20,"column":4},"end":{"line":20,"column":43}},"8":{"start":{"line":22,"column":2},"end":{"line":22,"column":18}},"9":{"start":{"line":25,"column":0},"end":{"line":77,"column":2}},"10":{"start":{"line":26,"column":2},"end":{"line":76,"column":3}},"11":{"start":{"line":27,"column":38},"end":{"line":27,"column":46}},"12":{"start":{"line":28,"column":4},"end":{"line":30,"column":5}},"13":{"start":{"line":29,"column":6},"end":{"line":29,"column":93}},"14":{"start":{"line":32,"column":27},"end":{"line":32,"column":53}},"15":{"start":{"line":34,"column":4},"end":{"line":49,"column":5}},"16":{"start":{"line":35,"column":21},"end":{"line":35,"column":50}},"17":{"start":{"line":36,"column":6},"end":{"line":36,"column":89}},"18":{"start":{"line":36,"column":18},"end":{"line":36,"column":89}},"19":{"start":{"line":38,"column":19},"end":{"line":44,"column":8}},"20":{"start":{"line":46,"column":20},"end":{"line":46,"column":35}},"21":{"start":{"line":48,"column":6},"end":{"line":48,"column":65}},"22":{"start":{"line":52,"column":17},"end":{"line":52,"column":28}},"23":{"start":{"line":53,"column":4},"end":{"line":53,"column":110}},"24":{"start":{"line":53,"column":30},"end":{"line":53,"column":110}},"25":{"start":{"line":55,"column":18},"end":{"line":55,"column":57}},"26":{"start":{"line":55,"column":39},"end":{"line":55,"column":56}},"27":{"start":{"line":56,"column":4},"end":{"line":56,"column":86}},"28":{"start":{"line":56,"column":15},"end":{"line":56,"column":86}},"29":{"start":{"line":58,"column":17},"end":{"line":67,"column":5}},"30":{"start":{"line":69,"column":4},"end":{"line":69,"column":26}},"31":{"start":{"line":70,"column":18},"end":{"line":70,"column":33}},"32":{"start":{"line":72,"column":4},"end":{"line":72,"column":63}},"33":{"start":{"line":75,"column":4},"end":{"line":75,"column":14}},"34":{"start":{"line":79,"column":0},"end":{"line":114,"column":2}},"35":{"start":{"line":80,"column":2},"end":{"line":113,"column":3}},"36":{"start":{"line":81,"column":32},"end":{"line":81,"column":40}},"37":{"start":{"line":82,"column":4},"end":{"line":83,"column":88}},"38":{"start":{"line":83,"column":6},"end":{"line":83,"column":88}},"39":{"start":{"line":85,"column":4},"end":{"line":95,"column":5}},"40":{"start":{"line":86,"column":19},"end":{"line":86,"column":48}},"41":{"start":{"line":87,"column":6},"end":{"line":87,"column":95}},"42":{"start":{"line":87,"column":17},"end":{"line":87,"column":95}},"43":{"start":{"line":89,"column":17},"end":{"line":89,"column":66}},"44":{"start":{"line":90,"column":6},"end":{"line":90,"column":93}},"45":{"start":{"line":90,"column":15},"end":{"line":90,"column":93}},"46":{"start":{"line":92,"column":20},"end":{"line":92,"column":35}},"47":{"start":{"line":94,"column":6},"end":{"line":94,"column":65}},"48":{"start":{"line":98,"column":17},"end":{"line":98,"column":28}},"49":{"start":{"line":99,"column":4},"end":{"line":99,"column":110}},"50":{"start":{"line":99,"column":30},"end":{"line":99,"column":110}},"51":{"start":{"line":101,"column":17},"end":{"line":101,"column":56}},"52":{"start":{"line":101,"column":38},"end":{"line":101,"column":55}},"53":{"start":{"line":102,"column":4},"end":{"line":102,"column":93}},"54":{"start":{"line":102,"column":15},"end":{"line":102,"column":93}},"55":{"start":{"line":104,"column":15},"end":{"line":104,"column":64}},"56":{"start":{"line":105,"column":4},"end":{"line":105,"column":91}},"57":{"start":{"line":105,"column":13},"end":{"line":105,"column":91}},"58":{"start":{"line":107,"column":18},"end":{"line":107,"column":33}},"59":{"start":{"line":109,"column":4},"end":{"line":109,"column":63}},"60":{"start":{"line":112,"column":4},"end":{"line":112,"column":14}}},"fnMap":{"0":{"name":"(anonymous_0)","decl":{"start":{"line":9,"column":18},"end":{"line":9,"column":19}},"loc":{"start":{"line":9,"column":28},"end":{"line":15,"column":1}},"line":9},"1":{"name":"ensureHash","decl":{"start":{"line":18,"column":15},"end":{"line":18,"column":25}},"loc":{"start":{"line":18,"column":36},"end":{"line":23,"column":1}},"line":18},"2":{"name":"(anonymous_2)","decl":{"start":{"line":25,"column":19},"end":{"line":25,"column":20}},"loc":{"start":{"line":25,"column":45},"end":{"line":77,"column":1}},"line":25},"3":{"name":"(anonymous_3)","decl":{"start":{"line":55,"column":34},"end":{"line":55,"column":35}},"loc":{"start":{"line":55,"column":39},"end":{"line":55,"column":56}},"line":55},"4":{"name":"(anonymous_4)","decl":{"start":{"line":79,"column":16},"end":{"line":79,"column":17}},"loc":{"start":{"line":79,"column":42},"end":{"line":114,"column":1}},"line":79},"5":{"name":"(anonymous_5)","decl":{"start":{"line":101,"column":33},"end":{"line":101,"column":34}},"loc":{"start":{"line":101,"column":38},"end":{"line":101,"column":55}},"line":101}},"branchMap":{"0":{"loc":{"start":{"line":12,"column":4},"end":{"line":12,"column":42}},"type":"binary-expr","locations":[{"start":{"line":12,"column":4},"end":{"line":12,"column":26}},{"start":{"line":12,"column":30},"end":{"line":12,"column":42}}],"line":12},"1":{"loc":{"start":{"line":13,"column":17},"end":{"line":13,"column":51}},"type":"binary-expr","locations":[{"start":{"line":13,"column":17},"end":{"line":13,"column":43}},{"start":{"line":13,"column":47},"end":{"line":13,"column":51}}],"line":13},"2":{"loc":{"start":{"line":19,"column":2},"end":{"line":21,"column":3}},"type":"if","locations":[{"start":{"line":19,"column":2},"end":{"line":21,"column":3}},{"start":{},"end":{}}],"line":19},"3":{"loc":{"start":{"line":28,"column":4},"end":{"line":30,"column":5}},"type":"if","locations":[{"start":{"line":28,"column":4},"end":{"line":30,"column":5}},{"start":{},"end":{}}],"line":28},"4":{"loc":{"start":{"line":28,"column":8},"end":{"line":28,"column":36}},"type":"binary-expr","locations":[{"start":{"line":28,"column":8},"end":{"line":28,"column":13}},{"start":{"line":28,"column":17},"end":{"line":28,"column":23}},{"start":{"line":28,"column":27},"end":{"line":28,"column":36}}],"line":28},"5":{"loc":{"start":{"line":34,"column":4},"end":{"line":49,"column":5}},"type":"if","locations":[{"start":{"line":34,"column":4},"end":{"line":49,"column":5}},{"start":{},"end":{}}],"line":34},"6":{"loc":{"start":{"line":36,"column":6},"end":{"line":36,"column":89}},"type":"if","locations":[{"start":{"line":36,"column":6},"end":{"line":36,"column":89}},{"start":{},"end":{}}],"line":36},"7":{"loc":{"start":{"line":53,"column":4},"end":{"line":53,"column":110}},"type":"if","locations":[{"start":{"line":53,"column":4},"end":{"line":53,"column":110}},{"start":{},"end":{}}],"line":53},"8":{"loc":{"start":{"line":53,"column":8},"end":{"line":53,"column":28}},"type":"binary-expr","locations":[{"start":{"line":53,"column":8},"end":{"line":53,"column":13}},{"start":{"line":53,"column":17},"end":{"line":53,"column":28}}],"line":53},"9":{"loc":{"start":{"line":56,"column":4},"end":{"line":56,"column":86}},"type":"if","locations":[{"start":{"line":56,"column":4},"end":{"line":56,"column":86}},{"start":{},"end":{}}],"line":56},"10":{"loc":{"start":{"line":82,"column":4},"end":{"line":83,"column":88}},"type":"if","locations":[{"start":{"line":82,"column":4},"end":{"line":83,"column":88}},{"start":{},"end":{}}],"line":82},"11":{"loc":{"start":{"line":82,"column":8},"end":{"line":82,"column":27}},"type":"binary-expr","locations":[{"start":{"line":82,"column":8},"end":{"line":82,"column":14}},{"start":{"line":82,"column":18},"end":{"line":82,"column":27}}],"line":82},"12":{"loc":{"start":{"line":85,"column":4},"end":{"line":95,"column":5}},"type":"if","locations":[{"start":{"line":85,"column":4},"end":{"line":95,"column":5}},{"start":{},"end":{}}],"line":85},"13":{"loc":{"start":{"line":87,"column":6},"end":{"line":87,"column":95}},"type":"if","locations":[{"start":{"line":87,"column":6},"end":{"line":87,"column":95}},{"start":{},"end":{}}],"line":87},"14":{"loc":{"start":{"line":90,"column":6},"end":{"line":90,"column":93}},"type":"if","locations":[{"start":{"line":90,"column":6},"end":{"line":90,"column":93}},{"start":{},"end":{}}],"line":90},"15":{"loc":{"start":{"line":99,"column":4},"end":{"line":99,"column":110}},"type":"if","locations":[{"start":{"line":99,"column":4},"end":{"line":99,"column":110}},{"start":{},"end":{}}],"line":99},"16":{"loc":{"start":{"line":99,"column":8},"end":{"line":99,"column":28}},"type":"binary-expr","locations":[{"start":{"line":99,"column":8},"end":{"line":99,"column":13}},{"start":{"line":99,"column":17},"end":{"line":99,"column":28}}],"line":99},"17":{"loc":{"start":{"line":102,"column":4},"end":{"line":102,"column":93}},"type":"if","locations":[{"start":{"line":102,"column":4},"end":{"line":102,"column":93}},{"start":{},"end":{}}],"line":102},"18":{"loc":{"start":{"line":105,"column":4},"end":{"line":105,"column":91}},"type":"if","locations":[{"start":{"line":105,"column":4},"end":{"line":105,"column":91}},{"start":{},"end":{}}],"line":105}},"s":{"0":5,"1":5,"2":5,"3":5,"4":5,"5":19,"6":11,"7":11,"8":0,"9":5,"10":12,"11":12,"12":12,"13":1,"14":11,"15":11,"16":9,"17":9,"18":1,"19":8,"20":7,"21":7,"22":2,"23":2,"24":0,"25":2,"26":2,"27":2,"28":1,"29":1,"30":1,"31":1,"32":1,"33":1,"34":5,"35":17,"36":17,"37":17,"38":1,"39":16,"40":12,"41":11,"42":0,"43":11,"44":11,"45":1,"46":10,"47":10,"48":4,"49":4,"50":1,"51":3,"52":4,"53":3,"54":1,"55":2,"56":2,"57":1,"58":1,"59":1,"60":1},"f":{"0":19,"1":11,"2":12,"3":2,"4":17,"5":4},"b":{"0":[19,0],"1":[19,0],"2":[11,0],"3":[1,11],"4":[12,11,11],"5":[9,2],"6":[1,8],"7":[0,2],"8":[2,2],"9":[1,1],"10":[1,16],"11":[17,17],"12":[12,4],"13":[0,11],"14":[1,10],"15":[1,3],"16":[4,4],"17":[1,2],"18":[1,1]},"_coverageSchema":"1a1c01bbd47fc00a2c39e90264f33305004495a9","hash":"7190059eb869a0718239f90d56099321bb1887ef"}
,"C:\\Users\\Δημήτρης Κοκκινάκος\\Documents\\Emergenshit-backend\\controllers\\reviewsController.js": {"path":"C:\\Users\\Δημήτρης Κοκκινάκος\\Documents\\Emergenshit-backend\\controllers\\reviewsController.js","statementMap":{"0":{"start":{"line":2,"column":21},"end":{"line":2,"column":36}},"1":{"start":{"line":3,"column":15},"end":{"line":3,"column":42}},"2":{"start":{"line":4,"column":15},"end":{"line":4,"column":42}},"3":{"start":{"line":13,"column":37},"end":{"line":13,"column":84}},"4":{"start":{"line":21,"column":34},"end":{"line":53,"column":1}},"5":{"start":{"line":23,"column":15},"end":{"line":23,"column":26}},"6":{"start":{"line":24,"column":2},"end":{"line":24,"column":54}},"7":{"start":{"line":24,"column":47},"end":{"line":24,"column":54}},"8":{"start":{"line":26,"column":17},"end":{"line":26,"column":64}},"9":{"start":{"line":26,"column":40},"end":{"line":26,"column":63}},"10":{"start":{"line":27,"column":2},"end":{"line":27,"column":22}},"11":{"start":{"line":27,"column":15},"end":{"line":27,"column":22}},"12":{"start":{"line":28,"column":18},"end":{"line":28,"column":83}},"13":{"start":{"line":28,"column":43},"end":{"line":28,"column":82}},"14":{"start":{"line":29,"column":2},"end":{"line":37,"column":3}},"15":{"start":{"line":30,"column":4},"end":{"line":30,"column":29}},"16":{"start":{"line":31,"column":4},"end":{"line":31,"column":33}},"17":{"start":{"line":32,"column":4},"end":{"line":32,"column":28}},"18":{"start":{"line":33,"column":4},"end":{"line":33,"column":34}},"19":{"start":{"line":34,"column":4},"end":{"line":34,"column":31}},"20":{"start":{"line":35,"column":4},"end":{"line":35,"column":27}},"21":{"start":{"line":36,"column":4},"end":{"line":36,"column":11}},"22":{"start":{"line":38,"column":14},"end":{"line":38,"column":81}},"23":{"start":{"line":39,"column":2},"end":{"line":45,"column":5}},"24":{"start":{"line":40,"column":4},"end":{"line":40,"column":50}},"25":{"start":{"line":41,"column":4},"end":{"line":41,"column":40}},"26":{"start":{"line":42,"column":4},"end":{"line":42,"column":52}},"27":{"start":{"line":43,"column":4},"end":{"line":43,"column":46}},"28":{"start":{"line":44,"column":4},"end":{"line":44,"column":42}},"29":{"start":{"line":46,"column":2},"end":{"line":46,"column":76}},"30":{"start":{"line":47,"column":2},"end":{"line":47,"column":66}},"31":{"start":{"line":48,"column":2},"end":{"line":48,"column":78}},"32":{"start":{"line":49,"column":2},"end":{"line":49,"column":72}},"33":{"start":{"line":50,"column":2},"end":{"line":50,"column":68}},"34":{"start":{"line":51,"column":2},"end":{"line":51,"column":38}},"35":{"start":{"line":52,"column":2},"end":{"line":52,"column":46}},"36":{"start":{"line":58,"column":0},"end":{"line":106,"column":2}},"37":{"start":{"line":59,"column":2},"end":{"line":105,"column":30}},"38":{"start":{"line":60,"column":127},"end":{"line":60,"column":135}},"39":{"start":{"line":61,"column":4},"end":{"line":61,"column":138}},"40":{"start":{"line":61,"column":44},"end":{"line":61,"column":138}},"41":{"start":{"line":64,"column":4},"end":{"line":75,"column":5}},"42":{"start":{"line":65,"column":23},"end":{"line":65,"column":100}},"43":{"start":{"line":66,"column":6},"end":{"line":66,"column":113}},"44":{"start":{"line":66,"column":20},"end":{"line":66,"column":113}},"45":{"start":{"line":69,"column":21},"end":{"line":69,"column":199}},"46":{"start":{"line":72,"column":6},"end":{"line":72,"column":47}},"47":{"start":{"line":74,"column":6},"end":{"line":74,"column":66}},"48":{"start":{"line":78,"column":17},"end":{"line":78,"column":28}},"49":{"start":{"line":79,"column":4},"end":{"line":79,"column":112}},"50":{"start":{"line":79,"column":32},"end":{"line":79,"column":112}},"51":{"start":{"line":81,"column":21},"end":{"line":81,"column":116}},"52":{"start":{"line":81,"column":44},"end":{"line":81,"column":115}},"53":{"start":{"line":82,"column":4},"end":{"line":82,"column":111}},"54":{"start":{"line":82,"column":18},"end":{"line":82,"column":111}},"55":{"start":{"line":84,"column":19},"end":{"line":101,"column":5}},"56":{"start":{"line":102,"column":4},"end":{"line":102,"column":30}},"57":{"start":{"line":103,"column":4},"end":{"line":103,"column":40}},"58":{"start":{"line":104,"column":4},"end":{"line":104,"column":57}},"59":{"start":{"line":105,"column":18},"end":{"line":105,"column":28}},"60":{"start":{"line":108,"column":0},"end":{"line":124,"column":2}},"61":{"start":{"line":109,"column":2},"end":{"line":123,"column":30}},"62":{"start":{"line":110,"column":21},"end":{"line":110,"column":40}},"63":{"start":{"line":111,"column":4},"end":{"line":115,"column":5}},"64":{"start":{"line":113,"column":22},"end":{"line":113,"column":82}},"65":{"start":{"line":114,"column":6},"end":{"line":114,"column":55}},"66":{"start":{"line":118,"column":17},"end":{"line":118,"column":28}},"67":{"start":{"line":119,"column":4},"end":{"line":119,"column":112}},"68":{"start":{"line":119,"column":32},"end":{"line":119,"column":112}},"69":{"start":{"line":121,"column":17},"end":{"line":121,"column":82}},"70":{"start":{"line":121,"column":42},"end":{"line":121,"column":81}},"71":{"start":{"line":122,"column":4},"end":{"line":122,"column":43}},"72":{"start":{"line":123,"column":18},"end":{"line":123,"column":28}},"73":{"start":{"line":126,"column":0},"end":{"line":157,"column":2}},"74":{"start":{"line":127,"column":2},"end":{"line":156,"column":30}},"75":{"start":{"line":128,"column":15},"end":{"line":128,"column":28}},"76":{"start":{"line":129,"column":20},"end":{"line":129,"column":28}},"77":{"start":{"line":130,"column":4},"end":{"line":143,"column":5}},"78":{"start":{"line":131,"column":21},"end":{"line":131,"column":59}},"79":{"start":{"line":132,"column":6},"end":{"line":132,"column":87}},"80":{"start":{"line":132,"column":19},"end":{"line":132,"column":87}},"81":{"start":{"line":133,"column":6},"end":{"line":133,"column":142}},"82":{"start":{"line":133,"column":74},"end":{"line":133,"column":142}},"83":{"start":{"line":136,"column":6},"end":{"line":136,"column":64}},"84":{"start":{"line":137,"column":6},"end":{"line":137,"column":26}},"85":{"start":{"line":140,"column":6},"end":{"line":140,"column":54}},"86":{"start":{"line":142,"column":6},"end":{"line":142,"column":54}},"87":{"start":{"line":146,"column":17},"end":{"line":146,"column":28}},"88":{"start":{"line":147,"column":4},"end":{"line":147,"column":112}},"89":{"start":{"line":147,"column":32},"end":{"line":147,"column":112}},"90":{"start":{"line":149,"column":16},"end":{"line":149,"column":62}},"91":{"start":{"line":149,"column":44},"end":{"line":149,"column":61}},"92":{"start":{"line":150,"column":4},"end":{"line":150,"column":88}},"93":{"start":{"line":150,"column":20},"end":{"line":150,"column":88}},"94":{"start":{"line":151,"column":19},"end":{"line":151,"column":36}},"95":{"start":{"line":152,"column":4},"end":{"line":152,"column":140}},"96":{"start":{"line":152,"column":72},"end":{"line":152,"column":140}},"97":{"start":{"line":153,"column":4},"end":{"line":153,"column":87}},"98":{"start":{"line":154,"column":4},"end":{"line":154,"column":58}},"99":{"start":{"line":155,"column":4},"end":{"line":155,"column":56}},"100":{"start":{"line":156,"column":18},"end":{"line":156,"column":28}},"101":{"start":{"line":159,"column":0},"end":{"line":189,"column":2}},"102":{"start":{"line":160,"column":2},"end":{"line":188,"column":30}},"103":{"start":{"line":161,"column":15},"end":{"line":161,"column":28}},"104":{"start":{"line":162,"column":4},"end":{"line":175,"column":5}},"105":{"start":{"line":163,"column":21},"end":{"line":163,"column":59}},"106":{"start":{"line":164,"column":6},"end":{"line":164,"column":87}},"107":{"start":{"line":164,"column":19},"end":{"line":164,"column":87}},"108":{"start":{"line":165,"column":6},"end":{"line":165,"column":142}},"109":{"start":{"line":165,"column":74},"end":{"line":165,"column":142}},"110":{"start":{"line":168,"column":6},"end":{"line":168,"column":30}},"111":{"start":{"line":169,"column":6},"end":{"line":169,"column":26}},"112":{"start":{"line":172,"column":6},"end":{"line":172,"column":54}},"113":{"start":{"line":174,"column":6},"end":{"line":174,"column":59}},"114":{"start":{"line":178,"column":17},"end":{"line":178,"column":28}},"115":{"start":{"line":179,"column":4},"end":{"line":179,"column":112}},"116":{"start":{"line":179,"column":32},"end":{"line":179,"column":112}},"117":{"start":{"line":181,"column":16},"end":{"line":181,"column":62}},"118":{"start":{"line":181,"column":44},"end":{"line":181,"column":61}},"119":{"start":{"line":182,"column":4},"end":{"line":182,"column":88}},"120":{"start":{"line":182,"column":20},"end":{"line":182,"column":88}},"121":{"start":{"line":183,"column":19},"end":{"line":183,"column":36}},"122":{"start":{"line":184,"column":4},"end":{"line":184,"column":140}},"123":{"start":{"line":184,"column":72},"end":{"line":184,"column":140}},"124":{"start":{"line":185,"column":4},"end":{"line":185,"column":39}},"125":{"start":{"line":186,"column":4},"end":{"line":186,"column":58}},"126":{"start":{"line":187,"column":4},"end":{"line":187,"column":50}},"127":{"start":{"line":188,"column":18},"end":{"line":188,"column":28}},"128":{"start":{"line":193,"column":0},"end":{"line":244,"column":2}},"129":{"start":{"line":194,"column":2},"end":{"line":243,"column":30}},"130":{"start":{"line":195,"column":21},"end":{"line":195,"column":34}},"131":{"start":{"line":196,"column":19},"end":{"line":196,"column":34}},"132":{"start":{"line":198,"column":4},"end":{"line":219,"column":5}},"133":{"start":{"line":199,"column":18},"end":{"line":199,"column":70}},"134":{"start":{"line":200,"column":6},"end":{"line":200,"column":86}},"135":{"start":{"line":200,"column":16},"end":{"line":200,"column":86}},"136":{"start":{"line":203,"column":6},"end":{"line":203,"column":38}},"137":{"start":{"line":204,"column":6},"end":{"line":204,"column":44}},"138":{"start":{"line":207,"column":6},"end":{"line":207,"column":64}},"139":{"start":{"line":207,"column":50},"end":{"line":207,"column":62}},"140":{"start":{"line":210,"column":6},"end":{"line":212,"column":7}},"141":{"start":{"line":211,"column":8},"end":{"line":211,"column":33}},"142":{"start":{"line":214,"column":6},"end":{"line":214,"column":37}},"143":{"start":{"line":215,"column":6},"end":{"line":215,"column":43}},"144":{"start":{"line":217,"column":6},"end":{"line":217,"column":23}},"145":{"start":{"line":218,"column":6},"end":{"line":218,"column":52}},"146":{"start":{"line":222,"column":17},"end":{"line":222,"column":28}},"147":{"start":{"line":223,"column":4},"end":{"line":223,"column":112}},"148":{"start":{"line":223,"column":32},"end":{"line":223,"column":112}},"149":{"start":{"line":225,"column":16},"end":{"line":225,"column":79}},"150":{"start":{"line":225,"column":39},"end":{"line":225,"column":78}},"151":{"start":{"line":226,"column":4},"end":{"line":226,"column":82}},"152":{"start":{"line":226,"column":14},"end":{"line":226,"column":82}},"153":{"start":{"line":228,"column":4},"end":{"line":228,"column":36}},"154":{"start":{"line":229,"column":4},"end":{"line":229,"column":42}},"155":{"start":{"line":231,"column":4},"end":{"line":231,"column":62}},"156":{"start":{"line":231,"column":48},"end":{"line":231,"column":60}},"157":{"start":{"line":233,"column":4},"end":{"line":235,"column":5}},"158":{"start":{"line":234,"column":6},"end":{"line":234,"column":31}},"159":{"start":{"line":237,"column":4},"end":{"line":237,"column":35}},"160":{"start":{"line":238,"column":4},"end":{"line":238,"column":41}},"161":{"start":{"line":239,"column":4},"end":{"line":239,"column":45}},"162":{"start":{"line":241,"column":4},"end":{"line":241,"column":49}},"163":{"start":{"line":243,"column":18},"end":{"line":243,"column":28}},"164":{"start":{"line":247,"column":0},"end":{"line":297,"column":2}},"165":{"start":{"line":248,"column":2},"end":{"line":296,"column":30}},"166":{"start":{"line":249,"column":21},"end":{"line":249,"column":34}},"167":{"start":{"line":250,"column":19},"end":{"line":250,"column":34}},"168":{"start":{"line":252,"column":4},"end":{"line":272,"column":5}},"169":{"start":{"line":253,"column":18},"end":{"line":253,"column":70}},"170":{"start":{"line":254,"column":6},"end":{"line":254,"column":86}},"171":{"start":{"line":254,"column":16},"end":{"line":254,"column":86}},"172":{"start":{"line":256,"column":6},"end":{"line":256,"column":38}},"173":{"start":{"line":257,"column":6},"end":{"line":257,"column":44}},"174":{"start":{"line":260,"column":6},"end":{"line":260,"column":58}},"175":{"start":{"line":260,"column":44},"end":{"line":260,"column":56}},"176":{"start":{"line":263,"column":6},"end":{"line":265,"column":7}},"177":{"start":{"line":264,"column":8},"end":{"line":264,"column":36}},"178":{"start":{"line":267,"column":6},"end":{"line":267,"column":37}},"179":{"start":{"line":268,"column":6},"end":{"line":268,"column":43}},"180":{"start":{"line":270,"column":6},"end":{"line":270,"column":23}},"181":{"start":{"line":271,"column":6},"end":{"line":271,"column":52}},"182":{"start":{"line":275,"column":17},"end":{"line":275,"column":28}},"183":{"start":{"line":276,"column":4},"end":{"line":276,"column":112}},"184":{"start":{"line":276,"column":32},"end":{"line":276,"column":112}},"185":{"start":{"line":278,"column":16},"end":{"line":278,"column":79}},"186":{"start":{"line":278,"column":39},"end":{"line":278,"column":78}},"187":{"start":{"line":279,"column":4},"end":{"line":279,"column":82}},"188":{"start":{"line":279,"column":14},"end":{"line":279,"column":82}},"189":{"start":{"line":281,"column":4},"end":{"line":281,"column":36}},"190":{"start":{"line":282,"column":4},"end":{"line":282,"column":42}},"191":{"start":{"line":284,"column":4},"end":{"line":284,"column":56}},"192":{"start":{"line":284,"column":42},"end":{"line":284,"column":54}},"193":{"start":{"line":286,"column":4},"end":{"line":288,"column":5}},"194":{"start":{"line":287,"column":6},"end":{"line":287,"column":34}},"195":{"start":{"line":290,"column":4},"end":{"line":290,"column":35}},"196":{"start":{"line":291,"column":4},"end":{"line":291,"column":41}},"197":{"start":{"line":292,"column":4},"end":{"line":292,"column":45}},"198":{"start":{"line":294,"column":4},"end":{"line":294,"column":49}},"199":{"start":{"line":296,"column":18},"end":{"line":296,"column":28}}},"fnMap":{"0":{"name":"(anonymous_0)","decl":{"start":{"line":21,"column":34},"end":{"line":21,"column":35}},"loc":{"start":{"line":21,"column":48},"end":{"line":53,"column":1}},"line":21},"1":{"name":"(anonymous_1)","decl":{"start":{"line":26,"column":35},"end":{"line":26,"column":36}},"loc":{"start":{"line":26,"column":40},"end":{"line":26,"column":63}},"line":26},"2":{"name":"(anonymous_2)","decl":{"start":{"line":28,"column":38},"end":{"line":28,"column":39}},"loc":{"start":{"line":28,"column":43},"end":{"line":28,"column":82}},"line":28},"3":{"name":"(anonymous_3)","decl":{"start":{"line":39,"column":18},"end":{"line":39,"column":19}},"loc":{"start":{"line":39,"column":23},"end":{"line":45,"column":3}},"line":39},"4":{"name":"(anonymous_4)","decl":{"start":{"line":58,"column":17},"end":{"line":58,"column":18}},"loc":{"start":{"line":58,"column":43},"end":{"line":106,"column":1}},"line":58},"5":{"name":"(anonymous_5)","decl":{"start":{"line":81,"column":39},"end":{"line":81,"column":40}},"loc":{"start":{"line":81,"column":44},"end":{"line":81,"column":115}},"line":81},"6":{"name":"(anonymous_6)","decl":{"start":{"line":108,"column":23},"end":{"line":108,"column":24}},"loc":{"start":{"line":108,"column":49},"end":{"line":124,"column":1}},"line":108},"7":{"name":"(anonymous_7)","decl":{"start":{"line":121,"column":37},"end":{"line":121,"column":38}},"loc":{"start":{"line":121,"column":42},"end":{"line":121,"column":81}},"line":121},"8":{"name":"(anonymous_8)","decl":{"start":{"line":126,"column":17},"end":{"line":126,"column":18}},"loc":{"start":{"line":126,"column":43},"end":{"line":157,"column":1}},"line":126},"9":{"name":"(anonymous_9)","decl":{"start":{"line":149,"column":39},"end":{"line":149,"column":40}},"loc":{"start":{"line":149,"column":44},"end":{"line":149,"column":61}},"line":149},"10":{"name":"(anonymous_10)","decl":{"start":{"line":159,"column":17},"end":{"line":159,"column":18}},"loc":{"start":{"line":159,"column":43},"end":{"line":189,"column":1}},"line":159},"11":{"name":"(anonymous_11)","decl":{"start":{"line":181,"column":39},"end":{"line":181,"column":40}},"loc":{"start":{"line":181,"column":44},"end":{"line":181,"column":61}},"line":181},"12":{"name":"(anonymous_12)","decl":{"start":{"line":193,"column":15},"end":{"line":193,"column":16}},"loc":{"start":{"line":193,"column":41},"end":{"line":244,"column":1}},"line":193},"13":{"name":"(anonymous_13)","decl":{"start":{"line":207,"column":45},"end":{"line":207,"column":46}},"loc":{"start":{"line":207,"column":50},"end":{"line":207,"column":62}},"line":207},"14":{"name":"(anonymous_14)","decl":{"start":{"line":225,"column":34},"end":{"line":225,"column":35}},"loc":{"start":{"line":225,"column":39},"end":{"line":225,"column":78}},"line":225},"15":{"name":"(anonymous_15)","decl":{"start":{"line":231,"column":43},"end":{"line":231,"column":44}},"loc":{"start":{"line":231,"column":48},"end":{"line":231,"column":60}},"line":231},"16":{"name":"(anonymous_16)","decl":{"start":{"line":247,"column":18},"end":{"line":247,"column":19}},"loc":{"start":{"line":247,"column":44},"end":{"line":297,"column":1}},"line":247},"17":{"name":"(anonymous_17)","decl":{"start":{"line":260,"column":39},"end":{"line":260,"column":40}},"loc":{"start":{"line":260,"column":44},"end":{"line":260,"column":56}},"line":260},"18":{"name":"(anonymous_18)","decl":{"start":{"line":278,"column":34},"end":{"line":278,"column":35}},"loc":{"start":{"line":278,"column":39},"end":{"line":278,"column":78}},"line":278},"19":{"name":"(anonymous_19)","decl":{"start":{"line":284,"column":37},"end":{"line":284,"column":38}},"loc":{"start":{"line":284,"column":42},"end":{"line":284,"column":54}},"line":284}},"branchMap":{"0":{"loc":{"start":{"line":24,"column":2},"end":{"line":24,"column":54}},"type":"if","locations":[{"start":{"line":24,"column":2},"end":{"line":24,"column":54}},{"start":{},"end":{}}],"line":24},"1":{"loc":{"start":{"line":24,"column":6},"end":{"line":24,"column":45}},"type":"binary-expr","locations":[{"start":{"line":24,"column":6},"end":{"line":24,"column":11}},{"start":{"line":24,"column":15},"end":{"line":24,"column":28}},{"start":{"line":24,"column":32},"end":{"line":24,"column":45}}],"line":24},"2":{"loc":{"start":{"line":27,"column":2},"end":{"line":27,"column":22}},"type":"if","locations":[{"start":{"line":27,"column":2},"end":{"line":27,"column":22}},{"start":{},"end":{}}],"line":27},"3":{"loc":{"start":{"line":28,"column":43},"end":{"line":28,"column":82}},"type":"binary-expr","locations":[{"start":{"line":28,"column":43},"end":{"line":28,"column":66}},{"start":{"line":28,"column":70},"end":{"line":28,"column":82}}],"line":28},"4":{"loc":{"start":{"line":29,"column":2},"end":{"line":37,"column":3}},"type":"if","locations":[{"start":{"line":29,"column":2},"end":{"line":37,"column":3}},{"start":{},"end":{}}],"line":29},"5":{"loc":{"start":{"line":40,"column":24},"end":{"line":40,"column":48}},"type":"binary-expr","locations":[{"start":{"line":40,"column":24},"end":{"line":40,"column":43}},{"start":{"line":40,"column":47},"end":{"line":40,"column":48}}],"line":40},"6":{"loc":{"start":{"line":41,"column":19},"end":{"line":41,"column":38}},"type":"binary-expr","locations":[{"start":{"line":41,"column":19},"end":{"line":41,"column":33}},{"start":{"line":41,"column":37},"end":{"line":41,"column":38}}],"line":41},"7":{"loc":{"start":{"line":42,"column":25},"end":{"line":42,"column":50}},"type":"binary-expr","locations":[{"start":{"line":42,"column":25},"end":{"line":42,"column":45}},{"start":{"line":42,"column":49},"end":{"line":42,"column":50}}],"line":42},"8":{"loc":{"start":{"line":43,"column":22},"end":{"line":43,"column":44}},"type":"binary-expr","locations":[{"start":{"line":43,"column":22},"end":{"line":43,"column":39}},{"start":{"line":43,"column":43},"end":{"line":43,"column":44}}],"line":43},"9":{"loc":{"start":{"line":44,"column":20},"end":{"line":44,"column":40}},"type":"binary-expr","locations":[{"start":{"line":44,"column":20},"end":{"line":44,"column":35}},{"start":{"line":44,"column":39},"end":{"line":44,"column":40}}],"line":44},"10":{"loc":{"start":{"line":61,"column":4},"end":{"line":61,"column":138}},"type":"if","locations":[{"start":{"line":61,"column":4},"end":{"line":61,"column":138}},{"start":{},"end":{}}],"line":61},"11":{"loc":{"start":{"line":61,"column":8},"end":{"line":61,"column":42}},"type":"binary-expr","locations":[{"start":{"line":61,"column":8},"end":{"line":61,"column":17}},{"start":{"line":61,"column":21},"end":{"line":61,"column":42}}],"line":61},"12":{"loc":{"start":{"line":64,"column":4},"end":{"line":75,"column":5}},"type":"if","locations":[{"start":{"line":64,"column":4},"end":{"line":75,"column":5}},{"start":{},"end":{}}],"line":64},"13":{"loc":{"start":{"line":66,"column":6},"end":{"line":66,"column":113}},"type":"if","locations":[{"start":{"line":66,"column":6},"end":{"line":66,"column":113}},{"start":{},"end":{}}],"line":66},"14":{"loc":{"start":{"line":79,"column":4},"end":{"line":79,"column":112}},"type":"if","locations":[{"start":{"line":79,"column":4},"end":{"line":79,"column":112}},{"start":{},"end":{}}],"line":79},"15":{"loc":{"start":{"line":79,"column":8},"end":{"line":79,"column":30}},"type":"binary-expr","locations":[{"start":{"line":79,"column":8},"end":{"line":79,"column":13}},{"start":{"line":79,"column":17},"end":{"line":79,"column":30}}],"line":79},"16":{"loc":{"start":{"line":81,"column":44},"end":{"line":81,"column":115}},"type":"binary-expr","locations":[{"start":{"line":81,"column":44},"end":{"line":81,"column":67}},{"start":{"line":81,"column":71},"end":{"line":81,"column":99}},{"start":{"line":81,"column":103},"end":{"line":81,"column":115}}],"line":81},"17":{"loc":{"start":{"line":82,"column":4},"end":{"line":82,"column":111}},"type":"if","locations":[{"start":{"line":82,"column":4},"end":{"line":82,"column":111}},{"start":{},"end":{}}],"line":82},"18":{"loc":{"start":{"line":93,"column":15},"end":{"line":93,"column":28}},"type":"binary-expr","locations":[{"start":{"line":93,"column":15},"end":{"line":93,"column":22}},{"start":{"line":93,"column":26},"end":{"line":93,"column":28}}],"line":93},"19":{"loc":{"start":{"line":94,"column":14},"end":{"line":94,"column":26}},"type":"binary-expr","locations":[{"start":{"line":94,"column":14},"end":{"line":94,"column":20}},{"start":{"line":94,"column":24},"end":{"line":94,"column":26}}],"line":94},"20":{"loc":{"start":{"line":111,"column":4},"end":{"line":115,"column":5}},"type":"if","locations":[{"start":{"line":111,"column":4},"end":{"line":115,"column":5}},{"start":{},"end":{}}],"line":111},"21":{"loc":{"start":{"line":119,"column":4},"end":{"line":119,"column":112}},"type":"if","locations":[{"start":{"line":119,"column":4},"end":{"line":119,"column":112}},{"start":{},"end":{}}],"line":119},"22":{"loc":{"start":{"line":119,"column":8},"end":{"line":119,"column":30}},"type":"binary-expr","locations":[{"start":{"line":119,"column":8},"end":{"line":119,"column":13}},{"start":{"line":119,"column":17},"end":{"line":119,"column":30}}],"line":119},"23":{"loc":{"start":{"line":121,"column":42},"end":{"line":121,"column":81}},"type":"binary-expr","locations":[{"start":{"line":121,"column":42},"end":{"line":121,"column":65}},{"start":{"line":121,"column":69},"end":{"line":121,"column":81}}],"line":121},"24":{"loc":{"start":{"line":130,"column":4},"end":{"line":143,"column":5}},"type":"if","locations":[{"start":{"line":130,"column":4},"end":{"line":143,"column":5}},{"start":{},"end":{}}],"line":130},"25":{"loc":{"start":{"line":132,"column":6},"end":{"line":132,"column":87}},"type":"if","locations":[{"start":{"line":132,"column":6},"end":{"line":132,"column":87}},{"start":{},"end":{}}],"line":132},"26":{"loc":{"start":{"line":133,"column":6},"end":{"line":133,"column":142}},"type":"if","locations":[{"start":{"line":133,"column":6},"end":{"line":133,"column":142}},{"start":{},"end":{}}],"line":133},"27":{"loc":{"start":{"line":133,"column":10},"end":{"line":133,"column":72}},"type":"binary-expr","locations":[{"start":{"line":133,"column":10},"end":{"line":133,"column":43}},{"start":{"line":133,"column":47},"end":{"line":133,"column":72}}],"line":133},"28":{"loc":{"start":{"line":147,"column":4},"end":{"line":147,"column":112}},"type":"if","locations":[{"start":{"line":147,"column":4},"end":{"line":147,"column":112}},{"start":{},"end":{}}],"line":147},"29":{"loc":{"start":{"line":147,"column":8},"end":{"line":147,"column":30}},"type":"binary-expr","locations":[{"start":{"line":147,"column":8},"end":{"line":147,"column":13}},{"start":{"line":147,"column":17},"end":{"line":147,"column":30}}],"line":147},"30":{"loc":{"start":{"line":150,"column":4},"end":{"line":150,"column":88}},"type":"if","locations":[{"start":{"line":150,"column":4},"end":{"line":150,"column":88}},{"start":{},"end":{}}],"line":150},"31":{"loc":{"start":{"line":152,"column":4},"end":{"line":152,"column":140}},"type":"if","locations":[{"start":{"line":152,"column":4},"end":{"line":152,"column":140}},{"start":{},"end":{}}],"line":152},"32":{"loc":{"start":{"line":152,"column":8},"end":{"line":152,"column":70}},"type":"binary-expr","locations":[{"start":{"line":152,"column":8},"end":{"line":152,"column":41}},{"start":{"line":152,"column":45},"end":{"line":152,"column":70}}],"line":152},"33":{"loc":{"start":{"line":162,"column":4},"end":{"line":175,"column":5}},"type":"if","locations":[{"start":{"line":162,"column":4},"end":{"line":175,"column":5}},{"start":{},"end":{}}],"line":162},"34":{"loc":{"start":{"line":164,"column":6},"end":{"line":164,"column":87}},"type":"if","locations":[{"start":{"line":164,"column":6},"end":{"line":164,"column":87}},{"start":{},"end":{}}],"line":164},"35":{"loc":{"start":{"line":165,"column":6},"end":{"line":165,"column":142}},"type":"if","locations":[{"start":{"line":165,"column":6},"end":{"line":165,"column":142}},{"start":{},"end":{}}],"line":165},"36":{"loc":{"start":{"line":165,"column":10},"end":{"line":165,"column":72}},"type":"binary-expr","locations":[{"start":{"line":165,"column":10},"end":{"line":165,"column":43}},{"start":{"line":165,"column":47},"end":{"line":165,"column":72}}],"line":165},"37":{"loc":{"start":{"line":179,"column":4},"end":{"line":179,"column":112}},"type":"if","locations":[{"start":{"line":179,"column":4},"end":{"line":179,"column":112}},{"start":{},"end":{}}],"line":179},"38":{"loc":{"start":{"line":179,"column":8},"end":{"line":179,"column":30}},"type":"binary-expr","locations":[{"start":{"line":179,"column":8},"end":{"line":179,"column":13}},{"start":{"line":179,"column":17},"end":{"line":179,"column":30}}],"line":179},"39":{"loc":{"start":{"line":182,"column":4},"end":{"line":182,"column":88}},"type":"if","locations":[{"start":{"line":182,"column":4},"end":{"line":182,"column":88}},{"start":{},"end":{}}],"line":182},"40":{"loc":{"start":{"line":184,"column":4},"end":{"line":184,"column":140}},"type":"if","locations":[{"start":{"line":184,"column":4},"end":{"line":184,"column":140}},{"start":{},"end":{}}],"line":184},"41":{"loc":{"start":{"line":184,"column":8},"end":{"line":184,"column":70}},"type":"binary-expr","locations":[{"start":{"line":184,"column":8},"end":{"line":184,"column":41}},{"start":{"line":184,"column":45},"end":{"line":184,"column":70}}],"line":184},"42":{"loc":{"start":{"line":198,"column":4},"end":{"line":219,"column":5}},"type":"if","locations":[{"start":{"line":198,"column":4},"end":{"line":219,"column":5}},{"start":{},"end":{}}],"line":198},"43":{"loc":{"start":{"line":200,"column":6},"end":{"line":200,"column":86}},"type":"if","locations":[{"start":{"line":200,"column":6},"end":{"line":200,"column":86}},{"start":{},"end":{}}],"line":200},"44":{"loc":{"start":{"line":203,"column":20},"end":{"line":203,"column":37}},"type":"binary-expr","locations":[{"start":{"line":203,"column":20},"end":{"line":203,"column":31}},{"start":{"line":203,"column":35},"end":{"line":203,"column":37}}],"line":203},"45":{"loc":{"start":{"line":204,"column":23},"end":{"line":204,"column":43}},"type":"binary-expr","locations":[{"start":{"line":204,"column":23},"end":{"line":204,"column":37}},{"start":{"line":204,"column":41},"end":{"line":204,"column":43}}],"line":204},"46":{"loc":{"start":{"line":210,"column":6},"end":{"line":212,"column":7}},"type":"if","locations":[{"start":{"line":210,"column":6},"end":{"line":212,"column":7}},{"start":{},"end":{}}],"line":210},"47":{"loc":{"start":{"line":223,"column":4},"end":{"line":223,"column":112}},"type":"if","locations":[{"start":{"line":223,"column":4},"end":{"line":223,"column":112}},{"start":{},"end":{}}],"line":223},"48":{"loc":{"start":{"line":223,"column":8},"end":{"line":223,"column":30}},"type":"binary-expr","locations":[{"start":{"line":223,"column":8},"end":{"line":223,"column":13}},{"start":{"line":223,"column":17},"end":{"line":223,"column":30}}],"line":223},"49":{"loc":{"start":{"line":225,"column":39},"end":{"line":225,"column":78}},"type":"binary-expr","locations":[{"start":{"line":225,"column":39},"end":{"line":225,"column":62}},{"start":{"line":225,"column":66},"end":{"line":225,"column":78}}],"line":225},"50":{"loc":{"start":{"line":226,"column":4},"end":{"line":226,"column":82}},"type":"if","locations":[{"start":{"line":226,"column":4},"end":{"line":226,"column":82}},{"start":{},"end":{}}],"line":226},"51":{"loc":{"start":{"line":228,"column":18},"end":{"line":228,"column":35}},"type":"binary-expr","locations":[{"start":{"line":228,"column":18},"end":{"line":228,"column":29}},{"start":{"line":228,"column":33},"end":{"line":228,"column":35}}],"line":228},"52":{"loc":{"start":{"line":229,"column":21},"end":{"line":229,"column":41}},"type":"binary-expr","locations":[{"start":{"line":229,"column":21},"end":{"line":229,"column":35}},{"start":{"line":229,"column":39},"end":{"line":229,"column":41}}],"line":229},"53":{"loc":{"start":{"line":233,"column":4},"end":{"line":235,"column":5}},"type":"if","locations":[{"start":{"line":233,"column":4},"end":{"line":235,"column":5}},{"start":{},"end":{}}],"line":233},"54":{"loc":{"start":{"line":252,"column":4},"end":{"line":272,"column":5}},"type":"if","locations":[{"start":{"line":252,"column":4},"end":{"line":272,"column":5}},{"start":{},"end":{}}],"line":252},"55":{"loc":{"start":{"line":254,"column":6},"end":{"line":254,"column":86}},"type":"if","locations":[{"start":{"line":254,"column":6},"end":{"line":254,"column":86}},{"start":{},"end":{}}],"line":254},"56":{"loc":{"start":{"line":256,"column":20},"end":{"line":256,"column":37}},"type":"binary-expr","locations":[{"start":{"line":256,"column":20},"end":{"line":256,"column":31}},{"start":{"line":256,"column":35},"end":{"line":256,"column":37}}],"line":256},"57":{"loc":{"start":{"line":257,"column":23},"end":{"line":257,"column":43}},"type":"binary-expr","locations":[{"start":{"line":257,"column":23},"end":{"line":257,"column":37}},{"start":{"line":257,"column":41},"end":{"line":257,"column":43}}],"line":257},"58":{"loc":{"start":{"line":263,"column":6},"end":{"line":265,"column":7}},"type":"if","locations":[{"start":{"line":263,"column":6},"end":{"line":265,"column":7}},{"start":{},"end":{}}],"line":263},"59":{"loc":{"start":{"line":276,"column":4},"end":{"line":276,"column":112}},"type":"if","locations":[{"start":{"line":276,"column":4},"end":{"line":276,"column":112}},{"start":{},"end":{}}],"line":276},"60":{"loc":{"start":{"line":276,"column":8},"end":{"line":276,"column":30}},"type":"binary-expr","locations":[{"start":{"line":276,"column":8},"end":{"line":276,"column":13}},{"start":{"line":276,"column":17},"end":{"line":276,"column":30}}],"line":276},"61":{"loc":{"start":{"line":278,"column":39},"end":{"line":278,"column":78}},"type":"binary-expr","locations":[{"start":{"line":278,"column":39},"end":{"line":278,"column":62}},{"start":{"line":278,"column":66},"end":{"line":278,"column":78}}],"line":278},"62":{"loc":{"start":{"line":279,"column":4},"end":{"line":279,"column":82}},"type":"if","locations":[{"start":{"line":279,"column":4},"end":{"line":279,"column":82}},{"start":{},"end":{}}],"line":279},"63":{"loc":{"start":{"line":281,"column":18},"end":{"line":281,"column":35}},"type":"binary-expr","locations":[{"start":{"line":281,"column":18},"end":{"line":281,"column":29}},{"start":{"line":281,"column":33},"end":{"line":281,"column":35}}],"line":281},"64":{"loc":{"start":{"line":282,"column":21},"end":{"line":282,"column":41}},"type":"binary-expr","locations":[{"start":{"line":282,"column":21},"end":{"line":282,"column":35}},{"start":{"line":282,"column":39},"end":{"line":282,"column":41}}],"line":282},"65":{"loc":{"start":{"line":286,"column":4},"end":{"line":288,"column":5}},"type":"if","locations":[{"start":{"line":286,"column":4},"end":{"line":288,"column":5}},{"start":{},"end":{}}],"line":286}},"s":{"0":5,"1":5,"2":5,"3":5,"4":5,"5":7,"6":7,"7":0,"8":7,"9":7,"10":7,"11":0,"12":7,"13":16,"14":7,"15":1,"16":1,"17":1,"18":1,"19":1,"20":1,"21":1,"22":6,"23":6,"24":9,"25":9,"26":9,"27":9,"28":9,"29":6,"30":6,"31":6,"32":6,"33":6,"34":6,"35":6,"36":5,"37":22,"38":22,"39":22,"40":1,"41":21,"42":17,"43":17,"44":1,"45":16,"46":15,"47":15,"48":4,"49":4,"50":0,"51":4,"52":6,"53":4,"54":0,"55":4,"56":4,"57":4,"58":4,"59":1,"60":5,"61":2,"62":2,"63":2,"64":2,"65":1,"66":0,"67":0,"68":0,"69":0,"70":0,"71":0,"72":1,"73":5,"74":6,"75":6,"76":6,"77":6,"78":3,"79":3,"80":0,"81":3,"82":1,"83":2,"84":2,"85":1,"86":1,"87":3,"88":3,"89":0,"90":3,"91":7,"92":3,"93":1,"94":2,"95":2,"96":1,"97":1,"98":1,"99":1,"100":1,"101":5,"102":6,"103":6,"104":6,"105":2,"106":2,"107":1,"108":1,"109":0,"110":1,"111":1,"112":1,"113":1,"114":4,"115":4,"116":0,"117":4,"118":9,"119":4,"120":1,"121":3,"122":3,"123":1,"124":2,"125":2,"126":2,"127":0,"128":5,"129":10,"130":10,"131":10,"132":10,"133":7,"134":7,"135":1,"136":6,"137":6,"138":6,"139":0,"140":6,"141":6,"142":6,"143":6,"144":6,"145":5,"146":3,"147":3,"148":0,"149":3,"150":12,"151":3,"152":1,"153":2,"154":2,"155":2,"156":1,"157":2,"158":2,"159":2,"160":2,"161":2,"162":2,"163":1,"164":5,"165":5,"166":5,"167":5,"168":5,"169":4,"170":4,"171":1,"172":3,"173":3,"174":3,"175":0,"176":3,"177":3,"178":3,"179":3,"180":3,"181":2,"182":1,"183":1,"184":0,"185":1,"186":4,"187":1,"188":0,"189":1,"190":1,"191":1,"192":1,"193":1,"194":1,"195":1,"196":1,"197":1,"198":1,"199":1},"f":{"0":7,"1":7,"2":16,"3":9,"4":22,"5":6,"6":2,"7":0,"8":6,"9":7,"10":6,"11":9,"12":10,"13":0,"14":12,"15":1,"16":5,"17":0,"18":4,"19":1},"b":{"0":[0,7],"1":[7,7,7],"2":[0,7],"3":[16,16],"4":[1,6],"5":[9,0],"6":[9,0],"7":[9,0],"8":[9,0],"9":[9,0],"10":[1,21],"11":[22,22],"12":[17,4],"13":[1,16],"14":[0,4],"15":[4,4],"16":[6,6,2],"17":[0,4],"18":[4,4],"19":[4,4],"20":[2,0],"21":[0,0],"22":[0,0],"23":[0,0],"24":[3,3],"25":[0,3],"26":[1,2],"27":[3,1],"28":[0,3],"29":[3,3],"30":[1,2],"31":[1,1],"32":[2,1],"33":[2,4],"34":[1,1],"35":[0,1],"36":[1,0],"37":[0,4],"38":[4,4],"39":[1,3],"40":[1,2],"41":[3,1],"42":[7,3],"43":[1,6],"44":[6,5],"45":[6,5],"46":[6,0],"47":[0,3],"48":[3,3],"49":[12,2],"50":[1,2],"51":[2,1],"52":[2,1],"53":[2,0],"54":[4,1],"55":[1,3],"56":[3,2],"57":[3,2],"58":[3,0],"59":[0,1],"60":[1,1],"61":[4,1],"62":[0,1],"63":[1,0],"64":[1,0],"65":[1,0]},"_coverageSchema":"1a1c01bbd47fc00a2c39e90264f33305004495a9","hash":"42e11b2dc524089f7fa13d12d1f1437d3f75fa6c"}
,"C:\\Users\\Δημήτρης Κοκκινάκος\\Documents\\Emergenshit-backend\\controllers\\searchController.js": {"path":"C:\\Users\\Δημήτρης Κοκκινάκος\\Documents\\Emergenshit-backend\\controllers\\searchController.js","statementMap":{"0":{"start":{"line":2,"column":22},"end":{"line":10,"column":1}},"1":{"start":{"line":3,"column":21},"end":{"line":3,"column":44}},"2":{"start":{"line":4,"column":12},"end":{"line":4,"column":19}},"3":{"start":{"line":5,"column":15},"end":{"line":5,"column":31}},"4":{"start":{"line":6,"column":15},"end":{"line":6,"column":31}},"5":{"start":{"line":7,"column":12},"end":{"line":7,"column":127}},"6":{"start":{"line":8,"column":12},"end":{"line":8,"column":54}},"7":{"start":{"line":9,"column":2},"end":{"line":9,"column":15}},"8":{"start":{"line":12,"column":0},"end":{"line":43,"column":2}},"9":{"start":{"line":13,"column":2},"end":{"line":42,"column":30}},"10":{"start":{"line":14,"column":39},"end":{"line":14,"column":48}},"11":{"start":{"line":15,"column":4},"end":{"line":15,"column":99}},"12":{"start":{"line":15,"column":22},"end":{"line":15,"column":99}},"13":{"start":{"line":18,"column":4},"end":{"line":22,"column":5}},"14":{"start":{"line":20,"column":22},"end":{"line":20,"column":91}},"15":{"start":{"line":21,"column":6},"end":{"line":21,"column":55}},"16":{"start":{"line":25,"column":17},"end":{"line":25,"column":28}},"17":{"start":{"line":27,"column":4},"end":{"line":32,"column":5}},"18":{"start":{"line":29,"column":6},"end":{"line":29,"column":69}},"19":{"start":{"line":31,"column":6},"end":{"line":31,"column":50}},"20":{"start":{"line":34,"column":17},"end":{"line":39,"column":25}},"21":{"start":{"line":35,"column":19},"end":{"line":35,"column":29}},"22":{"start":{"line":36,"column":17},"end":{"line":36,"column":113}},"23":{"start":{"line":37,"column":19},"end":{"line":37,"column":47}},"24":{"start":{"line":38,"column":21},"end":{"line":38,"column":44}},"25":{"start":{"line":39,"column":16},"end":{"line":39,"column":24}},"26":{"start":{"line":41,"column":4},"end":{"line":41,"column":43}},"27":{"start":{"line":42,"column":18},"end":{"line":42,"column":28}}},"fnMap":{"0":{"name":"(anonymous_0)","decl":{"start":{"line":2,"column":22},"end":{"line":2,"column":23}},"loc":{"start":{"line":2,"column":50},"end":{"line":10,"column":1}},"line":2},"1":{"name":"toRad","decl":{"start":{"line":3,"column":11},"end":{"line":3,"column":16}},"loc":{"start":{"line":3,"column":19},"end":{"line":3,"column":46}},"line":3},"2":{"name":"(anonymous_2)","decl":{"start":{"line":12,"column":17},"end":{"line":12,"column":18}},"loc":{"start":{"line":12,"column":43},"end":{"line":43,"column":1}},"line":12},"3":{"name":"(anonymous_3)","decl":{"start":{"line":35,"column":14},"end":{"line":35,"column":15}},"loc":{"start":{"line":35,"column":19},"end":{"line":35,"column":29}},"line":35},"4":{"name":"(anonymous_4)","decl":{"start":{"line":36,"column":11},"end":{"line":36,"column":12}},"loc":{"start":{"line":36,"column":17},"end":{"line":36,"column":113}},"line":36},"5":{"name":"(anonymous_5)","decl":{"start":{"line":37,"column":14},"end":{"line":37,"column":15}},"loc":{"start":{"line":37,"column":19},"end":{"line":37,"column":47}},"line":37},"6":{"name":"(anonymous_6)","decl":{"start":{"line":38,"column":12},"end":{"line":38,"column":13}},"loc":{"start":{"line":38,"column":21},"end":{"line":38,"column":44}},"line":38},"7":{"name":"(anonymous_7)","decl":{"start":{"line":39,"column":11},"end":{"line":39,"column":12}},"loc":{"start":{"line":39,"column":16},"end":{"line":39,"column":24}},"line":39}},"branchMap":{"0":{"loc":{"start":{"line":14,"column":22},"end":{"line":14,"column":34}},"type":"default-arg","locations":[{"start":{"line":14,"column":31},"end":{"line":14,"column":34}}],"line":14},"1":{"loc":{"start":{"line":15,"column":4},"end":{"line":15,"column":99}},"type":"if","locations":[{"start":{"line":15,"column":4},"end":{"line":15,"column":99}},{"start":{},"end":{}}],"line":15},"2":{"loc":{"start":{"line":15,"column":8},"end":{"line":15,"column":20}},"type":"binary-expr","locations":[{"start":{"line":15,"column":8},"end":{"line":15,"column":12}},{"start":{"line":15,"column":16},"end":{"line":15,"column":20}}],"line":15},"3":{"loc":{"start":{"line":18,"column":4},"end":{"line":22,"column":5}},"type":"if","locations":[{"start":{"line":18,"column":4},"end":{"line":22,"column":5}},{"start":{},"end":{}}],"line":18},"4":{"loc":{"start":{"line":27,"column":4},"end":{"line":32,"column":5}},"type":"if","locations":[{"start":{"line":27,"column":4},"end":{"line":32,"column":5}},{"start":{},"end":{}}],"line":27},"5":{"loc":{"start":{"line":27,"column":8},"end":{"line":27,"column":30}},"type":"binary-expr","locations":[{"start":{"line":27,"column":8},"end":{"line":27,"column":13}},{"start":{"line":27,"column":17},"end":{"line":27,"column":30}}],"line":27}},"s":{"0":5,"1":48,"2":12,"3":12,"4":12,"5":12,"6":12,"7":12,"8":5,"9":10,"10":10,"11":10,"12":2,"13":8,"14":2,"15":2,"16":6,"17":6,"18":1,"19":1,"20":5,"21":18,"22":13,"23":10,"24":3,"25":6,"26":4,"27":1},"f":{"0":12,"1":48,"2":10,"3":18,"4":13,"5":10,"6":3,"7":6},"b":{"0":[4],"1":[2,8],"2":[10,10],"3":[2,6],"4":[1,5],"5":[6,6]},"_coverageSchema":"1a1c01bbd47fc00a2c39e90264f33305004495a9","hash":"3a8edb16c627af49157c746e23945a7c643925cd"}
,"C:\\Users\\Δημήτρης Κοκκινάκος\\Documents\\Emergenshit-backend\\controllers\\toiletsController.js": {"path":"C:\\Users\\Δημήτρης Κοκκινάκος\\Documents\\Emergenshit-backend\\controllers\\toiletsController.js","statementMap":{"0":{"start":{"line":2,"column":21},"end":{"line":2,"column":36}},"1":{"start":{"line":3,"column":15},"end":{"line":3,"column":42}},"2":{"start":{"line":4,"column":15},"end":{"line":4,"column":42}},"3":{"start":{"line":14,"column":37},"end":{"line":14,"column":84}},"4":{"start":{"line":24,"column":28},"end":{"line":47,"column":1}},"5":{"start":{"line":26,"column":15},"end":{"line":26,"column":26}},"6":{"start":{"line":27,"column":2},"end":{"line":27,"column":42}},"7":{"start":{"line":27,"column":30},"end":{"line":27,"column":42}},"8":{"start":{"line":29,"column":18},"end":{"line":29,"column":83}},"9":{"start":{"line":29,"column":43},"end":{"line":29,"column":82}},"10":{"start":{"line":31,"column":2},"end":{"line":31,"column":40}},"11":{"start":{"line":31,"column":28},"end":{"line":31,"column":40}},"12":{"start":{"line":33,"column":14},"end":{"line":33,"column":140}},"13":{"start":{"line":34,"column":2},"end":{"line":40,"column":5}},"14":{"start":{"line":35,"column":4},"end":{"line":35,"column":56}},"15":{"start":{"line":36,"column":4},"end":{"line":36,"column":46}},"16":{"start":{"line":37,"column":4},"end":{"line":37,"column":58}},"17":{"start":{"line":38,"column":4},"end":{"line":38,"column":52}},"18":{"start":{"line":39,"column":4},"end":{"line":39,"column":48}},"19":{"start":{"line":41,"column":2},"end":{"line":41,"column":42}},"20":{"start":{"line":42,"column":2},"end":{"line":42,"column":37}},"21":{"start":{"line":43,"column":2},"end":{"line":43,"column":43}},"22":{"start":{"line":44,"column":2},"end":{"line":44,"column":40}},"23":{"start":{"line":45,"column":2},"end":{"line":45,"column":38}},"24":{"start":{"line":46,"column":2},"end":{"line":46,"column":13}},"25":{"start":{"line":52,"column":0},"end":{"line":102,"column":2}},"26":{"start":{"line":53,"column":2},"end":{"line":101,"column":30}},"27":{"start":{"line":55,"column":61},"end":{"line":55,"column":70}},"28":{"start":{"line":57,"column":4},"end":{"line":85,"column":5}},"29":{"start":{"line":59,"column":14},"end":{"line":59,"column":32}},"30":{"start":{"line":60,"column":6},"end":{"line":60,"column":67}},"31":{"start":{"line":60,"column":21},"end":{"line":60,"column":67}},"32":{"start":{"line":63,"column":6},"end":{"line":72,"column":7}},"33":{"start":{"line":64,"column":25},"end":{"line":64,"column":51}},"34":{"start":{"line":66,"column":30},"end":{"line":66,"column":51}},"35":{"start":{"line":67,"column":10},"end":{"line":71,"column":12}},"36":{"start":{"line":75,"column":17},"end":{"line":75,"column":31}},"37":{"start":{"line":77,"column":6},"end":{"line":81,"column":7}},"38":{"start":{"line":78,"column":8},"end":{"line":78,"column":43}},"39":{"start":{"line":79,"column":13},"end":{"line":81,"column":7}},"40":{"start":{"line":80,"column":8},"end":{"line":80,"column":42}},"41":{"start":{"line":83,"column":22},"end":{"line":83,"column":43}},"42":{"start":{"line":84,"column":6},"end":{"line":84,"column":55}},"43":{"start":{"line":88,"column":17},"end":{"line":88,"column":28}},"44":{"start":{"line":89,"column":4},"end":{"line":89,"column":112}},"45":{"start":{"line":89,"column":32},"end":{"line":89,"column":112}},"46":{"start":{"line":91,"column":15},"end":{"line":91,"column":51}},"47":{"start":{"line":91,"column":40},"end":{"line":91,"column":50}},"48":{"start":{"line":92,"column":4},"end":{"line":92,"column":88}},"49":{"start":{"line":92,"column":19},"end":{"line":92,"column":88}},"50":{"start":{"line":92,"column":43},"end":{"line":92,"column":86}},"51":{"start":{"line":93,"column":4},"end":{"line":96,"column":5}},"52":{"start":{"line":94,"column":21},"end":{"line":94,"column":80}},"53":{"start":{"line":95,"column":6},"end":{"line":95,"column":89}},"54":{"start":{"line":95,"column":30},"end":{"line":95,"column":87}},"55":{"start":{"line":95,"column":48},"end":{"line":95,"column":86}},"56":{"start":{"line":98,"column":4},"end":{"line":98,"column":103}},"57":{"start":{"line":98,"column":32},"end":{"line":98,"column":103}},"58":{"start":{"line":98,"column":58},"end":{"line":98,"column":101}},"59":{"start":{"line":99,"column":4},"end":{"line":99,"column":103}},"60":{"start":{"line":99,"column":32},"end":{"line":99,"column":103}},"61":{"start":{"line":99,"column":58},"end":{"line":99,"column":101}},"62":{"start":{"line":100,"column":4},"end":{"line":100,"column":43}},"63":{"start":{"line":101,"column":18},"end":{"line":101,"column":28}},"64":{"start":{"line":104,"column":0},"end":{"line":123,"column":2}},"65":{"start":{"line":105,"column":2},"end":{"line":122,"column":30}},"66":{"start":{"line":106,"column":15},"end":{"line":106,"column":28}},"67":{"start":{"line":107,"column":4},"end":{"line":112,"column":5}},"68":{"start":{"line":108,"column":16},"end":{"line":108,"column":54}},"69":{"start":{"line":109,"column":6},"end":{"line":109,"column":82}},"70":{"start":{"line":109,"column":14},"end":{"line":109,"column":82}},"71":{"start":{"line":110,"column":22},"end":{"line":110,"column":75}},"72":{"start":{"line":111,"column":6},"end":{"line":111,"column":70}},"73":{"start":{"line":115,"column":17},"end":{"line":115,"column":28}},"74":{"start":{"line":116,"column":4},"end":{"line":116,"column":129}},"75":{"start":{"line":116,"column":49},"end":{"line":116,"column":129}},"76":{"start":{"line":118,"column":19},"end":{"line":118,"column":60}},"77":{"start":{"line":118,"column":42},"end":{"line":118,"column":59}},"78":{"start":{"line":119,"column":4},"end":{"line":119,"column":85}},"79":{"start":{"line":119,"column":17},"end":{"line":119,"column":85}},"80":{"start":{"line":120,"column":20},"end":{"line":120,"column":79}},"81":{"start":{"line":120,"column":45},"end":{"line":120,"column":78}},"82":{"start":{"line":121,"column":4},"end":{"line":121,"column":58}},"83":{"start":{"line":122,"column":18},"end":{"line":122,"column":28}},"84":{"start":{"line":125,"column":0},"end":{"line":185,"column":2}},"85":{"start":{"line":126,"column":2},"end":{"line":184,"column":30}},"86":{"start":{"line":127,"column":20},"end":{"line":127,"column":28}},"87":{"start":{"line":128,"column":4},"end":{"line":130,"column":5}},"88":{"start":{"line":129,"column":6},"end":{"line":129,"column":91}},"89":{"start":{"line":133,"column":28},"end":{"line":133,"column":30}},"90":{"start":{"line":134,"column":26},"end":{"line":143,"column":5}},"91":{"start":{"line":136,"column":25},"end":{"line":136,"column":48}},"92":{"start":{"line":137,"column":16},"end":{"line":137,"column":23}},"93":{"start":{"line":138,"column":19},"end":{"line":138,"column":35}},"94":{"start":{"line":139,"column":19},"end":{"line":139,"column":35}},"95":{"start":{"line":140,"column":16},"end":{"line":140,"column":131}},"96":{"start":{"line":141,"column":16},"end":{"line":141,"column":58}},"97":{"start":{"line":142,"column":6},"end":{"line":142,"column":19}},"98":{"start":{"line":145,"column":4},"end":{"line":149,"column":5}},"99":{"start":{"line":147,"column":24},"end":{"line":147,"column":103}},"100":{"start":{"line":148,"column":6},"end":{"line":148,"column":69}},"101":{"start":{"line":152,"column":17},"end":{"line":152,"column":28}},"102":{"start":{"line":153,"column":4},"end":{"line":153,"column":112}},"103":{"start":{"line":153,"column":32},"end":{"line":153,"column":112}},"104":{"start":{"line":155,"column":19},"end":{"line":158,"column":6}},"105":{"start":{"line":156,"column":19},"end":{"line":156,"column":108}},"106":{"start":{"line":157,"column":6},"end":{"line":157,"column":37}},"107":{"start":{"line":159,"column":4},"end":{"line":161,"column":5}},"108":{"start":{"line":160,"column":6},"end":{"line":160,"column":155}},"109":{"start":{"line":163,"column":22},"end":{"line":181,"column":5}},"110":{"start":{"line":182,"column":4},"end":{"line":182,"column":33}},"111":{"start":{"line":183,"column":4},"end":{"line":183,"column":129}},"112":{"start":{"line":184,"column":18},"end":{"line":184,"column":28}},"113":{"start":{"line":187,"column":0},"end":{"line":230,"column":2}},"114":{"start":{"line":188,"column":2},"end":{"line":229,"column":30}},"115":{"start":{"line":189,"column":15},"end":{"line":189,"column":28}},"116":{"start":{"line":190,"column":20},"end":{"line":190,"column":28}},"117":{"start":{"line":191,"column":4},"end":{"line":214,"column":5}},"118":{"start":{"line":193,"column":16},"end":{"line":193,"column":54}},"119":{"start":{"line":194,"column":6},"end":{"line":194,"column":82}},"120":{"start":{"line":194,"column":14},"end":{"line":194,"column":82}},"121":{"start":{"line":197,"column":6},"end":{"line":199,"column":7}},"122":{"start":{"line":198,"column":8},"end":{"line":198,"column":76}},"123":{"start":{"line":203,"column":29},"end":{"line":205,"column":7}},"124":{"start":{"line":204,"column":10},"end":{"line":204,"column":91}},"125":{"start":{"line":207,"column":28},"end":{"line":210,"column":12}},"126":{"start":{"line":208,"column":10},"end":{"line":208,"column":34}},"127":{"start":{"line":209,"column":10},"end":{"line":209,"column":21}},"128":{"start":{"line":212,"column":22},"end":{"line":212,"column":99}},"129":{"start":{"line":213,"column":6},"end":{"line":213,"column":55}},"130":{"start":{"line":217,"column":17},"end":{"line":217,"column":28}},"131":{"start":{"line":218,"column":4},"end":{"line":218,"column":112}},"132":{"start":{"line":218,"column":32},"end":{"line":218,"column":112}},"133":{"start":{"line":220,"column":16},"end":{"line":220,"column":62}},"134":{"start":{"line":220,"column":44},"end":{"line":220,"column":61}},"135":{"start":{"line":221,"column":4},"end":{"line":221,"column":88}},"136":{"start":{"line":221,"column":20},"end":{"line":221,"column":88}},"137":{"start":{"line":222,"column":19},"end":{"line":222,"column":36}},"138":{"start":{"line":224,"column":4},"end":{"line":226,"column":5}},"139":{"start":{"line":225,"column":6},"end":{"line":225,"column":74}},"140":{"start":{"line":227,"column":4},"end":{"line":227,"column":87}},"141":{"start":{"line":228,"column":4},"end":{"line":228,"column":56}},"142":{"start":{"line":229,"column":18},"end":{"line":229,"column":28}},"143":{"start":{"line":232,"column":0},"end":{"line":273,"column":2}},"144":{"start":{"line":233,"column":2},"end":{"line":272,"column":30}},"145":{"start":{"line":234,"column":15},"end":{"line":234,"column":28}},"146":{"start":{"line":235,"column":4},"end":{"line":258,"column":5}},"147":{"start":{"line":237,"column":16},"end":{"line":237,"column":54}},"148":{"start":{"line":238,"column":6},"end":{"line":238,"column":82}},"149":{"start":{"line":238,"column":14},"end":{"line":238,"column":82}},"150":{"start":{"line":241,"column":6},"end":{"line":243,"column":7}},"151":{"start":{"line":242,"column":8},"end":{"line":242,"column":76}},"152":{"start":{"line":246,"column":6},"end":{"line":246,"column":68}},"153":{"start":{"line":249,"column":6},"end":{"line":249,"column":69}},"154":{"start":{"line":251,"column":6},"end":{"line":255,"column":7}},"155":{"start":{"line":252,"column":8},"end":{"line":252,"column":43}},"156":{"start":{"line":254,"column":8},"end":{"line":254,"column":78}},"157":{"start":{"line":257,"column":6},"end":{"line":257,"column":63}},"158":{"start":{"line":261,"column":17},"end":{"line":261,"column":28}},"159":{"start":{"line":262,"column":4},"end":{"line":262,"column":112}},"160":{"start":{"line":262,"column":32},"end":{"line":262,"column":112}},"161":{"start":{"line":264,"column":16},"end":{"line":264,"column":62}},"162":{"start":{"line":264,"column":44},"end":{"line":264,"column":61}},"163":{"start":{"line":265,"column":4},"end":{"line":265,"column":88}},"164":{"start":{"line":265,"column":20},"end":{"line":265,"column":88}},"165":{"start":{"line":267,"column":4},"end":{"line":269,"column":5}},"166":{"start":{"line":268,"column":6},"end":{"line":268,"column":74}},"167":{"start":{"line":270,"column":4},"end":{"line":270,"column":39}},"168":{"start":{"line":271,"column":4},"end":{"line":271,"column":54}},"169":{"start":{"line":272,"column":18},"end":{"line":272,"column":28}}},"fnMap":{"0":{"name":"(anonymous_0)","decl":{"start":{"line":24,"column":28},"end":{"line":24,"column":29}},"loc":{"start":{"line":24,"column":42},"end":{"line":47,"column":1}},"line":24},"1":{"name":"(anonymous_1)","decl":{"start":{"line":29,"column":38},"end":{"line":29,"column":39}},"loc":{"start":{"line":29,"column":43},"end":{"line":29,"column":82}},"line":29},"2":{"name":"(anonymous_2)","decl":{"start":{"line":34,"column":18},"end":{"line":34,"column":19}},"loc":{"start":{"line":34,"column":23},"end":{"line":40,"column":3}},"line":34},"3":{"name":"(anonymous_3)","decl":{"start":{"line":52,"column":15},"end":{"line":52,"column":16}},"loc":{"start":{"line":52,"column":41},"end":{"line":102,"column":1}},"line":52},"4":{"name":"(anonymous_4)","decl":{"start":{"line":91,"column":35},"end":{"line":91,"column":36}},"loc":{"start":{"line":91,"column":40},"end":{"line":91,"column":50}},"line":91},"5":{"name":"(anonymous_5)","decl":{"start":{"line":92,"column":38},"end":{"line":92,"column":39}},"loc":{"start":{"line":92,"column":43},"end":{"line":92,"column":86}},"line":92},"6":{"name":"(anonymous_6)","decl":{"start":{"line":95,"column":25},"end":{"line":95,"column":26}},"loc":{"start":{"line":95,"column":30},"end":{"line":95,"column":87}},"line":95},"7":{"name":"(anonymous_7)","decl":{"start":{"line":95,"column":43},"end":{"line":95,"column":44}},"loc":{"start":{"line":95,"column":48},"end":{"line":95,"column":86}},"line":95},"8":{"name":"(anonymous_8)","decl":{"start":{"line":98,"column":49},"end":{"line":98,"column":50}},"loc":{"start":{"line":98,"column":58},"end":{"line":98,"column":101}},"line":98},"9":{"name":"(anonymous_9)","decl":{"start":{"line":99,"column":49},"end":{"line":99,"column":50}},"loc":{"start":{"line":99,"column":58},"end":{"line":99,"column":101}},"line":99},"10":{"name":"(anonymous_10)","decl":{"start":{"line":104,"column":18},"end":{"line":104,"column":19}},"loc":{"start":{"line":104,"column":44},"end":{"line":123,"column":1}},"line":104},"11":{"name":"(anonymous_11)","decl":{"start":{"line":118,"column":37},"end":{"line":118,"column":38}},"loc":{"start":{"line":118,"column":42},"end":{"line":118,"column":59}},"line":118},"12":{"name":"(anonymous_12)","decl":{"start":{"line":120,"column":40},"end":{"line":120,"column":41}},"loc":{"start":{"line":120,"column":45},"end":{"line":120,"column":78}},"line":120},"13":{"name":"(anonymous_13)","decl":{"start":{"line":125,"column":17},"end":{"line":125,"column":18}},"loc":{"start":{"line":125,"column":43},"end":{"line":185,"column":1}},"line":125},"14":{"name":"(anonymous_14)","decl":{"start":{"line":134,"column":26},"end":{"line":134,"column":27}},"loc":{"start":{"line":134,"column":54},"end":{"line":143,"column":5}},"line":134},"15":{"name":"toRad","decl":{"start":{"line":136,"column":15},"end":{"line":136,"column":20}},"loc":{"start":{"line":136,"column":23},"end":{"line":136,"column":50}},"line":136},"16":{"name":"(anonymous_16)","decl":{"start":{"line":155,"column":37},"end":{"line":155,"column":38}},"loc":{"start":{"line":155,"column":42},"end":{"line":158,"column":5}},"line":155},"17":{"name":"(anonymous_17)","decl":{"start":{"line":187,"column":17},"end":{"line":187,"column":18}},"loc":{"start":{"line":187,"column":43},"end":{"line":230,"column":1}},"line":187},"18":{"name":"(anonymous_18)","decl":{"start":{"line":203,"column":57},"end":{"line":203,"column":58}},"loc":{"start":{"line":204,"column":10},"end":{"line":204,"column":91}},"line":204},"19":{"name":"(anonymous_19)","decl":{"start":{"line":207,"column":50},"end":{"line":207,"column":51}},"loc":{"start":{"line":207,"column":64},"end":{"line":210,"column":7}},"line":207},"20":{"name":"(anonymous_20)","decl":{"start":{"line":220,"column":39},"end":{"line":220,"column":40}},"loc":{"start":{"line":220,"column":44},"end":{"line":220,"column":61}},"line":220},"21":{"name":"(anonymous_21)","decl":{"start":{"line":232,"column":17},"end":{"line":232,"column":18}},"loc":{"start":{"line":232,"column":43},"end":{"line":273,"column":1}},"line":232},"22":{"name":"(anonymous_22)","decl":{"start":{"line":264,"column":39},"end":{"line":264,"column":40}},"loc":{"start":{"line":264,"column":44},"end":{"line":264,"column":61}},"line":264}},"branchMap":{"0":{"loc":{"start":{"line":27,"column":2},"end":{"line":27,"column":42}},"type":"if","locations":[{"start":{"line":27,"column":2},"end":{"line":27,"column":42}},{"start":{},"end":{}}],"line":27},"1":{"loc":{"start":{"line":27,"column":6},"end":{"line":27,"column":28}},"type":"binary-expr","locations":[{"start":{"line":27,"column":6},"end":{"line":27,"column":11}},{"start":{"line":27,"column":15},"end":{"line":27,"column":28}}],"line":27},"2":{"loc":{"start":{"line":29,"column":43},"end":{"line":29,"column":82}},"type":"binary-expr","locations":[{"start":{"line":29,"column":43},"end":{"line":29,"column":66}},{"start":{"line":29,"column":70},"end":{"line":29,"column":82}}],"line":29},"3":{"loc":{"start":{"line":31,"column":2},"end":{"line":31,"column":40}},"type":"if","locations":[{"start":{"line":31,"column":2},"end":{"line":31,"column":40}},{"start":{},"end":{}}],"line":31},"4":{"loc":{"start":{"line":35,"column":30},"end":{"line":35,"column":54}},"type":"binary-expr","locations":[{"start":{"line":35,"column":30},"end":{"line":35,"column":49}},{"start":{"line":35,"column":53},"end":{"line":35,"column":54}}],"line":35},"5":{"loc":{"start":{"line":36,"column":25},"end":{"line":36,"column":44}},"type":"binary-expr","locations":[{"start":{"line":36,"column":25},"end":{"line":36,"column":39}},{"start":{"line":36,"column":43},"end":{"line":36,"column":44}}],"line":36},"6":{"loc":{"start":{"line":37,"column":31},"end":{"line":37,"column":56}},"type":"binary-expr","locations":[{"start":{"line":37,"column":31},"end":{"line":37,"column":51}},{"start":{"line":37,"column":55},"end":{"line":37,"column":56}}],"line":37},"7":{"loc":{"start":{"line":38,"column":28},"end":{"line":38,"column":50}},"type":"binary-expr","locations":[{"start":{"line":38,"column":28},"end":{"line":38,"column":45}},{"start":{"line":38,"column":49},"end":{"line":38,"column":50}}],"line":38},"8":{"loc":{"start":{"line":39,"column":26},"end":{"line":39,"column":46}},"type":"binary-expr","locations":[{"start":{"line":39,"column":26},"end":{"line":39,"column":41}},{"start":{"line":39,"column":45},"end":{"line":39,"column":46}}],"line":39},"9":{"loc":{"start":{"line":57,"column":4},"end":{"line":85,"column":5}},"type":"if","locations":[{"start":{"line":57,"column":4},"end":{"line":85,"column":5}},{"start":{},"end":{}}],"line":57},"10":{"loc":{"start":{"line":60,"column":6},"end":{"line":60,"column":67}},"type":"if","locations":[{"start":{"line":60,"column":6},"end":{"line":60,"column":67}},{"start":{},"end":{}}],"line":60},"11":{"loc":{"start":{"line":63,"column":6},"end":{"line":72,"column":7}},"type":"if","locations":[{"start":{"line":63,"column":6},"end":{"line":72,"column":7}},{"start":{},"end":{}}],"line":63},"12":{"loc":{"start":{"line":63,"column":10},"end":{"line":63,"column":30}},"type":"binary-expr","locations":[{"start":{"line":63,"column":10},"end":{"line":63,"column":13}},{"start":{"line":63,"column":17},"end":{"line":63,"column":20}},{"start":{"line":63,"column":24},"end":{"line":63,"column":30}}],"line":63},"13":{"loc":{"start":{"line":77,"column":6},"end":{"line":81,"column":7}},"type":"if","locations":[{"start":{"line":77,"column":6},"end":{"line":81,"column":7}},{"start":{"line":79,"column":13},"end":{"line":81,"column":7}}],"line":77},"14":{"loc":{"start":{"line":79,"column":13},"end":{"line":81,"column":7}},"type":"if","locations":[{"start":{"line":79,"column":13},"end":{"line":81,"column":7}},{"start":{},"end":{}}],"line":79},"15":{"loc":{"start":{"line":89,"column":4},"end":{"line":89,"column":112}},"type":"if","locations":[{"start":{"line":89,"column":4},"end":{"line":89,"column":112}},{"start":{},"end":{}}],"line":89},"16":{"loc":{"start":{"line":89,"column":8},"end":{"line":89,"column":30}},"type":"binary-expr","locations":[{"start":{"line":89,"column":8},"end":{"line":89,"column":13}},{"start":{"line":89,"column":17},"end":{"line":89,"column":30}}],"line":89},"17":{"loc":{"start":{"line":92,"column":4},"end":{"line":92,"column":88}},"type":"if","locations":[{"start":{"line":92,"column":4},"end":{"line":92,"column":88}},{"start":{},"end":{}}],"line":92},"18":{"loc":{"start":{"line":92,"column":44},"end":{"line":92,"column":64}},"type":"binary-expr","locations":[{"start":{"line":92,"column":44},"end":{"line":92,"column":59}},{"start":{"line":92,"column":63},"end":{"line":92,"column":64}}],"line":92},"19":{"loc":{"start":{"line":93,"column":4},"end":{"line":96,"column":5}},"type":"if","locations":[{"start":{"line":93,"column":4},"end":{"line":96,"column":5}},{"start":{},"end":{}}],"line":93},"20":{"loc":{"start":{"line":94,"column":21},"end":{"line":94,"column":80}},"type":"cond-expr","locations":[{"start":{"line":94,"column":48},"end":{"line":94,"column":57}},{"start":{"line":94,"column":60},"end":{"line":94,"column":80}}],"line":94},"21":{"loc":{"start":{"line":95,"column":48},"end":{"line":95,"column":86}},"type":"binary-expr","locations":[{"start":{"line":95,"column":48},"end":{"line":95,"column":59}},{"start":{"line":95,"column":63},"end":{"line":95,"column":86}}],"line":95},"22":{"loc":{"start":{"line":98,"column":4},"end":{"line":98,"column":103}},"type":"if","locations":[{"start":{"line":98,"column":4},"end":{"line":98,"column":103}},{"start":{},"end":{}}],"line":98},"23":{"loc":{"start":{"line":98,"column":59},"end":{"line":98,"column":77}},"type":"binary-expr","locations":[{"start":{"line":98,"column":59},"end":{"line":98,"column":74}},{"start":{"line":98,"column":76},"end":{"line":98,"column":77}}],"line":98},"24":{"loc":{"start":{"line":98,"column":82},"end":{"line":98,"column":100}},"type":"binary-expr","locations":[{"start":{"line":98,"column":82},"end":{"line":98,"column":97}},{"start":{"line":98,"column":99},"end":{"line":98,"column":100}}],"line":98},"25":{"loc":{"start":{"line":99,"column":4},"end":{"line":99,"column":103}},"type":"if","locations":[{"start":{"line":99,"column":4},"end":{"line":99,"column":103}},{"start":{},"end":{}}],"line":99},"26":{"loc":{"start":{"line":99,"column":59},"end":{"line":99,"column":77}},"type":"binary-expr","locations":[{"start":{"line":99,"column":59},"end":{"line":99,"column":74}},{"start":{"line":99,"column":76},"end":{"line":99,"column":77}}],"line":99},"27":{"loc":{"start":{"line":99,"column":82},"end":{"line":99,"column":100}},"type":"binary-expr","locations":[{"start":{"line":99,"column":82},"end":{"line":99,"column":97}},{"start":{"line":99,"column":99},"end":{"line":99,"column":100}}],"line":99},"28":{"loc":{"start":{"line":107,"column":4},"end":{"line":112,"column":5}},"type":"if","locations":[{"start":{"line":107,"column":4},"end":{"line":112,"column":5}},{"start":{},"end":{}}],"line":107},"29":{"loc":{"start":{"line":109,"column":6},"end":{"line":109,"column":82}},"type":"if","locations":[{"start":{"line":109,"column":6},"end":{"line":109,"column":82}},{"start":{},"end":{}}],"line":109},"30":{"loc":{"start":{"line":116,"column":4},"end":{"line":116,"column":129}},"type":"if","locations":[{"start":{"line":116,"column":4},"end":{"line":116,"column":129}},{"start":{},"end":{}}],"line":116},"31":{"loc":{"start":{"line":116,"column":8},"end":{"line":116,"column":47}},"type":"binary-expr","locations":[{"start":{"line":116,"column":8},"end":{"line":116,"column":13}},{"start":{"line":116,"column":17},"end":{"line":116,"column":30}},{"start":{"line":116,"column":34},"end":{"line":116,"column":47}}],"line":116},"32":{"loc":{"start":{"line":119,"column":4},"end":{"line":119,"column":85}},"type":"if","locations":[{"start":{"line":11
[...]
expr","locations":[{"start":{"line":241,"column":10},"end":{"line":241,"column":41}},{"start":{"line":241,"column":45},"end":{"line":241,"column":70}}],"line":241},"56":{"loc":{"start":{"line":262,"column":4},"end":{"line":262,"column":112}},"type":"if","locations":[{"start":{"line":262,"column":4},"end":{"line":262,"column":112}},{"start":{},"end":{}}],"line":262},"57":{"loc":{"start":{"line":262,"column":8},"end":{"line":262,"column":30}},"type":"binary-expr","locations":[{"start":{"line":262,"column":8},"end":{"line":262,"column":13}},{"start":{"line":262,"column":17},"end":{"line":262,"column":30}}],"line":262},"58":{"loc":{"start":{"line":265,"column":4},"end":{"line":265,"column":88}},"type":"if","locations":[{"start":{"line":265,"column":4},"end":{"line":265,"column":88}},{"start":{},"end":{}}],"line":265},"59":{"loc":{"start":{"line":267,"column":4},"end":{"line":269,"column":5}},"type":"if","locations":[{"start":{"line":267,"column":4},"end":{"line":269,"column":5}},{"start":{},"end":{}}],"line":267},"60":{"loc":{"start":{"line":267,"column":8},"end":{"line":267,"column":84}},"type":"binary-expr","locations":[{"start":{"line":267,"column":8},"end":{"line":267,"column":55}},{"start":{"line":267,"column":59},"end":{"line":267,"column":84}}],"line":267}},"s":{"0":5,"1":5,"2":5,"3":5,"4":5,"5":0,"6":0,"7":0,"8":0,"9":0,"10":0,"11":0,"12":0,"13":0,"14":0,"15":0,"16":0,"17":0,"18":0,"19":0,"20":0,"21":0,"22":0,"23":0,"24":0,"25":5,"26":12,"27":12,"28":12,"29":7,"30":7,"31":2,"32":7,"33":1,"34":1,"35":1,"36":7,"37":6,"38":1,"39":5,"40":1,"41":6,"42":6,"43":5,"44":5,"45":0,"46":5,"47":15,"48":5,"49":1,"50":2,"51":5,"52":2,"53":2,"54":4,"55":8,"56":5,"57":1,"58":1,"59":5,"60":1,"61":1,"62":5,"63":1,"64":5,"65":3,"66":3,"67":3,"68":2,"69":2,"70":1,"71":1,"72":1,"73":1,"74":1,"75":0,"76":1,"77":2,"78":1,"79":0,"80":1,"81":2,"82":1,"83":0,"84":5,"85":45,"86":45,"87":45,"88":1,"89":44,"90":44,"91":16,"92":4,"93":4,"94":4,"95":4,"96":4,"97":4,"98":44,"99":42,"100":42,"101":2,"102":2,"103":0,"104":2,"105":4,"106":4,"107":2,"108":1,"109":1,"110":1,"111":1,"112":0,"113":5,"114":7,"115":7,"116":7,"117":7,"118":5,"119":5,"120":1,"121":4,"122":1,"123":3,"124":5,"125":3,"126":3,"127":3,"128":3,"129":2,"130":2,"131":2,"132":0,"133":2,"134":3,"135":2,"136":0,"137":2,"138":2,"139":1,"140":1,"141":1,"142":1,"143":5,"144":8,"145":8,"146":8,"147":6,"148":6,"149":1,"150":5,"151":1,"152":4,"153":3,"154":3,"155":3,"156":1,"157":3,"158":2,"159":2,"160":0,"161":2,"162":2,"163":2,"164":0,"165":2,"166":1,"167":1,"168":1,"169":1},"f":{"0":0,"1":0,"2":0,"3":12,"4":15,"5":2,"6":4,"7":8,"8":1,"9":1,"10":3,"11":2,"12":2,"13":45,"14":4,"15":16,"16":4,"17":7,"18":5,"19":3,"20":3,"21":8,"22":2},"b":{"0":[0,0],"1":[0,0],"2":[0,0],"3":[0,0],"4":[0,0],"5":[0,0],"6":[0,0],"7":[0,0],"8":[0,0],"9":[7,5],"10":[2,5],"11":[1,6],"12":[7,1,1],"13":[1,5],"14":[1,4],"15":[0,5],"16":[5,5],"17":[1,4],"18":[2,0],"19":[2,3],"20":[1,1],"21":[8,8],"22":[1,4],"23":[1,0],"24":[1,0],"25":[1,4],"26":[1,0],"27":[1,0],"28":[2,1],"29":[1,1],"30":[0,1],"31":[1,1,1],"32":[0,1],"33":[2,1],"34":[1,44],"35":[45,45,45,44,44],"36":[42,2],"37":[0,2],"38":[2,2],"39":[1,1],"40":[1,0],"41":[1,1],"42":[1,0],"43":[5,2],"44":[1,4],"45":[1,3],"46":[4,2],"47":[0,2],"48":[2,2],"49":[0,2],"50":[1,1],"51":[2,2],"52":[6,2],"53":[1,5],"54":[1,4],"55":[5,2],"56":[0,2],"57":[2,2],"58":[0,2],"59":[1,1],"60":[2,1]},"_coverageSchema":"1a1c01bbd47fc00a2c39e90264f33305004495a9","hash":"1aa561c37c2e3c3900aa2c78bb2f74600707a4e2"}
,"C:\\Users\\Δημήτρης Κοκκινάκος\\Documents\\Emergenshit-backend\\data\\mockData.js": {"path":"C:\\Users\\Δημήτρης Κοκκινάκος\\Documents\\Emergenshit-backend\\data\\mockData.js","statementMap":{"0":{"start":{"line":2,"column":21},"end":{"line":2,"column":36}},"1":{"start":{"line":3,"column":12},"end":{"line":3,"column":42}},"2":{"start":{"line":3,"column":18},"end":{"line":3,"column":42}},"3":{"start":{"line":5,"column":14},"end":{"line":32,"column":1}},"4":{"start":{"line":34,"column":16},"end":{"line":73,"column":1}},"5":{"start":{"line":75,"column":16},"end":{"line":112,"column":1}},"6":{"start":{"line":114,"column":0},"end":{"line":114,"column":45}}},"fnMap":{"0":{"name":"(anonymous_0)","decl":{"start":{"line":3,"column":12},"end":{"line":3,"column":13}},"loc":{"start":{"line":3,"column":18},"end":{"line":3,"column":42}},"line":3}},"branchMap":{},"s":{"0":5,"1":5,"2":60,"3":5,"4":5,"5":5,"6":5},"f":{"0":60},"b":{},"_coverageSchema":"1a1c01bbd47fc00a2c39e90264f33305004495a9","hash":"1a9bdbd55d5bee08843babefc9b136b96175dedc"}
,"C:\\Users\\Δημήτρης Κοκκινάκος\\Documents\\Emergenshit-backend\\middleware\\auth.js": {"path":"C:\\Users\\Δημήτρης Κοκκινάκος\\Documents\\Emergenshit-backend\\middleware\\auth.js","statementMap":{"0":{"start":{"line":2,"column":12},"end":{"line":2,"column":35}},"1":{"start":{"line":4,"column":13},"end":{"line":15,"column":1}},"2":{"start":{"line":5,"column":17},"end":{"line":5,"column":42}},"3":{"start":{"line":6,"column":2},"end":{"line":6,"column":83}},"4":{"start":{"line":6,"column":15},"end":{"line":6,"column":83}},"5":{"start":{"line":7,"column":16},"end":{"line":7,"column":36}},"6":{"start":{"line":8,"column":2},"end":{"line":14,"column":3}},"7":{"start":{"line":9,"column":20},"end":{"line":9,"column":77}},"8":{"start":{"line":10,"column":4},"end":{"line":10,"column":23}},"9":{"start":{"line":11,"column":4},"end":{"line":11,"column":11}},"10":{"start":{"line":13,"column":4},"end":{"line":13,"column":76}},"11":{"start":{"line":17,"column":20},"end":{"line":21,"column":1}},"12":{"start":{"line":17,"column":30},"end":{"line":21,"column":1}},"13":{"start":{"line":18,"column":2},"end":{"line":18,"column":83}},"14":{"start":{"line":18,"column":17},"end":{"line":18,"column":83}},"15":{"start":{"line":19,"column":2},"end":{"line":19,"column":127}},"16":{"start":{"line":19,"column":59},"end":{"line":19,"column":127}},"17":{"start":{"line":20,"column":2},"end":{"line":20,"column":9}},"18":{"start":{"line":23,"column":0},"end":{"line":23,"column":39}}},"fnMap":{"0":{"name":"(anonymous_0)","decl":{"start":{"line":4,"column":13},"end":{"line":4,"column":14}},"loc":{"start":{"line":4,"column":33},"end":{"line":15,"column":1}},"line":4},"1":{"name":"(anonymous_1)","decl":{"start":{"line":17,"column":20},"end":{"line":17,"column":21}},"loc":{"start":{"line":17,"column":30},"end":{"line":21,"column":1}},"line":17},"2":{"name":"(anonymous_2)","decl":{"start":{"line":17,"column":30},"end":{"line":17,"column":31}},"loc":{"start":{"line":17,"column":50},"end":{"line":21,"column":1}},"line":17}},"branchMap":{"0":{"loc":{"start":{"line":6,"column":2},"end":{"line":6,"column":83}},"type":"if","locations":[{"start":{"line":6,"column":2},"end":{"line":6,"column":83}},{"start":{},"end":{}}],"line":6},"1":{"loc":{"start":{"line":9,"column":38},"end":{"line":9,"column":76}},"type":"binary-expr","locations":[{"start":{"line":9,"column":38},"end":{"line":9,"column":60}},{"start":{"line":9,"column":64},"end":{"line":9,"column":76}}],"line":9},"2":{"loc":{"start":{"line":18,"column":2},"end":{"line":18,"column":83}},"type":"if","locations":[{"start":{"line":18,"column":2},"end":{"line":18,"column":83}},{"start":{},"end":{}}],"line":18},"3":{"loc":{"start":{"line":19,"column":2},"end":{"line":19,"column":127}},"type":"if","locations":[{"start":{"line":19,"column":2},"end":{"line":19,"column":127}},{"start":{},"end":{}}],"line":19},"4":{"loc":{"start":{"line":19,"column":6},"end":{"line":19,"column":57}},"type":"binary-expr","locations":[{"start":{"line":19,"column":6},"end":{"line":19,"column":28}},{"start":{"line":19,"column":32},"end":{"line":19,"column":57}}],"line":19}},"s":{"0":6,"1":6,"2":123,"3":123,"4":4,"5":119,"6":119,"7":119,"8":116,"9":116,"10":3,"11":6,"12":4,"13":4,"14":1,"15":3,"16":1,"17":2,"18":6},"f":{"0":123,"1":4,"2":4},"b":{"0":[4,119],"1":[119,0],"2":[1,3],"3":[1,2],"4":[3,2]},"_coverageSchema":"1a1c01bbd47fc00a2c39e90264f33305004495a9","hash":"41b3e731f4a6ff793d7a2f950cdc5432962df2ca"}
,"C:\\Users\\Δημήτρης Κοκκινάκος\\Documents\\Emergenshit-backend\\middleware\\errorHandler.js": {"path":"C:\\Users\\Δημήτρης Κοκκινάκος\\Documents\\Emergenshit-backend\\middleware\\errorHandler.js","statementMap":{"0":{"start":{"line":2,"column":0},"end":{"line":5,"column":2}},"1":{"start":{"line":3,"column":2},"end":{"line":3,"column":21}},"2":{"start":{"line":4,"column":2},"end":{"line":4,"column":94}}},"fnMap":{"0":{"name":"(anonymous_0)","decl":{"start":{"line":2,"column":17},"end":{"line":2,"column":18}},"loc":{"start":{"line":2,"column":42},"end":{"line":5,"column":1}},"line":2}},"branchMap":{"0":{"loc":{"start":{"line":4,"column":13},"end":{"line":4,"column":30}},"type":"binary-expr","locations":[{"start":{"line":4,"column":13},"end":{"line":4,"column":23}},{"start":{"line":4,"column":27},"end":{"line":4,"column":30}}],"line":4},"1":{"loc":{"start":{"line":4,"column":61},"end":{"line":4,"column":90}},"type":"binary-expr","locations":[{"start":{"line":4,"column":61},"end":{"line":4,"column":72}},{"start":{"line":4,"column":76},"end":{"line":4,"column":90}}],"line":4}},"s":{"0":6,"1":14,"2":14},"f":{"0":14},"b":{"0":[14,13],"1":[14,1]},"_coverageSchema":"1a1c01bbd47fc00a2c39e90264f33305004495a9","hash":"cb9743738b6adb1c97f3e1684a51854a3905a56f"}
,"C:\\Users\\Δημήτρης Κοκκινάκος\\Documents\\Emergenshit-backend\\models\\Review.js": {"path":"C:\\Users\\Δημήτρης Κοκκινάκος\\Documents\\Emergenshit-backend\\models\\Review.js","statementMap":{"0":{"start":{"line":2,"column":17},"end":{"line":2,"column":36}},"1":{"start":{"line":4,"column":20},"end":{"line":8,"column":18}},"2":{"start":{"line":10,"column":20},"end":{"line":15,"column":18}},"3":{"start":{"line":17,"column":21},"end":{"line":34,"column":2}},"4":{"start":{"line":36,"column":0},"end":{"line":36,"column":82}}},"fnMap":{},"branchMap":{"0":{"loc":{"start":{"line":36,"column":17},"end":{"line":36,"column":81}},"type":"binary-expr","locations":[{"start":{"line":36,"column":17},"end":{"line":36,"column":39}},{"start":{"line":36,"column":43},"end":{"line":36,"column":81}}],"line":36}},"s":{"0":6,"1":6,"2":6,"3":6,"4":6},"f":{},"b":{"0":[6,6]},"_coverageSchema":"1a1c01bbd47fc00a2c39e90264f33305004495a9","hash":"a2916aeb1602a3604b2917b684d3b1031bef74f4"}
,"C:\\Users\\Δημήτρης Κοκκινάκος\\Documents\\Emergenshit-backend\\models\\Toilet.js": {"path":"C:\\Users\\Δημήτρης Κοκκινάκος\\Documents\\Emergenshit-backend\\models\\Toilet.js","statementMap":{"0":{"start":{"line":2,"column":17},"end":{"line":2,"column":36}},"1":{"start":{"line":4,"column":18},"end":{"line":7,"column":18}},"2":{"start":{"line":9,"column":20},"end":{"line":13,"column":18}},"3":{"start":{"line":15,"column":21},"end":{"line":33,"column":2}},"4":{"start":{"line":35,"column":0},"end":{"line":35,"column":82}}},"fnMap":{},"branchMap":{"0":{"loc":{"start":{"line":35,"column":17},"end":{"line":35,"column":81}},"type":"binary-expr","locations":[{"start":{"line":35,"column":17},"end":{"line":35,"column":39}},{"start":{"line":35,"column":43},"end":{"line":35,"column":81}}],"line":35}},"s":{"0":6,"1":6,"2":6,"3":6,"4":6},"f":{},"b":{"0":[6,6]},"_coverageSchema":"1a1c01bbd47fc00a2c39e90264f33305004495a9","hash":"753d75b85a1d97ceb640510860cb8fd846f96d73"}
,"C:\\Users\\Δημήτρης Κοκκινάκος\\Documents\\Emergenshit-backend\\models\\User.js": {"path":"C:\\Users\\Δημήτρης Κοκκινάκος\\Documents\\Emergenshit-backend\\models\\User.js","statementMap":{"0":{"start":{"line":2,"column":17},"end":{"line":2,"column":36}},"1":{"start":{"line":4,"column":19},"end":{"line":16,"column":2}},"2":{"start":{"line":18,"column":0},"end":{"line":18,"column":76}}},"fnMap":{},"branchMap":{"0":{"loc":{"start":{"line":18,"column":17},"end":{"line":18,"column":75}},"type":"binary-expr","locations":[{"start":{"line":18,"column":17},"end":{"line":18,"column":37}},{"start":{"line":18,"column":41},"end":{"line":18,"column":75}}],"line":18}},"s":{"0":5,"1":5,"2":5},"f":{},"b":{"0":[5,5]},"_coverageSchema":"1a1c01bbd47fc00a2c39e90264f33305004495a9","hash":"011e600e61ee8a4d730fe82bb71bdd6325dd6444"}
,"C:\\Users\\Δημήτρης Κοκκινάκος\\Documents\\Emergenshit-backend\\routes\\admin.js": {"path":"C:\\Users\\Δημήτρης Κοκκινάκος\\Documents\\Emergenshit-backend\\routes\\admin.js","statementMap":{"0":{"start":{"line":1,"column":16},"end":{"line":1,"column":34}},"1":{"start":{"line":2,"column":15},"end":{"line":2,"column":31}},"2":{"start":{"line":3,"column":17},"end":{"line":3,"column":46}},"3":{"start":{"line":4,"column":15},"end":{"line":4,"column":42}},"4":{"start":{"line":8,"column":2},"end":{"line":10,"column":3}},"5":{"start":{"line":9,"column":4},"end":{"line":9,"column":76}},"6":{"start":{"line":11,"column":2},"end":{"line":11,"column":9}},"7":{"start":{"line":15,"column":0},"end":{"line":18,"column":3}},"8":{"start":{"line":16,"column":15},"end":{"line":16,"column":53}},"9":{"start":{"line":17,"column":2},"end":{"line":17,"column":42}},"10":{"start":{"line":21,"column":0},"end":{"line":24,"column":3}},"11":{"start":{"line":22,"column":2},"end":{"line":22,"column":74}},"12":{"start":{"line":23,"column":2},"end":{"line":23,"column":51}},"13":{"start":{"line":27,"column":0},"end":{"line":30,"column":3}},"14":{"start":{"line":28,"column":2},"end":{"line":28,"column":75}},"15":{"start":{"line":29,"column":2},"end":{"line":29,"column":51}},"16":{"start":{"line":32,"column":0},"end":{"line":32,"column":24}}},"fnMap":{"0":{"name":"adminOnly","decl":{"start":{"line":7,"column":9},"end":{"line":7,"column":18}},"loc":{"start":{"line":7,"column":35},"end":{"line":12,"column":1}},"line":7},"1":{"name":"(anonymous_1)","decl":{"start":{"line":15,"column":40},"end":{"line":15,"column":41}},"loc":{"start":{"line":15,"column":60},"end":{"line":18,"column":1}},"line":15},"2":{"name":"(anonymous_2)","decl":{"start":{"line":21,"column":44},"end":{"line":21,"column":45}},"loc":{"start":{"line":21,"column":64},"end":{"line":24,"column":1}},"line":21},"3":{"name":"(anonymous_3)","decl":{"start":{"line":27,"column":43},"end":{"line":27,"column":44}},"loc":{"start":{"line":27,"column":63},"end":{"line":30,"column":1}},"line":27}},"branchMap":{"0":{"loc":{"start":{"line":8,"column":2},"end":{"line":10,"column":3}},"type":"if","locations":[{"start":{"line":8,"column":2},"end":{"line":10,"column":3}},{"start":{},"end":{}}],"line":8},"1":{"loc":{"start":{"line":8,"column":6},"end":{"line":8,"column":60}},"type":"binary-expr","locations":[{"start":{"line":8,"column":6},"end":{"line":8,"column":31}},{"start":{"line":8,"column":35},"end":{"line":8,"column":60}}],"line":8}},"s":{"0":5,"1":5,"2":5,"3":5,"4":6,"5":3,"6":3,"7":5,"8":1,"9":1,"10":5,"11":1,"12":1,"13":5,"14":1,"15":1,"16":5},"f":{"0":6,"1":1,"2":1,"3":1},"b":{"0":[3,3],"1":[6,6]},"_coverageSchema":"1a1c01bbd47fc00a2c39e90264f33305004495a9","hash":"6d1bf825191ba6aa3f17b1f55467da7303cf3e81"}
,"C:\\Users\\Δημήτρης Κοκκινάκος\\Documents\\Emergenshit-backend\\routes\\auth.js": {"path":"C:\\Users\\Δημήτρης Κοκκινάκος\\Documents\\Emergenshit-backend\\routes\\auth.js","statementMap":{"0":{"start":{"line":2,"column":16},"end":{"line":2,"column":34}},"1":{"start":{"line":3,"column":15},"end":{"line":3,"column":31}},"2":{"start":{"line":4,"column":23},"end":{"line":4,"column":63}},"3":{"start":{"line":6,"column":0},"end":{"line":6,"column":50}},"4":{"start":{"line":7,"column":0},"end":{"line":7,"column":44}},"5":{"start":{"line":9,"column":0},"end":{"line":9,"column":24}}},"fnMap":{},"branchMap":{},"s":{"0":5,"1":5,"2":5,"3":5,"4":5,"5":5},"f":{},"b":{},"_coverageSchema":"1a1c01bbd47fc00a2c39e90264f33305004495a9","hash":"559927f7536a6d13b75699fa55c317d80e9def5d"}
,"C:\\Users\\Δημήτρης Κοκκινάκος\\Documents\\Emergenshit-backend\\routes\\reviews.js": {"path":"C:\\Users\\Δημήτρης Κοκκινάκος\\Documents\\Emergenshit-backend\\routes\\reviews.js","statementMap":{"0":{"start":{"line":2,"column":16},"end":{"line":2,"column":34}},"1":{"start":{"line":3,"column":15},"end":{"line":3,"column":31}},"2":{"start":{"line":4,"column":26},"end":{"line":4,"column":69}},"3":{"start":{"line":5,"column":17},"end":{"line":5,"column":46}},"4":{"start":{"line":7,"column":0},"end":{"line":7,"column":49}},"5":{"start":{"line":8,"column":0},"end":{"line":8,"column":64}},"6":{"start":{"line":9,"column":0},"end":{"line":9,"column":51}},"7":{"start":{"line":10,"column":0},"end":{"line":10,"column":54}},"8":{"start":{"line":11,"column":0},"end":{"line":11,"column":55}},"9":{"start":{"line":12,"column":0},"end":{"line":12,"column":61}},"10":{"start":{"line":15,"column":0},"end":{"line":15,"column":24}}},"fnMap":{},"branchMap":{},"s":{"0":5,"1":5,"2":5,"3":5,"4":5,"5":5,"6":5,"7":5,"8":5,"9":5,"10":5},"f":{},"b":{},"_coverageSchema":"1a1c01bbd47fc00a2c39e90264f33305004495a9","hash":"bdbc1e1665478441354478dbaea6dd0084078e60"}
,"C:\\Users\\Δημήτρης Κοκκινάκος\\Documents\\Emergenshit-backend\\routes\\search.js": {"path":"C:\\Users\\Δημήτρης Κοκκινάκος\\Documents\\Emergenshit-backend\\routes\\search.js","statementMap":{"0":{"start":{"line":2,"column":16},"end":{"line":2,"column":34}},"1":{"start":{"line":3,"column":15},"end":{"line":3,"column":31}},"2":{"start":{"line":4,"column":25},"end":{"line":4,"column":67}},"3":{"start":{"line":6,"column":0},"end":{"line":6,"column":47}},"4":{"start":{"line":8,"column":0},"end":{"line":8,"column":24}}},"fnMap":{},"branchMap":{},"s":{"0":5,"1":5,"2":5,"3":5,"4":5},"f":{},"b":{},"_coverageSchema":"1a1c01bbd47fc00a2c39e90264f33305004495a9","hash":"f687599f0ef8d4629f82e584b1f79dda15703cac"}
,"C:\\Users\\Δημήτρης Κοκκινάκος\\Documents\\Emergenshit-backend\\routes\\toilets.js": {"path":"C:\\Users\\Δημήτρης Κοκκινάκος\\Documents\\Emergenshit-backend\\routes\\toilets.js","statementMap":{"0":{"start":{"line":2,"column":16},"end":{"line":2,"column":34}},"1":{"start":{"line":3,"column":15},"end":{"line":3,"column":31}},"2":{"start":{"line":4,"column":26},"end":{"line":4,"column":69}},"3":{"start":{"line":5,"column":17},"end":{"line":5,"column":46}},"4":{"start":{"line":7,"column":0},"end":{"line":7,"column":40}},"5":{"start":{"line":8,"column":0},"end":{"line":8,"column":46}},"6":{"start":{"line":9,"column":0},"end":{"line":9,"column":49}},"7":{"start":{"line":10,"column":0},"end":{"line":10,"column":51}},"8":{"start":{"line":11,"column":0},"end":{"line":11,"column":54}},"9":{"start":{"line":13,"column":0},"end":{"line":13,"column":24}}},"fnMap":{},"branchMap":{},"s":{"0":5,"1":5,"2":5,"3":5,"4":5,"5":5,"6":5,"7":5,"8":5,"9":5},"f":{},"b":{},"_coverageSchema":"1a1c01bbd47fc00a2c39e90264f33305004495a9","hash":"63dd2697ec7003ff5c09a0472d741053972e78fb"}
,"C:\\Users\\Δημήτρης Κοκκινάκος\\Documents\\Emergenshit-backend\\services\\toiletAggregates.service.js": {"path":"C:\\Users\\Δημήτρης Κοκκινάκος\\Documents\\Emergenshit-backend\\services\\toiletAggregates.service.js","statementMap":{"0":{"start":{"line":2,"column":15},"end":{"line":2,"column":42}},"1":{"start":{"line":3,"column":15},"end":{"line":3,"column":42}},"2":{"start":{"line":8,"column":33},"end":{"line":50,"column":1}},"3":{"start":{"line":9,"column":2},"end":{"line":49,"column":3}},"4":{"start":{"line":10,"column":18},"end":{"line":23,"column":6}},"5":{"start":{"line":25,"column":20},"end":{"line":43,"column":9}},"6":{"start":{"line":45,"column":4},"end":{"line":45,"column":50}},"7":{"start":{"line":48,"column":4},"end":{"line":48,"column":64}},"8":{"start":{"line":52,"column":0},"end":{"line":54,"column":2}}},"fnMap":{"0":{"name":"(anonymous_0)","decl":{"start":{"line":8,"column":33},"end":{"line":8,"column":34}},"loc":{"start":{"line":8,"column":53},"end":{"line":50,"column":1}},"line":8}},"branchMap":{"0":{"loc":{"start":{"line":25,"column":20},"end":{"line":43,"column":9}},"type":"cond-expr","locations":[{"start":{"line":26,"column":8},"end":{"line":34,"column":9}},{"start":{"line":35,"column":8},"end":{"line":43,"column":9}}],"line":25}},"s":{"0":4,"1":4,"2":4,"3":4,"4":4,"5":3,"6":3,"7":2,"8":4},"f":{"0":4},"b":{"0":[1,2]},"_coverageSchema":"1a1c01bbd47fc00a2c39e90264f33305004495a9","hash":"2440a625fed61389b5feda8e6fbc8331a8334138"}
}
