TN:
SF:app.js
FN:42,(anonymous_0)
FNF:1
FNH:0
FNDA:0,(anonymous_0)
DA:3,5
DA:4,5
DA:5,5
DA:6,5
DA:7,5
DA:10,5
DA:14,5
DA:15,5
DA:16,5
DA:17,5
DA:18,5
DA:22,5
DA:23,0
DA:28,5
DA:31,5
DA:32,5
DA:36,5
DA:38,5
DA:39,5
DA:40,5
DA:42,5
DA:43,0
DA:47,5
DA:48,5
DA:49,5
DA:50,5
DA:51,5
DA:54,5
DA:56,5
LF:29
LH:27
BRDA:22,0,0,0
BRDA:22,0,1,5
BRDA:31,1,0,5
BRDA:31,1,1,0
BRDA:31,2,0,5
BRDA:31,2,1,5
BRF:6
BRH:4
end_of_record
TN:
SF:config\db.js
FN:4,(anonymous_0)
FNF:1
FNH:0
FNDA:0,(anonymous_0)
DA:2,5
DA:4,5
DA:6,0
DA:7,0
DA:8,0
DA:11,0
DA:12,0
DA:13,0
DA:15,0
DA:16,0
DA:20,5
LF:11
LH:3
BRDA:6,0,0,0
BRDA:6,0,1,0
BRF:2
BRH:0
end_of_record
TN:
SF:controllers\authController.js
FN:9,(anonymous_0)
FN:18,ensureHash
FN:25,(anonymous_2)
FN:55,(anonymous_3)
FN:79,(anonymous_4)
FN:101,(anonymous_5)
FNF:6
FNH:6
FNDA:19,(anonymous_0)
FNDA:11,ensureHash
FNDA:12,(anonymous_2)
FNDA:2,(anonymous_3)
FNDA:17,(anonymous_4)
FNDA:4,(anonymous_5)
DA:2,5
DA:3,5
DA:4,5
DA:5,5
DA:9,5
DA:10,19
DA:19,11
DA:20,11
DA:22,0
DA:25,5
DA:26,12
DA:27,12
DA:28,12
DA:29,1
DA:32,11
DA:34,11
DA:35,9
DA:36,9
DA:38,8
DA:46,7
DA:48,7
DA:52,2
DA:53,2
DA:55,2
DA:56,2
DA:58,1
DA:69,1
DA:70,1
DA:72,1
DA:75,1
DA:79,5
DA:80,17
DA:81,17
DA:82,17
DA:83,1
DA:85,16
DA:86,12
DA:87,11
DA:89,11
DA:90,11
DA:92,10
DA:94,10
DA:98,4
DA:99,4
DA:101,4
DA:102,3
DA:104,2
DA:105,2
DA:107,1
DA:109,1
DA:112,1
LF:51
LH:50
BRDA:12,0,0,19
BRDA:12,0,1,0
BRDA:13,1,0,19
BRDA:13,1,1,0
BRDA:19,2,0,11
BRDA:19,2,1,0
BRDA:28,3,0,1
BRDA:28,3,1,11
BRDA:28,4,0,12
BRDA:28,4,1,11
BRDA:28,4,2,11
BRDA:34,5,0,9
BRDA:34,5,1,2
BRDA:36,6,0,1
BRDA:36,6,1,8
BRDA:53,7,0,0
BRDA:53,7,1,2
BRDA:53,8,0,2
BRDA:53,8,1,2
BRDA:56,9,0,1
BRDA:56,9,1,1
BRDA:82,10,0,1
BRDA:82,10,1,16
BRDA:82,11,0,17
BRDA:82,11,1,17
BRDA:85,12,0,12
BRDA:85,12,1,4
BRDA:87,13,0,0
BRDA:87,13,1,11
BRDA:90,14,0,1
BRDA:90,14,1,10
BRDA:99,15,0,1
BRDA:99,15,1,3
BRDA:99,16,0,4
BRDA:99,16,1,4
BRDA:102,17,0,1
BRDA:102,17,1,2
BRDA:105,18,0,1
BRDA:105,18,1,1
BRF:39
BRH:34
end_of_record
TN:
SF:controllers\reviewsController.js
FN:21,(anonymous_0)
FN:26,(anonymous_1)
FN:28,(anonymous_2)
FN:39,(anonymous_3)
FN:58,(anonymous_4)
FN:81,(anonymous_5)
FN:108,(anonymous_6)
FN:121,(anonymous_7)
FN:126,(anonymous_8)
FN:149,(anonymous_9)
FN:159,(anonymous_10)
FN:181,(anonymous_11)
FN:193,(anonymous_12)
FN:207,(anonymous_13)
FN:225,(anonymous_14)
FN:231,(anonymous_15)
FN:247,(anonymous_16)
FN:260,(anonymous_17)
FN:278,(anonymous_18)
FN:284,(anonymous_19)
FNF:20
FNH:17
FNDA:7,(anonymous_0)
FNDA:7,(anonymous_1)
FNDA:16,(anonymous_2)
FNDA:9,(anonymous_3)
FNDA:22,(anonymous_4)
FNDA:6,(anonymous_5)
FNDA:2,(anonymous_6)
FNDA:0,(anonymous_7)
FNDA:6,(anonymous_8)
FNDA:7,(anonymous_9)
FNDA:6,(anonymous_10)
FNDA:9,(anonymous_11)
FNDA:10,(anonymous_12)
FNDA:0,(anonymous_13)
FNDA:12,(anonymous_14)
FNDA:1,(anonymous_15)
FNDA:5,(anonymous_16)
FNDA:0,(anonymous_17)
FNDA:4,(anonymous_18)
FNDA:1,(anonymous_19)
DA:2,5
DA:3,5
DA:4,5
DA:13,5
DA:21,5
DA:23,7
DA:24,7
DA:26,7
DA:27,7
DA:28,16
DA:29,7
DA:30,1
DA:31,1
DA:32,1
DA:33,1
DA:34,1
DA:35,1
DA:36,1
DA:38,6
DA:39,6
DA:40,9
DA:41,9
DA:42,9
DA:43,9
DA:44,9
DA:46,6
DA:47,6
DA:48,6
DA:49,6
DA:50,6
DA:51,6
DA:52,6
DA:58,5
DA:59,22
DA:60,22
DA:61,22
DA:64,21
DA:65,17
DA:66,17
DA:69,16
DA:72,15
DA:74,15
DA:78,4
DA:79,4
DA:81,6
DA:82,4
DA:84,4
DA:102,4
DA:103,4
DA:104,4
DA:105,1
DA:108,5
DA:109,2
DA:110,2
DA:111,2
DA:113,2
DA:114,1
DA:118,0
DA:119,0
DA:121,0
DA:122,0
DA:123,1
DA:126,5
DA:127,6
DA:128,6
DA:129,6
DA:130,6
DA:131,3
DA:132,3
DA:133,3
DA:136,2
DA:137,2
DA:140,1
DA:142,1
DA:146,3
DA:147,3
DA:149,7
DA:150,3
DA:151,2
DA:152,2
DA:153,1
DA:154,1
DA:155,1
DA:156,1
DA:159,5
DA:160,6
DA:161,6
DA:162,6
DA:163,2
DA:164,2
DA:165,1
DA:168,1
DA:169,1
DA:172,1
DA:174,1
DA:178,4
DA:179,4
DA:181,9
DA:182,4
DA:183,3
DA:184,3
DA:185,2
DA:186,2
DA:187,2
DA:188,0
DA:193,5
DA:194,10
DA:195,10
DA:196,10
DA:198,10
DA:199,7
DA:200,7
DA:203,6
DA:204,6
DA:207,6
DA:210,6
DA:211,6
DA:214,6
DA:215,6
DA:217,6
DA:218,5
DA:222,3
DA:223,3
DA:225,12
DA:226,3
DA:228,2
DA:229,2
DA:231,2
DA:233,2
DA:234,2
DA:237,2
DA:238,2
DA:239,2
DA:241,2
DA:243,1
DA:247,5
DA:248,5
DA:249,5
DA:250,5
DA:252,5
DA:253,4
DA:254,4
DA:256,3
DA:257,3
DA:260,3
DA:263,3
DA:264,3
DA:267,3
DA:268,3
DA:270,3
DA:271,2
DA:275,1
DA:276,1
DA:278,4
DA:279,1
DA:281,1
DA:282,1
DA:284,1
DA:286,1
DA:287,1
DA:290,1
DA:291,1
DA:292,1
DA:294,1
DA:296,1
LF:165
LH:160
BRDA:24,0,0,0
BRDA:24,0,1,7
BRDA:24,1,0,7
BRDA:24,1,1,7
BRDA:24,1,2,7
BRDA:27,2,0,0
BRDA:27,2,1,7
BRDA:28,3,0,16
BRDA:28,3,1,16
BRDA:29,4,0,1
BRDA:29,4,1,6
BRDA:40,5,0,9
BRDA:40,5,1,0
BRDA:41,6,0,9
BRDA:41,6,1,0
BRDA:42,7,0,9
BRDA:42,7,1,0
BRDA:43,8,0,9
BRDA:43,8,1,0
BRDA:44,9,0,9
BRDA:44,9,1,0
BRDA:61,10,0,1
BRDA:61,10,1,21
BRDA:61,11,0,22
BRDA:61,11,1,22
BRDA:64,12,0,17
BRDA:64,12,1,4
BRDA:66,13,0,1
BRDA:66,13,1,16
BRDA:79,14,0,0
BRDA:79,14,1,4
BRDA:79,15,0,4
BRDA:79,15,1,4
BRDA:81,16,0,6
BRDA:81,16,1,6
BRDA:81,16,2,2
BRDA:82,17,0,0
BRDA:82,17,1,4
BRDA:93,18,0,4
BRDA:93,18,1,4
BRDA:94,19,0,4
BRDA:94,19,1,4
BRDA:111,20,0,2
BRDA:111,20,1,0
BRDA:119,21,0,0
BRDA:119,21,1,0
BRDA:119,22,0,0
BRDA:119,22,1,0
BRDA:121,23,0,0
BRDA:121,23,1,0
BRDA:130,24,0,3
BRDA:130,24,1,3
BRDA:132,25,0,0
BRDA:132,25,1,3
BRDA:133,26,0,1
BRDA:133,26,1,2
BRDA:133,27,0,3
BRDA:133,27,1,1
BRDA:147,28,0,0
BRDA:147,28,1,3
BRDA:147,29,0,3
BRDA:147,29,1,3
BRDA:150,30,0,1
BRDA:150,30,1,2
BRDA:152,31,0,1
BRDA:152,31,1,1
BRDA:152,32,0,2
BRDA:152,32,1,1
BRDA:162,33,0,2
BRDA:162,33,1,4
BRDA:164,34,0,1
BRDA:164,34,1,1
BRDA:165,35,0,0
BRDA:165,35,1,1
BRDA:165,36,0,1
BRDA:165,36,1,0
BRDA:179,37,0,0
BRDA:179,37,1,4
BRDA:179,38,0,4
BRDA:179,38,1,4
BRDA:182,39,0,1
BRDA:182,39,1,3
BRDA:184,40,0,1
BRDA:184,40,1,2
BRDA:184,41,0,3
BRDA:184,41,1,1
BRDA:198,42,0,7
BRDA:198,42,1,3
BRDA:200,43,0,1
BRDA:200,43,1,6
BRDA:203,44,0,6
BRDA:203,44,1,5
BRDA:204,45,0,6
BRDA:204,45,1,5
BRDA:210,46,0,6
BRDA:210,46,1,0
BRDA:223,47,0,0
BRDA:223,47,1,3
BRDA:223,48,0,3
BRDA:223,48,1,3
BRDA:225,49,0,12
BRDA:225,49,1,2
BRDA:226,50,0,1
BRDA:226,50,1,2
BRDA:228,51,0,2
BRDA:228,51,1,1
BRDA:229,52,0,2
BRDA:229,52,1,1
BRDA:233,53,0,2
BRDA:233,53,1,0
BRDA:252,54,0,4
BRDA:252,54,1,1
BRDA:254,55,0,1
BRDA:254,55,1,3
BRDA:256,56,0,3
BRDA:256,56,1,2
BRDA:257,57,0,3
BRDA:257,57,1,2
BRDA:263,58,0,3
BRDA:263,58,1,0
BRDA:276,59,0,0
BRDA:276,59,1,1
BRDA:276,60,0,1
BRDA:276,60,1,1
BRDA:278,61,0,4
BRDA:278,61,1,1
BRDA:279,62,0,0
BRDA:279,62,1,1
BRDA:281,63,0,1
BRDA:281,63,1,0
BRDA:282,64,0,1
BRDA:282,64,1,0
BRDA:286,65,0,1
BRDA:286,65,1,0
BRF:134
BRH:104
end_of_record
TN:
SF:controllers\searchController.js
FN:2,(anonymous_0)
FN:3,toRad
FN:12,(anonymous_2)
FN:35,(anonymous_3)
FN:36,(anonymous_4)
FN:37,(anonymous_5)
FN:38,(anonymous_6)
FN:39,(anonymous_7)
FNF:8
FNH:8
FNDA:12,(anonymous_0)
FNDA:48,toRad
FNDA:10,(anonymous_2)
FNDA:18,(anonymous_3)
FNDA:13,(anonymous_4)
FNDA:10,(anonymous_5)
FNDA:3,(anonymous_6)
FNDA:6,(anonymous_7)
DA:2,5
DA:3,48
DA:4,12
DA:5,12
DA:6,12
DA:7,12
DA:8,12
DA:9,12
DA:12,5
DA:13,10
DA:14,10
DA:15,10
DA:18,8
DA:20,2
DA:21,2
DA:25,6
DA:27,6
DA:29,1
DA:31,1
DA:34,5
DA:35,18
DA:36,13
DA:37,10
DA:38,3
DA:39,6
DA:41,4
DA:42,1
LF:27
LH:27
BRDA:14,0,0,4
BRDA:15,1,0,2
BRDA:15,1,1,8
BRDA:15,2,0,10
BRDA:15,2,1,10
BRDA:18,3,0,2
BRDA:18,3,1,6
BRDA:27,4,0,1
BRDA:27,4,1,5
BRDA:27,5,0,6
BRDA:27,5,1,6
BRF:11
BRH:11
end_of_record
TN:
SF:controllers\toiletsController.js
FN:24,(anonymous_0)
FN:29,(anonymous_1)
FN:34,(anonymous_2)
FN:52,(anonymous_3)
FN:91,(anonymous_4)
FN:92,(anonymous_5)
FN:95,(anonymous_6)
FN:95,(anonymous_7)
FN:98,(anonymous_8)
FN:99,(anonymous_9)
FN:104,(anonymous_10)
FN:118,(anonymous_11)
FN:120,(anonymous_12)
FN:125,(anonymous_13)
FN:134,(anonymous_14)
FN:136,toRad
FN:155,(anonymous_16)
FN:187,(anonymous_17)
FN:203,(anonymous_18)
FN:207,(anonymous_19)
FN:220,(anonymous_20)
FN:232,(anonymous_21)
FN:264,(anonymous_22)
FNF:23
FNH:20
FNDA:0,(anonymous_0)
FNDA:0,(anonymous_1)
FNDA:0,(anonymous_2)
FNDA:12,(anonymous_3)
FNDA:15,(anonymous_4)
FNDA:2,(anonymous_5)
FNDA:4,(anonymous_6)
FNDA:8,(anonymous_7)
FNDA:1,(anonymous_8)
FNDA:1,(anonymous_9)
FNDA:3,(anonymous_10)
FNDA:2,(anonymous_11)
FNDA:2,(anonymous_12)
FNDA:45,(anonymous_13)
FNDA:4,(anonymous_14)
FNDA:16,toRad
FNDA:4,(anonymous_16)
FNDA:7,(anonymous_17)
FNDA:5,(anonymous_18)
FNDA:3,(anonymous_19)
FNDA:3,(anonymous_20)
FNDA:8,(anonymous_21)
FNDA:2,(anonymous_22)
DA:2,5
DA:3,5
DA:4,5
DA:14,5
DA:24,5
DA:26,0
DA:27,0
DA:29,0
DA:31,0
DA:33,0
DA:34,0
DA:35,0
DA:36,0
DA:37,0
DA:38,0
DA:39,0
DA:41,0
DA:42,0
DA:43,0
DA:44,0
DA:45,0
DA:46,0
DA:52,5
DA:53,12
DA:55,12
DA:57,12
DA:59,7
DA:60,7
DA:63,7
DA:64,1
DA:66,1
DA:67,1
DA:75,7
DA:77,6
DA:78,1
DA:79,5
DA:80,1
DA:83,6
DA:84,6
DA:88,5
DA:89,5
DA:91,15
DA:92,5
DA:93,5
DA:94,2
DA:95,8
DA:98,5
DA:99,5
DA:100,5
DA:101,1
DA:104,5
DA:105,3
DA:106,3
DA:107,3
DA:108,2
DA:109,2
DA:110,1
DA:111,1
DA:115,1
DA:116,1
DA:118,2
DA:119,1
DA:120,2
DA:121,1
DA:122,0
DA:125,5
DA:126,45
DA:127,45
DA:128,45
DA:129,1
DA:133,44
DA:134,44
DA:136,16
DA:137,4
DA:138,4
DA:139,4
DA:140,4
DA:141,4
DA:142,4
DA:145,44
DA:147,42
DA:148,42
DA:152,2
DA:153,2
DA:155,2
DA:156,4
DA:157,4
DA:159,2
DA:160,1
DA:163,1
DA:182,1
DA:183,1
DA:184,0
DA:187,5
DA:188,7
DA:189,7
DA:190,7
DA:191,7
DA:193,5
DA:194,5
DA:197,4
DA:198,1
DA:203,3
DA:204,5
DA:207,3
DA:208,3
DA:209,3
DA:212,3
DA:213,2
DA:217,2
DA:218,2
DA:220,3
DA:221,2
DA:222,2
DA:224,2
DA:225,1
DA:227,1
DA:228,1
DA:229,1
DA:232,5
DA:233,8
DA:234,8
DA:235,8
DA:237,6
DA:238,6
DA:241,5
DA:242,1
DA:246,4
DA:249,3
DA:251,3
DA:252,3
DA:254,1
DA:257,3
DA:261,2
DA:262,2
DA:264,2
DA:265,2
DA:267,2
DA:268,1
DA:270,1
DA:271,1
DA:272,1
LF:142
LH:123
BRDA:27,0,0,0
BRDA:27,0,1,0
BRDA:27,1,0,0
BRDA:27,1,1,0
BRDA:29,2,0,0
BRDA:29,2,1,0
BRDA:31,3,0,0
BRDA:31,3,1,0
BRDA:35,4,0,0
BRDA:35,4,1,0
BRDA:36,5,0,0
BRDA:36,5,1,0
BRDA:37,6,0,0
BRDA:37,6,1,0
BRDA:38,7,0,0
BRDA:38,7,1,0
BRDA:39,8,0,0
BRDA:39,8,1,0
BRDA:57,9,0,7
BRDA:57,9,1,5
BRDA:60,10,0,2
BRDA:60,10,1,5
BRDA:63,11,0,1
BRDA:63,11,1,6
BRDA:63,12,0,7
BRDA:63,12,1,1
BRDA:63,12,2,1
BRDA:77,13,0,1
BRDA:77,13,1,5
BRDA:79,14,0,1
BRDA:79,14,1,4
BRDA:89,15,0,0
BRDA:89,15,1,5
BRDA:89,16,0,5
BRDA:89,16,1,5
BRDA:92,17,0,1
BRDA:92,17,1,4
BRDA:92,18,0,2
BRDA:92,18,1,0
BRDA:93,19,0,2
BRDA:93,19,1,3
BRDA:94,20,0,1
BRDA:94,20,1,1
BRDA:95,21,0,8
BRDA:95,21,1,8
BRDA:98,22,0,1
BRDA:98,22,1,4
BRDA:98,23,0,1
BRDA:98,23,1,0
BRDA:98,24,0,1
BRDA:98,24,1,0
BRDA:99,25,0,1
BRDA:99,25,1,4
BRDA:99,26,0,1
BRDA:99,26,1,0
BRDA:99,27,0,1
BRDA:99,27,1,0
BRDA:107,28,0,2
BRDA:107,28,1,1
BRDA:109,29,0,1
BRDA:109,29,1,1
BRDA:116,30,0,0
BRDA:116,30,1,1
BRDA:116,31,0,1
BRDA:116,31,1,1
BRDA:116,31,2,1
BRDA:119,32,0,0
BRDA:119,32,1,1
BRDA:120,33,0,2
BRDA:120,33,1,1
BRDA:128,34,0,1
BRDA:128,34,1,44
BRDA:128,35,0,45
BRDA:128,35,1,45
BRDA:128,35,2,45
BRDA:128,35,3,44
BRDA:128,35,4,44
BRDA:145,36,0,42
BRDA:145,36,1,2
BRDA:153,37,0,0
BRDA:153,37,1,2
BRDA:153,38,0,2
BRDA:153,38,1,2
BRDA:159,39,0,1
BRDA:159,39,1,1
BRDA:167,40,0,1
BRDA:167,40,1,0
BRDA:168,41,0,1
BRDA:168,41,1,1
BRDA:175,42,0,1
BRDA:175,42,1,0
BRDA:191,43,0,5
BRDA:191,43,1,2
BRDA:194,44,0,1
BRDA:194,44,1,4
BRDA:197,45,0,1
BRDA:197,45,1,3
BRDA:197,46,0,4
BRDA:197,46,1,2
BRDA:218,47,0,0
BRDA:218,47,1,2
BRDA:218,48,0,2
BRDA:218,48,1,2
BRDA:221,49,0,0
BRDA:221,49,1,2
BRDA:224,50,0,1
BRDA:224,50,1,1
BRDA:224,51,0,2
BRDA:224,51,1,2
BRDA:235,52,0,6
BRDA:235,52,1,2
BRDA:238,53,0,1
BRDA:238,53,1,5
BRDA:241,54,0,1
BRDA:241,54,1,4
BRDA:241,55,0,5
BRDA:241,55,1,2
BRDA:262,56,0,0
BRDA:262,56,1,2
BRDA:262,57,0,2
BRDA:262,57,1,2
BRDA:265,58,0,0
BRDA:265,58,1,2
BRDA:267,59,0,1
BRDA:267,59,1,1
BRDA:267,60,0,2
BRDA:267,60,1,1
BRF:127
BRH:94
end_of_record
TN:
SF:data\mockData.js
FN:3,(anonymous_0)
FNF:1
FNH:1
FNDA:60,(anonymous_0)
DA:2,5
DA:3,60
DA:5,5
DA:34,5
DA:75,5
DA:114,5
LF:6
LH:6
BRF:0
BRH:0
end_of_record
TN:
SF:middleware\auth.js
FN:4,(anonymous_0)
FN:17,(anonymous_1)
FN:17,(anonymous_2)
FNF:3
FNH:3
FNDA:123,(anonymous_0)
FNDA:4,(anonymous_1)
FNDA:4,(anonymous_2)
DA:2,6
DA:4,6
DA:5,123
DA:6,123
DA:7,119
DA:8,119
DA:9,119
DA:10,116
DA:11,116
DA:13,3
DA:17,6
DA:18,4
DA:19,3
DA:20,2
DA:23,6
LF:15
LH:15
BRDA:6,0,0,4
BRDA:6,0,1,119
BRDA:9,1,0,119
BRDA:9,1,1,0
BRDA:18,2,0,1
BRDA:18,2,1,3
BRDA:19,3,0,1
BRDA:19,3,1,2
BRDA:19,4,0,3
BRDA:19,4,1,2
BRF:10
BRH:9
end_of_record
TN:
SF:middleware\errorHandler.js
FN:2,(anonymous_0)
FNF:1
FNH:1
FNDA:14,(anonymous_0)
DA:2,6
DA:3,14
DA:4,14
LF:3
LH:3
BRDA:4,0,0,14
BRDA:4,0,1,13
BRDA:4,1,0,14
BRDA:4,1,1,1
BRF:4
BRH:4
end_of_record
TN:
SF:models\Review.js
FNF:0
FNH:0
DA:2,6
DA:4,6
DA:10,6
DA:17,6
DA:36,6
LF:5
LH:5
BRDA:36,0,0,6
BRDA:36,0,1,6
BRF:2
BRH:2
end_of_record
TN:
SF:models\Toilet.js
FNF:0
FNH:0
DA:2,6
DA:4,6
DA:9,6
DA:15,6
DA:35,6
LF:5
LH:5
BRDA:35,0,0,6
BRDA:35,0,1,6
BRF:2
BRH:2
end_of_record
TN:
SF:models\User.js
FNF:0
FNH:0
DA:2,5
DA:4,5
DA:18,5
LF:3
LH:3
BRDA:18,0,0,5
BRDA:18,0,1,5
BRF:2
BRH:2
end_of_record
TN:
SF:routes\admin.js
FN:7,adminOnly
FN:15,(anonymous_1)
FN:21,(anonymous_2)
FN:27,(anonymous_3)
FNF:4
FNH:4
FNDA:6,adminOnly
FNDA:1,(anonymous_1)
FNDA:1,(anonymous_2)
FNDA:1,(anonymous_3)
DA:1,5
DA:2,5
DA:3,5
DA:4,5
DA:8,6
DA:9,3
DA:11,3
DA:15,5
DA:16,1
DA:17,1
DA:21,5
DA:22,1
DA:23,1
DA:27,5
DA:28,1
DA:29,1
DA:32,5
LF:17
LH:17
BRDA:8,0,0,3
BRDA:8,0,1,3
BRDA:8,1,0,6
BRDA:8,1,1,6
BRF:4
BRH:4
end_of_record
TN:
SF:routes\auth.js
FNF:0
FNH:0
DA:2,5
DA:3,5
DA:4,5
DA:6,5
DA:7,5
DA:9,5
LF:6
LH:6
BRF:0
BRH:0
end_of_record
TN:
SF:routes\reviews.js
FNF:0
FNH:0
DA:2,5
DA:3,5
DA:4,5
DA:5,5
DA:7,5
DA:8,5
DA:9,5
DA:10,5
DA:11,5
DA:12,5
DA:15,5
LF:11
LH:11
BRF:0
BRH:0
end_of_record
TN:
SF:routes\search.js
FNF:0
FNH:0
DA:2,5
DA:3,5
DA:4,5
DA:6,5
DA:8,5
LF:5
LH:5
BRF:0
BRH:0
end_of_record
TN:
SF:routes\toilets.js
FNF:0
FNH:0
DA:2,5
DA:3,5
DA:4,5
DA:5,5
DA:7,5
DA:8,5
DA:9,5
DA:10,5
DA:11,5
DA:13,5
LF:10
LH:10
BRF:0
BRH:0
end_of_record
TN:
SF:services\toiletAggregates.service.js
FN:8,(anonymous_0)
FNF:1
FNH:1
FNDA:4,(anonymous_0)
DA:2,4
DA:3,4
DA:8,4
DA:9,4
DA:10,4
DA:25,3
DA:45,3
DA:48,2
DA:52,4
LF:9
LH:9
BRDA:25,0,0,1
BRDA:25,0,1,2
BRF:2
BRH:2
end_of_record
