TN:
SF:app.js
FN:42,(anonymous_0)
FNF:1
FNH:0
FNDA:0,(anonymous_0)
DA:3,5
DA:4,5
DA:5,5
DA:6,5
DA:7,5
DA:10,5
DA:14,5
DA:15,5
DA:16,5
DA:17,5
DA:18,5
DA:22,5
DA:23,0
DA:28,5
DA:31,5
DA:32,5
DA:36,5
DA:38,5
DA:39,5
DA:40,5
DA:42,5
DA:43,0
DA:47,5
DA:48,5
DA:49,5
DA:50,5
DA:51,5
DA:54,5
DA:56,5
LF:29
LH:27
BRDA:22,0,0,0
BRDA:22,0,1,5
BRDA:31,1,0,5
BRDA:31,1,1,0
BRDA:31,2,0,5
BRDA:31,2,1,5
BRF:6
BRH:4
end_of_record
TN:
SF:config\db.js
FN:4,(anonymous_0)
FNF:1
FNH:0
FNDA:0,(anonymous_0)
DA:2,5
DA:4,5
DA:6,0
DA:7,0
DA:8,0
DA:11,0
DA:12,0
DA:13,0
DA:15,0
DA:16,0
DA:20,5
LF:11
LH:3
BRDA:6,0,0,0
BRDA:6,0,1,0
BRF:2
BRH:0
end_of_record
TN:
SF:controllers\authController.js
FN:9,(anonymous_0)
FN:18,ensureHash
FN:25,(anonymous_2)
FN:55,(anonymous_3)
FN:79,(anonymous_4)
FN:101,(anonymous_5)
FNF:6
FNH:6
FNDA:19,(anonymous_0)
FNDA:11,ensureHash
FNDA:12,(anonymous_2)
FNDA:2,(anonymous_3)
FNDA:17,(anonymous_4)
FNDA:4,(anonymous_5)
DA:2,5
DA:3,5
DA:4,5
DA:5,5
DA:9,5
DA:10,19
DA:19,11
DA:20,11
DA:22,0
DA:25,5
DA:26,12
DA:27,12
DA:28,12
DA:29,1
DA:32,11
DA:34,11
DA:35,9
DA:36,9
DA:38,8
DA:46,7
DA:48,7
DA:52,2
DA:53,2
DA:55,2
DA:56,2
DA:58,1
DA:69,1
DA:70,1
DA:72,1
DA:75,1
DA:79,5
DA:80,17
DA:81,17
DA:82,17
DA:83,1
DA:85,16
DA:86,12
DA:87,11
DA:89,11
DA:90,11
DA:92,10
DA:94,10
DA:98,4
DA:99,4
DA:101,4
DA:102,3
DA:104,2
DA:105,2
DA:107,1
DA:109,1
DA:112,1
LF:51
LH:50
BRDA:12,0,0,19
BRDA:12,0,1,0
BRDA:13,1,0,19
BRDA:13,1,1,0
BRDA:19,2,0,11
BRDA:19,2,1,0
BRDA:28,3,0,1
BRDA:28,3,1,11
BRDA:28,4,0,12
BRDA:28,4,1,11
BRDA:28,4,2,11
BRDA:34,5,0,9
BRDA:34,5,1,2
BRDA:36,6,0,1
BRDA:36,6,1,8
BRDA:53,7,0,0
BRDA:53,7,1,2
BRDA:53,8,0,2
BRDA:53,8,1,2
BRDA:56,9,0,1
BRDA:56,9,1,1
BRDA:82,10,0,1
BRDA:82,10,1,16
BRDA:82,11,0,17
BRDA:82,11,1,17
BRDA:85,12,0,12
BRDA:85,12,1,4
BRDA:87,13,0,0
BRDA:87,13,1,11
BRDA:90,14,0,1
BRDA:90,14,1,10
BRDA:99,15,0,1
BRDA:99,15,1,3
BRDA:99,16,0,4
BRDA:99,16,1,4
BRDA:102,17,0,1
BRDA:102,17,1,2
BRDA:105,18,0,1
BRDA:105,18,1,1
BRF:39
BRH:34
end_of_record
TN:
SF:controllers\reviewsController.js
FN:13,(anonymous_0)
FN:64,(anonymous_1)
FN:69,(anonymous_2)
FN:71,(anonymous_3)
FN:82,(anonymous_4)
FN:101,(anonymous_5)
FN:124,(anonymous_6)
FN:151,(anonymous_7)
FN:164,(anonymous_8)
FN:169,(anonymous_9)
FN:192,(anonymous_10)
FN:202,(anonymous_11)
FN:224,(anonymous_12)
FN:236,(anonymous_13)
FN:250,(anonymous_14)
FN:268,(anonymous_15)
FN:274,(anonymous_16)
FN:290,(anonymous_17)
FN:303,(anonymous_18)
FN:321,(anonymous_19)
FN:327,(anonymous_20)
FNF:21
FNH:18
FNDA:17,(anonymous_0)
FNDA:7,(anonymous_1)
FNDA:7,(anonymous_2)
FNDA:16,(anonymous_3)
FNDA:9,(anonymous_4)
FNDA:22,(anonymous_5)
FNDA:6,(anonymous_6)
FNDA:2,(anonymous_7)
FNDA:0,(anonymous_8)
FNDA:6,(anonymous_9)
FNDA:7,(anonymous_10)
FNDA:6,(anonymous_11)
FNDA:9,(anonymous_12)
FNDA:10,(anonymous_13)
FNDA:0,(anonymous_14)
FNDA:12,(anonymous_15)
FNDA:1,(anonymous_16)
FNDA:5,(anonymous_17)
FNDA:0,(anonymous_18)
FNDA:4,(anonymous_19)
FNDA:1,(anonymous_20)
DA:2,5
DA:3,5
DA:4,5
DA:13,5
DA:14,17
DA:15,17
DA:28,17
DA:29,16
DA:31,16
DA:45,1
DA:54,0
DA:64,5
DA:66,7
DA:67,7
DA:69,7
DA:70,7
DA:71,16
DA:72,7
DA:73,1
DA:74,1
DA:75,1
DA:76,1
DA:77,1
DA:78,1
DA:79,1
DA:81,6
DA:82,6
DA:83,9
DA:84,9
DA:85,9
DA:86,9
DA:87,9
DA:89,6
DA:90,6
DA:91,6
DA:92,6
DA:93,6
DA:94,6
DA:95,6
DA:101,5
DA:102,22
DA:103,22
DA:104,22
DA:107,21
DA:108,17
DA:109,17
DA:112,16
DA:115,15
DA:117,15
DA:121,4
DA:122,4
DA:124,6
DA:125,4
DA:127,4
DA:145,4
DA:146,4
DA:147,4
DA:148,1
DA:151,5
DA:152,2
DA:153,2
DA:154,2
DA:156,2
DA:157,1
DA:161,0
DA:162,0
DA:164,0
DA:165,0
DA:166,1
DA:169,5
DA:170,6
DA:171,6
DA:172,6
DA:173,6
DA:174,3
DA:175,3
DA:176,3
DA:179,2
DA:180,2
DA:183,1
DA:185,1
DA:189,3
DA:190,3
DA:192,7
DA:193,3
DA:194,2
DA:195,2
DA:196,1
DA:197,1
DA:198,1
DA:199,1
DA:202,5
DA:203,6
DA:204,6
DA:205,6
DA:206,2
DA:207,2
DA:208,1
DA:211,1
DA:212,1
DA:215,1
DA:217,1
DA:221,4
DA:222,4
DA:224,9
DA:225,4
DA:226,3
DA:227,3
DA:228,2
DA:229,2
DA:230,2
DA:231,0
DA:236,5
DA:237,10
DA:238,10
DA:239,10
DA:241,10
DA:242,7
DA:243,7
DA:246,6
DA:247,6
DA:250,6
DA:253,6
DA:254,6
DA:257,6
DA:258,6
DA:260,6
DA:261,5
DA:265,3
DA:266,3
DA:268,12
DA:269,3
DA:271,2
DA:272,2
DA:274,2
DA:276,2
DA:277,2
DA:280,2
DA:281,2
DA:282,2
DA:284,2
DA:286,1
DA:290,5
DA:291,5
DA:292,5
DA:293,5
DA:295,5
DA:296,4
DA:297,4
DA:299,3
DA:300,3
DA:303,3
DA:306,3
DA:307,3
DA:310,3
DA:311,3
DA:313,3
DA:314,2
DA:318,1
DA:319,1
DA:321,4
DA:322,1
DA:324,1
DA:325,1
DA:327,1
DA:329,1
DA:330,1
DA:333,1
DA:334,1
DA:335,1
DA:337,1
DA:339,1
LF:172
LH:166
BRDA:28,0,0,16
BRDA:28,0,1,1
BRDA:67,1,0,0
BRDA:67,1,1,7
BRDA:67,2,0,7
BRDA:67,2,1,7
BRDA:67,2,2,7
BRDA:70,3,0,0
BRDA:70,3,1,7
BRDA:71,4,0,16
BRDA:71,4,1,16
BRDA:72,5,0,1
BRDA:72,5,1,6
BRDA:83,6,0,9
BRDA:83,6,1,0
BRDA:84,7,0,9
BRDA:84,7,1,0
BRDA:85,8,0,9
BRDA:85,8,1,0
BRDA:86,9,0,9
BRDA:86,9,1,0
BRDA:87,10,0,9
BRDA:87,10,1,0
BRDA:104,11,0,1
BRDA:104,11,1,21
BRDA:104,12,0,22
BRDA:104,12,1,22
BRDA:107,13,0,17
BRDA:107,13,1,4
BRDA:109,14,0,1
BRDA:109,14,1,16
BRDA:122,15,0,0
BRDA:122,15,1,4
BRDA:122,16,0,4
BRDA:122,16,1,4
BRDA:124,17,0,6
BRDA:124,17,1,6
BRDA:124,17,2,2
BRDA:125,18,0,0
BRDA:125,18,1,4
BRDA:136,19,0,4
BRDA:136,19,1,4
BRDA:137,20,0,4
BRDA:137,20,1,4
BRDA:154,21,0,2
BRDA:154,21,1,0
BRDA:162,22,0,0
BRDA:162,22,1,0
BRDA:162,23,0,0
BRDA:162,23,1,0
BRDA:164,24,0,0
BRDA:164,24,1,0
BRDA:173,25,0,3
BRDA:173,25,1,3
BRDA:175,26,0,0
BRDA:175,26,1,3
BRDA:176,27,0,1
BRDA:176,27,1,2
BRDA:176,28,0,3
BRDA:176,28,1,1
BRDA:190,29,0,0
BRDA:190,29,1,3
BRDA:190,30,0,3
BRDA:190,30,1,3
BRDA:193,31,0,1
BRDA:193,31,1,2
BRDA:195,32,0,1
BRDA:195,32,1,1
BRDA:195,33,0,2
BRDA:195,33,1,1
BRDA:205,34,0,2
BRDA:205,34,1,4
BRDA:207,35,0,1
BRDA:207,35,1,1
BRDA:208,36,0,0
BRDA:208,36,1,1
BRDA:208,37,0,1
BRDA:208,37,1,0
BRDA:222,38,0,0
BRDA:222,38,1,4
BRDA:222,39,0,4
BRDA:222,39,1,4
BRDA:225,40,0,1
BRDA:225,40,1,3
BRDA:227,41,0,1
BRDA:227,41,1,2
BRDA:227,42,0,3
BRDA:227,42,1,1
BRDA:241,43,0,7
BRDA:241,43,1,3
BRDA:243,44,0,1
BRDA:243,44,1,6
BRDA:246,45,0,6
BRDA:246,45,1,5
BRDA:247,46,0,6
BRDA:247,46,1,5
BRDA:253,47,0,6
BRDA:253,47,1,0
BRDA:266,48,0,0
BRDA:266,48,1,3
BRDA:266,49,0,3
BRDA:266,49,1,3
BRDA:268,50,0,12
BRDA:268,50,1,2
BRDA:269,51,0,1
BRDA:269,51,1,2
BRDA:271,52,0,2
BRDA:271,52,1,1
BRDA:272,53,0,2
BRDA:272,53,1,1
BRDA:276,54,0,2
BRDA:276,54,1,0
BRDA:295,55,0,4
BRDA:295,55,1,1
BRDA:297,56,0,1
BRDA:297,56,1,3
BRDA:299,57,0,3
BRDA:299,57,1,2
BRDA:300,58,0,3
BRDA:300,58,1,2
BRDA:306,59,0,3
BRDA:306,59,1,0
BRDA:319,60,0,0
BRDA:319,60,1,1
BRDA:319,61,0,1
BRDA:319,61,1,1
BRDA:321,62,0,4
BRDA:321,62,1,1
BRDA:322,63,0,0
BRDA:322,63,1,1
BRDA:324,64,0,1
BRDA:324,64,1,0
BRDA:325,65,0,1
BRDA:325,65,1,0
BRDA:329,66,0,1
BRDA:329,66,1,0
BRF:136
BRH:106
end_of_record
TN:
SF:controllers\searchController.js
FN:2,(anonymous_0)
FN:3,toRad
FN:12,(anonymous_2)
FN:35,(anonymous_3)
FN:36,(anonymous_4)
FN:37,(anonymous_5)
FN:38,(anonymous_6)
FN:39,(anonymous_7)
FNF:8
FNH:8
FNDA:12,(anonymous_0)
FNDA:48,toRad
FNDA:10,(anonymous_2)
FNDA:18,(anonymous_3)
FNDA:13,(anonymous_4)
FNDA:10,(anonymous_5)
FNDA:3,(anonymous_6)
FNDA:6,(anonymous_7)
DA:2,5
DA:3,48
DA:4,12
DA:5,12
DA:6,12
DA:7,12
DA:8,12
DA:9,12
DA:12,5
DA:13,10
DA:14,10
DA:15,10
DA:18,8
DA:20,2
DA:21,2
DA:25,6
DA:27,6
DA:29,1
DA:31,1
DA:34,5
DA:35,18
DA:36,13
DA:37,10
DA:38,3
DA:39,6
DA:41,4
DA:42,1
LF:27
LH:27
BRDA:14,0,0,4
BRDA:15,1,0,2
BRDA:15,1,1,8
BRDA:15,2,0,10
BRDA:15,2,1,10
BRDA:18,3,0,2
BRDA:18,3,1,6
BRDA:27,4,0,1
BRDA:27,4,1,5
BRDA:27,5,0,6
BRDA:27,5,1,6
BRF:11
BRH:11
end_of_record
TN:
SF:controllers\toiletsController.js
FN:14,(anonymous_0)
FN:67,(anonymous_1)
FN:72,(anonymous_2)
FN:77,(anonymous_3)
FN:95,(anonymous_4)
FN:134,(anonymous_5)
FN:135,(anonymous_6)
FN:138,(anonymous_7)
FN:138,(anonymous_8)
FN:141,(anonymous_9)
FN:142,(anonymous_10)
FN:147,(anonymous_11)
FN:161,(anonymous_12)
FN:163,(anonymous_13)
FN:168,(anonymous_14)
FN:177,(anonymous_15)
FN:179,toRad
FN:198,(anonymous_17)
FN:230,(anonymous_18)
FN:246,(anonymous_19)
FN:250,(anonymous_20)
FN:263,(anonymous_21)
FN:275,(anonymous_22)
FN:303,(anonymous_23)
FNF:24
FNH:21
FNDA:3,(anonymous_0)
FNDA:0,(anonymous_1)
FNDA:0,(anonymous_2)
FNDA:0,(anonymous_3)
FNDA:12,(anonymous_4)
FNDA:15,(anonymous_5)
FNDA:2,(anonymous_6)
FNDA:4,(anonymous_7)
FNDA:8,(anonymous_8)
FNDA:1,(anonymous_9)
FNDA:1,(anonymous_10)
FNDA:3,(anonymous_11)
FNDA:2,(anonymous_12)
FNDA:2,(anonymous_13)
FNDA:45,(anonymous_14)
FNDA:4,(anonymous_15)
FNDA:16,toRad
FNDA:4,(anonymous_17)
FNDA:7,(anonymous_18)
FNDA:5,(anonymous_19)
FNDA:3,(anonymous_20)
FNDA:3,(anonymous_21)
FNDA:8,(anonymous_22)
FNDA:2,(anonymous_23)
DA:2,5
DA:3,5
DA:4,5
DA:14,5
DA:15,3
DA:16,3
DA:29,2
DA:30,0
DA:32,0
DA:46,2
DA:55,1
DA:67,5
DA:69,0
DA:70,0
DA:72,0
DA:74,0
DA:76,0
DA:77,0
DA:78,0
DA:79,0
DA:80,0
DA:81,0
DA:82,0
DA:84,0
DA:85,0
DA:86,0
DA:87,0
DA:88,0
DA:89,0
DA:95,5
DA:96,12
DA:98,12
DA:100,12
DA:102,7
DA:103,7
DA:106,7
DA:107,1
DA:109,1
DA:110,1
DA:118,7
DA:120,6
DA:121,1
DA:122,5
DA:123,1
DA:126,6
DA:127,6
DA:131,5
DA:132,5
DA:134,15
DA:135,5
DA:136,5
DA:137,2
DA:138,8
DA:141,5
DA:142,5
DA:143,5
DA:144,1
DA:147,5
DA:148,3
DA:149,3
DA:150,3
DA:151,2
DA:152,2
DA:153,1
DA:154,1
DA:158,1
DA:159,1
DA:161,2
DA:162,1
DA:163,2
DA:164,1
DA:165,0
DA:168,5
DA:169,45
DA:170,45
DA:171,45
DA:172,1
DA:176,44
DA:177,44
DA:179,16
DA:180,4
DA:181,4
DA:182,4
DA:183,4
DA:184,4
DA:185,4
DA:188,44
DA:190,42
DA:191,42
DA:195,2
DA:196,2
DA:198,2
DA:199,4
DA:200,4
DA:202,2
DA:203,1
DA:206,1
DA:225,1
DA:226,1
DA:227,0
DA:230,5
DA:231,7
DA:232,7
DA:233,7
DA:234,7
DA:236,5
DA:237,5
DA:240,4
DA:241,1
DA:246,3
DA:247,5
DA:250,3
DA:251,3
DA:252,3
DA:255,3
DA:256,2
DA:260,2
DA:261,2
DA:263,3
DA:264,2
DA:265,2
DA:267,2
DA:268,1
DA:270,1
DA:271,1
DA:272,1
DA:275,5
DA:276,8
DA:277,8
DA:278,8
DA:280,6
DA:281,6
DA:284,5
DA:285,1
DA:289,4
DA:292,3
DA:294,3
DA:296,3
DA:300,2
DA:301,2
DA:303,2
DA:304,2
DA:306,2
DA:307,1
DA:309,1
DA:310,1
DA:311,1
LF:147
LH:126
BRDA:29,0,0,0
BRDA:29,0,1,2
BRDA:70,1,0,0
BRDA:70,1,1,0
BRDA:70,2,0,0
BRDA:70,2,1,0
BRDA:72,3,0,0
BRDA:72,3,1,0
BRDA:74,4,0,0
BRDA:74,4,1,0
BRDA:78,5,0,0
BRDA:78,5,1,0
BRDA:79,6,0,0
BRDA:79,6,1,0
BRDA:80,7,0,0
BRDA:80,7,1,0
BRDA:81,8,0,0
BRDA:81,8,1,0
BRDA:82,9,0,0
BRDA:82,9,1,0
BRDA:100,10,0,7
BRDA:100,10,1,5
BRDA:103,11,0,2
BRDA:103,11,1,5
BRDA:106,12,0,1
BRDA:106,12,1,6
BRDA:106,13,0,7
BRDA:106,13,1,1
BRDA:106,13,2,1
BRDA:120,14,0,1
BRDA:120,14,1,5
BRDA:122,15,0,1
BRDA:122,15,1,4
BRDA:132,16,0,0
BRDA:132,16,1,5
BRDA:132,17,0,5
BRDA:132,17,1,5
BRDA:135,18,0,1
BRDA:135,18,1,4
BRDA:135,19,0,2
BRDA:135,19,1,0
BRDA:136,20,0,2
BRDA:136,20,1,3
BRDA:137,21,0,1
BRDA:137,21,1,1
BRDA:138,22,0,8
BRDA:138,22,1,8
BRDA:141,23,0,1
BRDA:141,23,1,4
BRDA:141,24,0,1
BRDA:141,24,1,0
BRDA:141,25,0,1
BRDA:141,25,1,0
BRDA:142,26,0,1
BRDA:142,26,1,4
BRDA:142,27,0,1
BRDA:142,27,1,0
BRDA:142,28,0,1
BRDA:142,28,1,0
BRDA:150,29,0,2
BRDA:150,29,1,1
BRDA:152,30,0,1
BRDA:152,30,1,1
BRDA:159,31,0,0
BRDA:159,31,1,1
BRDA:159,32,0,1
BRDA:159,32,1,1
BRDA:159,32,2,1
BRDA:162,33,0,0
BRDA:162,33,1,1
BRDA:163,34,0,2
BRDA:163,34,1,1
BRDA:171,35,0,1
BRDA:171,35,1,44
BRDA:171,36,0,45
BRDA:171,36,1,45
BRDA:171,36,2,45
BRDA:171,36,3,44
BRDA:171,36,4,44
BRDA:188,37,0,42
BRDA:188,37,1,2
BRDA:196,38,0,0
BRDA:196,38,1,2
BRDA:196,39,0,2
BRDA:196,39,1,2
BRDA:202,40,0,1
BRDA:202,40,1,1
BRDA:210,41,0,1
BRDA:210,41,1,0
BRDA:211,42,0,1
BRDA:211,42,1,1
BRDA:218,43,0,1
BRDA:218,43,1,0
BRDA:234,44,0,5
BRDA:234,44,1,2
BRDA:237,45,0,1
BRDA:237,45,1,4
BRDA:240,46,0,1
BRDA:240,46,1,3
BRDA:240,47,0,4
BRDA:240,47,1,2
BRDA:261,48,0,0
BRDA:261,48,1,2
BRDA:261,49,0,2
BRDA:261,49,1,2
BRDA:264,50,0,0
BRDA:264,50,1,2
BRDA:267,51,0,1
BRDA:267,51,1,1
BRDA:267,52,0,2
BRDA:267,52,1,2
BRDA:278,53,0,6
BRDA:278,53,1,2
BRDA:281,54,0,1
BRDA:281,54,1,5
BRDA:284,55,0,1
BRDA:284,55,1,4
BRDA:284,56,0,5
BRDA:284,56,1,2
BRDA:301,57,0,0
BRDA:301,57,1,2
BRDA:301,58,0,2
BRDA:301,58,1,2
BRDA:304,59,0,0
BRDA:304,59,1,2
BRDA:306,60,0,1
BRDA:306,60,1,1
BRDA:306,61,0,2
BRDA:306,61,1,1
BRF:129
BRH:95
end_of_record
TN:
SF:data\mockData.js
FN:3,(anonymous_0)
FNF:1
FNH:1
FNDA:60,(anonymous_0)
DA:2,5
DA:3,60
DA:5,5
DA:34,5
DA:75,5
DA:114,5
LF:6
LH:6
BRF:0
BRH:0
end_of_record
TN:
SF:middleware\auth.js
FN:4,(anonymous_0)
FN:17,(anonymous_1)
FN:17,(anonymous_2)
FNF:3
FNH:3
FNDA:123,(anonymous_0)
FNDA:4,(anonymous_1)
FNDA:4,(anonymous_2)
DA:2,6
DA:4,6
DA:5,123
DA:6,123
DA:7,119
DA:8,119
DA:9,119
DA:10,116
DA:11,116
DA:13,3
DA:17,6
DA:18,4
DA:19,3
DA:20,2
DA:23,6
LF:15
LH:15
BRDA:6,0,0,4
BRDA:6,0,1,119
BRDA:9,1,0,119
BRDA:9,1,1,4
BRDA:18,2,0,1
BRDA:18,2,1,3
BRDA:19,3,0,1
BRDA:19,3,1,2
BRDA:19,4,0,3
BRDA:19,4,1,2
BRF:10
BRH:10
end_of_record
TN:
SF:middleware\errorHandler.js
FN:2,(anonymous_0)
FNF:1
FNH:1
FNDA:14,(anonymous_0)
DA:2,6
DA:3,14
DA:4,14
LF:3
LH:3
BRDA:4,0,0,14
BRDA:4,0,1,13
BRDA:4,1,0,14
BRDA:4,1,1,1
BRF:4
BRH:4
end_of_record
TN:
SF:models\Review.js
FNF:0
FNH:0
DA:2,5
DA:4,5
DA:10,5
DA:17,5
DA:36,5
LF:5
LH:5
BRDA:36,0,0,5
BRDA:36,0,1,5
BRF:2
BRH:2
end_of_record
TN:
SF:models\Toilet.js
FNF:0
FNH:0
DA:2,5
DA:4,5
DA:9,5
DA:15,5
DA:35,5
LF:5
LH:5
BRDA:35,0,0,5
BRDA:35,0,1,5
BRF:2
BRH:2
end_of_record
TN:
SF:models\User.js
FNF:0
FNH:0
DA:2,5
DA:4,5
DA:18,5
LF:3
LH:3
BRDA:18,0,0,5
BRDA:18,0,1,5
BRF:2
BRH:2
end_of_record
TN:
SF:routes\admin.js
FN:7,adminOnly
FN:15,(anonymous_1)
FN:21,(anonymous_2)
FN:27,(anonymous_3)
FNF:4
FNH:4
FNDA:6,adminOnly
FNDA:1,(anonymous_1)
FNDA:1,(anonymous_2)
FNDA:1,(anonymous_3)
DA:1,5
DA:2,5
DA:3,5
DA:4,5
DA:8,6
DA:9,3
DA:11,3
DA:15,5
DA:16,1
DA:17,1
DA:21,5
DA:22,1
DA:23,1
DA:27,5
DA:28,1
DA:29,1
DA:32,5
LF:17
LH:17
BRDA:8,0,0,3
BRDA:8,0,1,3
BRDA:8,1,0,6
BRDA:8,1,1,6
BRF:4
BRH:4
end_of_record
TN:
SF:routes\auth.js
FNF:0
FNH:0
DA:2,5
DA:3,5
DA:4,5
DA:6,5
DA:7,5
DA:9,5
LF:6
LH:6
BRF:0
BRH:0
end_of_record
TN:
SF:routes\reviews.js
FNF:0
FNH:0
DA:2,5
DA:3,5
DA:4,5
DA:5,5
DA:7,5
DA:8,5
DA:9,5
DA:10,5
DA:11,5
DA:12,5
DA:15,5
LF:11
LH:11
BRF:0
BRH:0
end_of_record
TN:
SF:routes\search.js
FNF:0
FNH:0
DA:2,5
DA:3,5
DA:4,5
DA:6,5
DA:8,5
LF:5
LH:5
BRF:0
BRH:0
end_of_record
TN:
SF:routes\toilets.js
FNF:0
FNH:0
DA:2,5
DA:3,5
DA:4,5
DA:5,5
DA:7,5
DA:8,5
DA:9,5
DA:10,5
DA:11,5
DA:13,5
LF:10
LH:10
BRF:0
BRH:0
end_of_record
